[0.007s] Invoking command in '/home/tdp378/ros2_ws/build/jax_teleop': CMAKE_PREFIX_PATH=${CMAKE_PREFIX_PATH}:/opt/ros/jazzy DEBUGINFOD_URLS=https://debuginfod.ubuntu.com /usr/bin/cmake --build /home/tdp378/ros2_ws/build/jax_teleop -- -j16 -l16
[0.035s] Invoked command in '/home/tdp378/ros2_ws/build/jax_teleop' returned '0': CMAKE_PREFIX_PATH=${CMAKE_PREFIX_PATH}:/opt/ros/jazzy DEBUGINFOD_URLS=https://debuginfod.ubuntu.com /usr/bin/cmake --build /home/tdp378/ros2_ws/build/jax_teleop -- -j16 -l16
[0.035s] Invoking command in '/home/tdp378/ros2_ws/build/jax_teleop': CMAKE_PREFIX_PATH=${CMAKE_PREFIX_PATH}:/opt/ros/jazzy DEBUGINFOD_URLS=https://debuginfod.ubuntu.com /usr/bin/cmake --install /home/tdp378/ros2_ws/build/jax_teleop
[0.039s] -- Install configuration: ""
[0.040s] -- Execute custom install script
[0.040s] -- Up-to-date symlink: /home/tdp378/ros2_ws/install/jax_teleop/lib/jax_teleop/jax_keyboard_node.py
[0.040s] -- Up-to-date symlink: /home/tdp378/ros2_ws/install/jax_teleop/lib/jax_teleop/jax_velocity_smoother.py
[0.040s] -- Up-to-date symlink: /home/tdp378/ros2_ws/install/jax_teleop/share/jax_teleop/launch/jax_keyboard.launch.py
[0.040s] -- Up-to-date symlink: /home/tdp378/ros2_ws/install/jax_teleop/share/ament_index/resource_index/package_run_dependencies/jax_teleop
[0.040s] -- Up-to-date symlink: /home/tdp378/ros2_ws/install/jax_teleop/share/ament_index/resource_index/parent_prefix_path/jax_teleop
[0.040s] -- Up-to-date symlink: /home/tdp378/ros2_ws/install/jax_teleop/share/jax_teleop/environment/ament_prefix_path.sh
[0.041s] -- Up-to-date symlink: /home/tdp378/ros2_ws/install/jax_teleop/share/jax_teleop/environment/ament_prefix_path.dsv
[0.041s] -- Up-to-date symlink: /home/tdp378/ros2_ws/install/jax_teleop/share/jax_teleop/environment/path.sh
[0.041s] -- Up-to-date symlink: /home/tdp378/ros2_ws/install/jax_teleop/share/jax_teleop/environment/path.dsv
[0.041s] -- Up-to-date symlink: /home/tdp378/ros2_ws/install/jax_teleop/share/jax_teleop/local_setup.bash
[0.041s] -- Up-to-date symlink: /home/tdp378/ros2_ws/install/jax_teleop/share/jax_teleop/local_setup.sh
[0.041s] -- Up-to-date symlink: /home/tdp378/ros2_ws/install/jax_teleop/share/jax_teleop/local_setup.zsh
[0.041s] -- Up-to-date symlink: /home/tdp378/ros2_ws/install/jax_teleop/share/jax_teleop/local_setup.dsv
[0.041s] -- Symlinking: /home/tdp378/ros2_ws/install/jax_teleop/share/jax_teleop/package.dsv
[0.046s] -- Up-to-date symlink: /home/tdp378/ros2_ws/install/jax_teleop/share/ament_index/resource_index/packages/jax_teleop
[0.047s] -- Up-to-date symlink: /home/tdp378/ros2_ws/install/jax_teleop/share/jax_teleop/cmake/jax_teleopConfig.cmake
[0.047s] -- Up-to-date symlink: /home/tdp378/ros2_ws/install/jax_teleop/share/jax_teleop/cmake/jax_teleopConfig-version.cmake
[0.047s] -- Up-to-date symlink: /home/tdp378/ros2_ws/install/jax_teleop/share/jax_teleop/package.xml
[0.057s] Invoked command in '/home/tdp378/ros2_ws/build/jax_teleop' returned '0': CMAKE_PREFIX_PATH=${CMAKE_PREFIX_PATH}:/opt/ros/jazzy DEBUGINFOD_URLS=https://debuginfod.ubuntu.com /usr/bin/cmake --install /home/tdp378/ros2_ws/build/jax_teleop
