[0.007s] Invoking command in '/home/tdp378/ros2_ws/build/jax_teleop': CMAKE_PREFIX_PATH=${CMAKE_PREFIX_PATH}:/opt/ros/jazzy DEBUGINFOD_URLS=https://debuginfod.ubuntu.com /usr/bin/cmake /home/tdp378/ros2_ws/src/jax_teleop -DAMENT_CMAKE_SYMLINK_INSTALL=1 -DCMAKE_INSTALL_PREFIX=/home/tdp378/ros2_ws/install/jax_teleop
[0.041s] -- The C compiler identification is GNU 13.3.0
[0.074s] -- The CXX compiler identification is GNU 13.3.0
[0.083s] -- Detecting C compiler ABI info
[0.146s] -- Detecting C compiler ABI info - done
[0.152s] -- Check for working C compiler: /usr/bin/cc - skipped
[0.152s] -- Detecting C compile features
[0.152s] -- Detecting C compile features - done
[0.160s] -- Detecting CXX compiler ABI info
[0.229s] -- Detecting CXX compiler ABI info - done
[0.235s] -- Check for working CXX compiler: /usr/bin/c++ - skipped
[0.235s] -- Detecting CXX compile features
[0.235s] -- Detecting CXX compile features - done
[0.237s] -- Found ament_cmake: 2.5.5 (/opt/ros/jazzy/share/ament_cmake/cmake)
[0.335s] -- Found Python3: /usr/bin/python3 (found version "3.12.3") found components: Interpreter 
[0.381s] -- Override CMake install command with custom implementation using symlinks instead of copying resources
[0.467s] -- Configuring done (0.5s)
[0.469s] -- Generating done (0.0s)
[0.469s] -- Build files have been written to: /home/tdp378/ros2_ws/build/jax_teleop
[0.473s] Invoked command in '/home/tdp378/ros2_ws/build/jax_teleop' returned '0': CMAKE_PREFIX_PATH=${CMAKE_PREFIX_PATH}:/opt/ros/jazzy DEBUGINFOD_URLS=https://debuginfod.ubuntu.com /usr/bin/cmake /home/tdp378/ros2_ws/src/jax_teleop -DAMENT_CMAKE_SYMLINK_INSTALL=1 -DCMAKE_INSTALL_PREFIX=/home/tdp378/ros2_ws/install/jax_teleop
[0.473s] Invoking command in '/home/tdp378/ros2_ws/build/jax_teleop': CMAKE_PREFIX_PATH=${CMAKE_PREFIX_PATH}:/opt/ros/jazzy DEBUGINFOD_URLS=https://debuginfod.ubuntu.com /usr/bin/cmake --build /home/tdp378/ros2_ws/build/jax_teleop -- -j16 -l16
[0.496s] Invoked command in '/home/tdp378/ros2_ws/build/jax_teleop' returned '0': CMAKE_PREFIX_PATH=${CMAKE_PREFIX_PATH}:/opt/ros/jazzy DEBUGINFOD_URLS=https://debuginfod.ubuntu.com /usr/bin/cmake --build /home/tdp378/ros2_ws/build/jax_teleop -- -j16 -l16
[0.503s] Invoking command in '/home/tdp378/ros2_ws/build/jax_teleop': CMAKE_PREFIX_PATH=${CMAKE_PREFIX_PATH}:/opt/ros/jazzy DEBUGINFOD_URLS=https://debuginfod.ubuntu.com /usr/bin/cmake --install /home/tdp378/ros2_ws/build/jax_teleop
[0.509s] -- Install configuration: ""
[0.509s] -- Execute custom install script
[0.510s] -- Symlinking: /home/tdp378/ros2_ws/install/jax_teleop/lib/jax_teleop/jax_keyboard_node.py
[0.517s] -- Symlinking: /home/tdp378/ros2_ws/install/jax_teleop/share/jax_teleop/launch/jax_keyboard.launch.py
[0.523s] -- Symlinking: /home/tdp378/ros2_ws/install/jax_teleop/share/ament_index/resource_index/package_run_dependencies/jax_teleop
[0.529s] -- Symlinking: /home/tdp378/ros2_ws/install/jax_teleop/share/ament_index/resource_index/parent_prefix_path/jax_teleop
[0.535s] -- Symlinking: /home/tdp378/ros2_ws/install/jax_teleop/share/jax_teleop/environment/ament_prefix_path.sh
[0.540s] -- Symlinking: /home/tdp378/ros2_ws/install/jax_teleop/share/jax_teleop/environment/ament_prefix_path.dsv
[0.546s] -- Symlinking: /home/tdp378/ros2_ws/install/jax_teleop/share/jax_teleop/environment/path.sh
[0.551s] -- Symlinking: /home/tdp378/ros2_ws/install/jax_teleop/share/jax_teleop/environment/path.dsv
[0.556s] -- Symlinking: /home/tdp378/ros2_ws/install/jax_teleop/share/jax_teleop/local_setup.bash
[0.562s] -- Symlinking: /home/tdp378/ros2_ws/install/jax_teleop/share/jax_teleop/local_setup.sh
[0.567s] -- Symlinking: /home/tdp378/ros2_ws/install/jax_teleop/share/jax_teleop/local_setup.zsh
[0.572s] -- Symlinking: /home/tdp378/ros2_ws/install/jax_teleop/share/jax_teleop/local_setup.dsv
[0.577s] -- Symlinking: /home/tdp378/ros2_ws/install/jax_teleop/share/jax_teleop/package.dsv
[0.583s] -- Symlinking: /home/tdp378/ros2_ws/install/jax_teleop/share/ament_index/resource_index/packages/jax_teleop
[0.588s] -- Symlinking: /home/tdp378/ros2_ws/install/jax_teleop/share/jax_teleop/cmake/jax_teleopConfig.cmake
[0.593s] -- Symlinking: /home/tdp378/ros2_ws/install/jax_teleop/share/jax_teleop/cmake/jax_teleopConfig-version.cmake
[0.598s] -- Symlinking: /home/tdp378/ros2_ws/install/jax_teleop/share/jax_teleop/package.xml
[0.604s] Invoked command in '/home/tdp378/ros2_ws/build/jax_teleop' returned '0': CMAKE_PREFIX_PATH=${CMAKE_PREFIX_PATH}:/opt/ros/jazzy DEBUGINFOD_URLS=https://debuginfod.ubuntu.com /usr/bin/cmake --install /home/tdp378/ros2_ws/build/jax_teleop
