[0.060s] Invoking command in '/home/tdp378/ros2_ws/build/jax_behaviors': CMAKE_PREFIX_PATH=${CMAKE_PREFIX_PATH}:/opt/ros/jazzy DEBUGINFOD_URLS=https://debuginfod.ubuntu.com /usr/bin/cmake --build /home/tdp378/ros2_ws/build/jax_behaviors -- -j16 -l16
[0.125s] Invoked command in '/home/tdp378/ros2_ws/build/jax_behaviors' returned '0': CMAKE_PREFIX_PATH=${CMAKE_PREFIX_PATH}:/opt/ros/jazzy DEBUGINFOD_URLS=https://debuginfod.ubuntu.com /usr/bin/cmake --build /home/tdp378/ros2_ws/build/jax_behaviors -- -j16 -l16
[0.126s] Invoking command in '/home/tdp378/ros2_ws/build/jax_behaviors': CMAKE_PREFIX_PATH=${CMAKE_PREFIX_PATH}:/opt/ros/jazzy DEBUGINFOD_URLS=https://debuginfod.ubuntu.com /usr/bin/cmake --install /home/tdp378/ros2_ws/build/jax_behaviors
[0.133s] -- Install configuration: ""
[0.171s] -- Execute custom install script
[0.171s] -- Up-to-date symlink: /home/tdp378/ros2_ws/install/jax_behaviors/lib/jax_behaviors/jax_behavior_node.py
[0.171s] -- Up-to-date symlink: /home/tdp378/ros2_ws/install/jax_behaviors/lib/jax_behaviors/jax_mode_manager.py
[0.171s] -- Up-to-date symlink: /home/tdp378/ros2_ws/install/jax_behaviors/share/ament_index/resource_index/package_run_dependencies/jax_behaviors
[0.171s] -- Up-to-date symlink: /home/tdp378/ros2_ws/install/jax_behaviors/share/ament_index/resource_index/parent_prefix_path/jax_behaviors
[0.171s] -- Up-to-date symlink: /home/tdp378/ros2_ws/install/jax_behaviors/share/jax_behaviors/environment/ament_prefix_path.sh
[0.171s] -- Up-to-date symlink: /home/tdp378/ros2_ws/install/jax_behaviors/share/jax_behaviors/environment/ament_prefix_path.dsv
[0.171s] -- Up-to-date symlink: /home/tdp378/ros2_ws/install/jax_behaviors/share/jax_behaviors/environment/path.sh
[0.171s] -- Up-to-date symlink: /home/tdp378/ros2_ws/install/jax_behaviors/share/jax_behaviors/environment/path.dsv
[0.171s] -- Up-to-date symlink: /home/tdp378/ros2_ws/install/jax_behaviors/share/jax_behaviors/local_setup.bash
[0.171s] -- Up-to-date symlink: /home/tdp378/ros2_ws/install/jax_behaviors/share/jax_behaviors/local_setup.sh
[0.171s] -- Up-to-date symlink: /home/tdp378/ros2_ws/install/jax_behaviors/share/jax_behaviors/local_setup.zsh
[0.171s] -- Up-to-date symlink: /home/tdp378/ros2_ws/install/jax_behaviors/share/jax_behaviors/local_setup.dsv
[0.172s] -- Symlinking: /home/tdp378/ros2_ws/install/jax_behaviors/share/jax_behaviors/package.dsv
[0.178s] -- Up-to-date symlink: /home/tdp378/ros2_ws/install/jax_behaviors/share/ament_index/resource_index/packages/jax_behaviors
[0.178s] -- Up-to-date symlink: /home/tdp378/ros2_ws/install/jax_behaviors/share/jax_behaviors/cmake/jax_behaviorsConfig.cmake
[0.178s] -- Up-to-date symlink: /home/tdp378/ros2_ws/install/jax_behaviors/share/jax_behaviors/cmake/jax_behaviorsConfig-version.cmake
[0.178s] -- Up-to-date symlink: /home/tdp378/ros2_ws/install/jax_behaviors/share/jax_behaviors/package.xml
[0.179s] Invoked command in '/home/tdp378/ros2_ws/build/jax_behaviors' returned '0': CMAKE_PREFIX_PATH=${CMAKE_PREFIX_PATH}:/opt/ros/jazzy DEBUGINFOD_URLS=https://debuginfod.ubuntu.com /usr/bin/cmake --install /home/tdp378/ros2_ws/build/jax_behaviors
