[0.061s] DEBUG:colcon:Command line arguments: ['/usr/bin/colcon', 'build', '--symlink-install', '--packages-select', 'jax_teleop']
[0.061s] DEBUG:colcon:Parsed command line arguments: Namespace(log_base=None, log_level=None, verb_name='build', build_base='build', install_base='install', merge_install=False, symlink_install=True, test_result_base=None, continue_on_error=False, executor='parallel', parallel_workers=16, event_handlers=None, ignore_user_meta=False, metas=['./colcon.meta'], base_paths=['.'], packages_ignore=None, packages_ignore_regex=None, paths=None, packages_up_to=None, packages_up_to_regex=None, packages_above=None, packages_above_and_dependencies=None, packages_above_depth=None, packages_select_by_dep=None, packages_skip_by_dep=None, packages_skip_up_to=None, packages_select_build_failed=False, packages_skip_build_finished=False, packages_select_test_failures=False, packages_skip_test_passed=False, packages_select=['jax_teleop'], packages_skip=None, packages_select_regex=None, packages_skip_regex=None, packages_start=None, packages_end=None, cmake_args=None, cmake_target=None, cmake_target_skip_unavailable=False, cmake_clean_cache=False, cmake_clean_first=False, cmake_force_configure=False, ament_cmake_args=None, catkin_cmake_args=None, catkin_skip_building_tests=False, verb_parser=<colcon_defaults.argument_parser.defaults.DefaultArgumentsDecorator object at 0x754211feaa80>, verb_extension=<colcon_core.verb.build.BuildVerb object at 0x754211fea870>, main=<bound method BuildVerb.main of <colcon_core.verb.build.BuildVerb object at 0x754211fea870>>)
[0.084s] Level 1:colcon.colcon_core.package_discovery:discover_packages(colcon_meta) check parameters
[0.084s] Level 1:colcon.colcon_core.package_discovery:discover_packages(recursive) check parameters
[0.084s] Level 1:colcon.colcon_core.package_discovery:discover_packages(ignore) check parameters
[0.084s] Level 1:colcon.colcon_core.package_discovery:discover_packages(path) check parameters
[0.084s] Level 1:colcon.colcon_core.package_discovery:discover_packages(colcon_meta) discover
[0.084s] Level 1:colcon.colcon_core.package_discovery:discover_packages(recursive) discover
[0.084s] INFO:colcon.colcon_core.package_discovery:Crawling recursively for packages in '/home/tdp378/ros2_ws'
[0.084s] Level 1:colcon.colcon_core.package_identification:_identify(.) by extensions ['ignore', 'ignore_ament_install']
[0.084s] Level 1:colcon.colcon_core.package_identification:_identify(.) by extension 'ignore'
[0.084s] Level 1:colcon.colcon_core.package_identification:_identify(.) by extension 'ignore_ament_install'
[0.084s] Level 1:colcon.colcon_core.package_identification:_identify(.) by extensions ['colcon_pkg']
[0.084s] Level 1:colcon.colcon_core.package_identification:_identify(.) by extension 'colcon_pkg'
[0.085s] Level 1:colcon.colcon_core.package_identification:_identify(.) by extensions ['colcon_meta']
[0.085s] Level 1:colcon.colcon_core.package_identification:_identify(.) by extension 'colcon_meta'
[0.085s] Level 1:colcon.colcon_core.package_identification:_identify(.) by extensions ['ros']
[0.085s] Level 1:colcon.colcon_core.package_identification:_identify(.) by extension 'ros'
[0.100s] Level 1:colcon.colcon_core.package_identification:_identify(.) by extensions ['cmake', 'python']
[0.100s] Level 1:colcon.colcon_core.package_identification:_identify(.) by extension 'cmake'
[0.100s] Level 1:colcon.colcon_core.package_identification:_identify(.) by extension 'python'
[0.100s] Level 1:colcon.colcon_core.package_identification:_identify(.) by extensions ['python_setup_py']
[0.100s] Level 1:colcon.colcon_core.package_identification:_identify(.) by extension 'python_setup_py'
[0.100s] Level 1:colcon.colcon_core.package_identification:_identify(build) by extensions ['ignore', 'ignore_ament_install']
[0.100s] Level 1:colcon.colcon_core.package_identification:_identify(build) by extension 'ignore'
[0.100s] Level 1:colcon.colcon_core.package_identification:_identify(build) ignored
[0.100s] Level 1:colcon.colcon_core.package_identification:_identify(install) by extensions ['ignore', 'ignore_ament_install']
[0.100s] Level 1:colcon.colcon_core.package_identification:_identify(install) by extension 'ignore'
[0.100s] Level 1:colcon.colcon_core.package_identification:_identify(install) ignored
[0.100s] Level 1:colcon.colcon_core.package_identification:_identify(log) by extensions ['ignore', 'ignore_ament_install']
[0.101s] Level 1:colcon.colcon_core.package_identification:_identify(log) by extension 'ignore'
[0.101s] Level 1:colcon.colcon_core.package_identification:_identify(log) ignored
[0.101s] Level 1:colcon.colcon_core.package_identification:_identify(src) by extensions ['ignore', 'ignore_ament_install']
[0.101s] Level 1:colcon.colcon_core.package_identification:_identify(src) by extension 'ignore'
[0.101s] Level 1:colcon.colcon_core.package_identification:_identify(src) by extension 'ignore_ament_install'
[0.101s] Level 1:colcon.colcon_core.package_identification:_identify(src) by extensions ['colcon_pkg']
[0.101s] Level 1:colcon.colcon_core.package_identification:_identify(src) by extension 'colcon_pkg'
[0.101s] Level 1:colcon.colcon_core.package_identification:_identify(src) by extensions ['colcon_meta']
[0.101s] Level 1:colcon.colcon_core.package_identification:_identify(src) by extension 'colcon_meta'
[0.101s] Level 1:colcon.colcon_core.package_identification:_identify(src) by extensions ['ros']
[0.101s] Level 1:colcon.colcon_core.package_identification:_identify(src) by extension 'ros'
[0.101s] Level 1:colcon.colcon_core.package_identification:_identify(src) by extensions ['cmake', 'python']
[0.101s] Level 1:colcon.colcon_core.package_identification:_identify(src) by extension 'cmake'
[0.101s] Level 1:colcon.colcon_core.package_identification:_identify(src) by extension 'python'
[0.101s] Level 1:colcon.colcon_core.package_identification:_identify(src) by extensions ['python_setup_py']
[0.101s] Level 1:colcon.colcon_core.package_identification:_identify(src) by extension 'python_setup_py'
[0.101s] Level 1:colcon.colcon_core.package_identification:_identify(src/champ) by extensions ['ignore', 'ignore_ament_install']
[0.101s] Level 1:colcon.colcon_core.package_identification:_identify(src/champ) by extension 'ignore'
[0.101s] Level 1:colcon.colcon_core.package_identification:_identify(src/champ) by extension 'ignore_ament_install'
[0.101s] Level 1:colcon.colcon_core.package_identification:_identify(src/champ) by extensions ['colcon_pkg']
[0.101s] Level 1:colcon.colcon_core.package_identification:_identify(src/champ) by extension 'colcon_pkg'
[0.101s] Level 1:colcon.colcon_core.package_identification:_identify(src/champ) by extensions ['colcon_meta']
[0.101s] Level 1:colcon.colcon_core.package_identification:_identify(src/champ) by extension 'colcon_meta'
[0.101s] Level 1:colcon.colcon_core.package_identification:_identify(src/champ) by extensions ['ros']
[0.101s] Level 1:colcon.colcon_core.package_identification:_identify(src/champ) by extension 'ros'
[0.103s] DEBUG:colcon.colcon_core.package_identification:Package 'src/champ' with type 'ros.ament_cmake' and name 'champ'
[0.103s] Level 1:colcon.colcon_core.package_identification:_identify(src/champ_base) by extensions ['ignore', 'ignore_ament_install']
[0.103s] Level 1:colcon.colcon_core.package_identification:_identify(src/champ_base) by extension 'ignore'
[0.103s] Level 1:colcon.colcon_core.package_identification:_identify(src/champ_base) by extension 'ignore_ament_install'
[0.103s] Level 1:colcon.colcon_core.package_identification:_identify(src/champ_base) by extensions ['colcon_pkg']
[0.103s] Level 1:colcon.colcon_core.package_identification:_identify(src/champ_base) by extension 'colcon_pkg'
[0.103s] Level 1:colcon.colcon_core.package_identification:_identify(src/champ_base) by extensions ['colcon_meta']
[0.103s] Level 1:colcon.colcon_core.package_identification:_identify(src/champ_base) by extension 'colcon_meta'
[0.103s] Level 1:colcon.colcon_core.package_identification:_identify(src/champ_base) by extensions ['ros']
[0.103s] Level 1:colcon.colcon_core.package_identification:_identify(src/champ_base) by extension 'ros'
[0.104s] DEBUG:colcon.colcon_core.package_identification:Package 'src/champ_base' with type 'ros.ament_cmake' and name 'champ_base'
[0.104s] Level 1:colcon.colcon_core.package_identification:_identify(src/champ_msgs) by extensions ['ignore', 'ignore_ament_install']
[0.104s] Level 1:colcon.colcon_core.package_identification:_identify(src/champ_msgs) by extension 'ignore'
[0.104s] Level 1:colcon.colcon_core.package_identification:_identify(src/champ_msgs) by extension 'ignore_ament_install'
[0.104s] Level 1:colcon.colcon_core.package_identification:_identify(src/champ_msgs) by extensions ['colcon_pkg']
[0.104s] Level 1:colcon.colcon_core.package_identification:_identify(src/champ_msgs) by extension 'colcon_pkg'
[0.104s] Level 1:colcon.colcon_core.package_identification:_identify(src/champ_msgs) by extensions ['colcon_meta']
[0.104s] Level 1:colcon.colcon_core.package_identification:_identify(src/champ_msgs) by extension 'colcon_meta'
[0.104s] Level 1:colcon.colcon_core.package_identification:_identify(src/champ_msgs) by extensions ['ros']
[0.104s] Level 1:colcon.colcon_core.package_identification:_identify(src/champ_msgs) by extension 'ros'
[0.104s] DEBUG:colcon.colcon_core.package_identification:Package 'src/champ_msgs' with type 'ros.ament_cmake' and name 'champ_msgs'
[0.104s] Level 1:colcon.colcon_core.package_identification:_identify(src/jax_behaviors) by extensions ['ignore', 'ignore_ament_install']
[0.104s] Level 1:colcon.colcon_core.package_identification:_identify(src/jax_behaviors) by extension 'ignore'
[0.104s] Level 1:colcon.colcon_core.package_identification:_identify(src/jax_behaviors) by extension 'ignore_ament_install'
[0.104s] Level 1:colcon.colcon_core.package_identification:_identify(src/jax_behaviors) by extensions ['colcon_pkg']
[0.104s] Level 1:colcon.colcon_core.package_identification:_identify(src/jax_behaviors) by extension 'colcon_pkg'
[0.104s] Level 1:colcon.colcon_core.package_identification:_identify(src/jax_behaviors) by extensions ['colcon_meta']
[0.104s] Level 1:colcon.colcon_core.package_identification:_identify(src/jax_behaviors) by extension 'colcon_meta'
[0.104s] Level 1:colcon.colcon_core.package_identification:_identify(src/jax_behaviors) by extensions ['ros']
[0.104s] Level 1:colcon.colcon_core.package_identification:_identify(src/jax_behaviors) by extension 'ros'
[0.105s] DEBUG:colcon.colcon_core.package_identification:Package 'src/jax_behaviors' with type 'ros.ament_cmake' and name 'jax_behaviors'
[0.105s] Level 1:colcon.colcon_core.package_identification:_identify(src/jax_bringup) by extensions ['ignore', 'ignore_ament_install']
[0.105s] Level 1:colcon.colcon_core.package_identification:_identify(src/jax_bringup) by extension 'ignore'
[0.105s] Level 1:colcon.colcon_core.package_identification:_identify(src/jax_bringup) by extension 'ignore_ament_install'
[0.105s] Level 1:colcon.colcon_core.package_identification:_identify(src/jax_bringup) by extensions ['colcon_pkg']
[0.105s] Level 1:colcon.colcon_core.package_identification:_identify(src/jax_bringup) by extension 'colcon_pkg'
[0.105s] Level 1:colcon.colcon_core.package_identification:_identify(src/jax_bringup) by extensions ['colcon_meta']
[0.105s] Level 1:colcon.colcon_core.package_identification:_identify(src/jax_bringup) by extension 'colcon_meta'
[0.105s] Level 1:colcon.colcon_core.package_identification:_identify(src/jax_bringup) by extensions ['ros']
[0.105s] Level 1:colcon.colcon_core.package_identification:_identify(src/jax_bringup) by extension 'ros'
[0.106s] DEBUG:colcon.colcon_core.package_identification:Package 'src/jax_bringup' with type 'ros.ament_cmake' and name 'jax_bringup'
[0.106s] Level 1:colcon.colcon_core.package_identification:_identify(src/jax_description) by extensions ['ignore', 'ignore_ament_install']
[0.106s] Level 1:colcon.colcon_core.package_identification:_identify(src/jax_description) by extension 'ignore'
[0.106s] Level 1:colcon.colcon_core.package_identification:_identify(src/jax_description) by extension 'ignore_ament_install'
[0.106s] Level 1:colcon.colcon_core.package_identification:_identify(src/jax_description) by extensions ['colcon_pkg']
[0.106s] Level 1:colcon.colcon_core.package_identification:_identify(src/jax_description) by extension 'colcon_pkg'
[0.106s] Level 1:colcon.colcon_core.package_identification:_identify(src/jax_description) by extensions ['colcon_meta']
[0.106s] Level 1:colcon.colcon_core.package_identification:_identify(src/jax_description) by extension 'colcon_meta'
[0.106s] Level 1:colcon.colcon_core.package_identification:_identify(src/jax_description) by extensions ['ros']
[0.106s] Level 1:colcon.colcon_core.package_identification:_identify(src/jax_description) by extension 'ros'
[0.106s] DEBUG:colcon.colcon_core.package_identification:Package 'src/jax_description' with type 'ros.ament_cmake' and name 'jax_description'
[0.106s] Level 1:colcon.colcon_core.package_identification:_identify(src/jax_locomotion) by extensions ['ignore', 'ignore_ament_install']
[0.106s] Level 1:colcon.colcon_core.package_identification:_identify(src/jax_locomotion) by extension 'ignore'
[0.106s] Level 1:colcon.colcon_core.package_identification:_identify(src/jax_locomotion) by extension 'ignore_ament_install'
[0.106s] Level 1:colcon.colcon_core.package_identification:_identify(src/jax_locomotion) by extensions ['colcon_pkg']
[0.106s] Level 1:colcon.colcon_core.package_identification:_identify(src/jax_locomotion) by extension 'colcon_pkg'
[0.107s] Level 1:colcon.colcon_core.package_identification:_identify(src/jax_locomotion) by extensions ['colcon_meta']
[0.107s] Level 1:colcon.colcon_core.package_identification:_identify(src/jax_locomotion) by extension 'colcon_meta'
[0.107s] Level 1:colcon.colcon_core.package_identification:_identify(src/jax_locomotion) by extensions ['ros']
[0.107s] Level 1:colcon.colcon_core.package_identification:_identify(src/jax_locomotion) by extension 'ros'
[0.107s] DEBUG:colcon.colcon_core.package_identification:Package 'src/jax_locomotion' with type 'ros.ament_cmake' and name 'jax_locomotion'
[0.107s] Level 1:colcon.colcon_core.package_identification:_identify(src/jax_teleop) by extensions ['ignore', 'ignore_ament_install']
[0.107s] Level 1:colcon.colcon_core.package_identification:_identify(src/jax_teleop) by extension 'ignore'
[0.107s] Level 1:colcon.colcon_core.package_identification:_identify(src/jax_teleop) by extension 'ignore_ament_install'
[0.107s] Level 1:colcon.colcon_core.package_identification:_identify(src/jax_teleop) by extensions ['colcon_pkg']
[0.107s] Level 1:colcon.colcon_core.package_identification:_identify(src/jax_teleop) by extension 'colcon_pkg'
[0.107s] Level 1:colcon.colcon_core.package_identification:_identify(src/jax_teleop) by extensions ['colcon_meta']
[0.107s] Level 1:colcon.colcon_core.package_identification:_identify(src/jax_teleop) by extension 'colcon_meta'
[0.107s] Level 1:colcon.colcon_core.package_identification:_identify(src/jax_teleop) by extensions ['ros']
[0.107s] Level 1:colcon.colcon_core.package_identification:_identify(src/jax_teleop) by extension 'ros'
[0.107s] DEBUG:colcon.colcon_core.package_identification:Package 'src/jax_teleop' with type 'ros.ament_cmake' and name 'jax_teleop'
[0.107s] Level 1:colcon.colcon_core.package_discovery:discover_packages(recursive) using defaults
[0.107s] Level 1:colcon.colcon_core.package_discovery:discover_packages(ignore) discover
[0.107s] Level 1:colcon.colcon_core.package_discovery:discover_packages(ignore) using defaults
[0.107s] Level 1:colcon.colcon_core.package_discovery:discover_packages(path) discover
[0.107s] Level 1:colcon.colcon_core.package_discovery:discover_packages(path) using defaults
[0.119s] INFO:colcon.colcon_core.package_selection:Skipping not selected package 'champ' in 'src/champ'
[0.119s] INFO:colcon.colcon_core.package_selection:Skipping not selected package 'champ_msgs' in 'src/champ_msgs'
[0.119s] INFO:colcon.colcon_core.package_selection:Skipping not selected package 'jax_behaviors' in 'src/jax_behaviors'
[0.119s] INFO:colcon.colcon_core.package_selection:Skipping not selected package 'jax_description' in 'src/jax_description'
[0.119s] INFO:colcon.colcon_core.package_selection:Skipping not selected package 'champ_base' in 'src/champ_base'
[0.119s] INFO:colcon.colcon_core.package_selection:Skipping not selected package 'jax_locomotion' in 'src/jax_locomotion'
[0.119s] INFO:colcon.colcon_core.package_selection:Skipping not selected package 'jax_bringup' in 'src/jax_bringup'
[0.119s] Level 5:colcon.colcon_core.verb:set package 'jax_teleop' build argument 'cmake_args' from command line to 'None'
[0.119s] Level 5:colcon.colcon_core.verb:set package 'jax_teleop' build argument 'cmake_target' from command line to 'None'
[0.119s] Level 5:colcon.colcon_core.verb:set package 'jax_teleop' build argument 'cmake_target_skip_unavailable' from command line to 'False'
[0.119s] Level 5:colcon.colcon_core.verb:set package 'jax_teleop' build argument 'cmake_clean_cache' from command line to 'False'
[0.119s] Level 5:colcon.colcon_core.verb:set package 'jax_teleop' build argument 'cmake_clean_first' from command line to 'False'
[0.119s] Level 5:colcon.colcon_core.verb:set package 'jax_teleop' build argument 'cmake_force_configure' from command line to 'False'
[0.119s] Level 5:colcon.colcon_core.verb:set package 'jax_teleop' build argument 'ament_cmake_args' from command line to 'None'
[0.119s] Level 5:colcon.colcon_core.verb:set package 'jax_teleop' build argument 'catkin_cmake_args' from command line to 'None'
[0.119s] Level 5:colcon.colcon_core.verb:set package 'jax_teleop' build argument 'catkin_skip_building_tests' from command line to 'False'
[0.119s] DEBUG:colcon.colcon_core.verb:Building package 'jax_teleop' with the following arguments: {'ament_cmake_args': None, 'build_base': '/home/tdp378/ros2_ws/build/jax_teleop', 'catkin_cmake_args': None, 'catkin_skip_building_tests': False, 'cmake_args': None, 'cmake_clean_cache': False, 'cmake_clean_first': False, 'cmake_force_configure': False, 'cmake_target': None, 'cmake_target_skip_unavailable': False, 'install_base': '/home/tdp378/ros2_ws/install/jax_teleop', 'merge_install': False, 'path': '/home/tdp378/ros2_ws/src/jax_teleop', 'symlink_install': True, 'test_result_base': None}
[0.119s] INFO:colcon.colcon_core.executor:Executing jobs using 'parallel' executor
[0.120s] DEBUG:colcon.colcon_parallel_executor.executor.parallel:run_until_complete
[0.120s] INFO:colcon.colcon_ros.task.ament_cmake.build:Building ROS package in '/home/tdp378/ros2_ws/src/jax_teleop' with build type 'ament_cmake'
[0.120s] INFO:colcon.colcon_cmake.task.cmake.build:Building CMake package in '/home/tdp378/ros2_ws/src/jax_teleop'
[0.121s] INFO:colcon.colcon_core.plugin_system:Skipping extension 'colcon_core.shell.bat': Not used on non-Windows systems
[0.121s] DEBUG:colcon.colcon_core.shell:Skip shell extension 'dsv' for command environment
[0.127s] DEBUG:colcon.colcon_core.event_handler.log_command:Invoking command in '/home/tdp378/ros2_ws/build/jax_teleop': CMAKE_PREFIX_PATH=${CMAKE_PREFIX_PATH}:/opt/ros/jazzy DEBUGINFOD_URLS=https://debuginfod.ubuntu.com /usr/bin/cmake /home/tdp378/ros2_ws/src/jax_teleop -DAMENT_CMAKE_SYMLINK_INSTALL=1 -DCMAKE_INSTALL_PREFIX=/home/tdp378/ros2_ws/install/jax_teleop
[0.593s] DEBUG:colcon.colcon_core.event_handler.log_command:Invoked command in '/home/tdp378/ros2_ws/build/jax_teleop' returned '0': CMAKE_PREFIX_PATH=${CMAKE_PREFIX_PATH}:/opt/ros/jazzy DEBUGINFOD_URLS=https://debuginfod.ubuntu.com /usr/bin/cmake /home/tdp378/ros2_ws/src/jax_teleop -DAMENT_CMAKE_SYMLINK_INSTALL=1 -DCMAKE_INSTALL_PREFIX=/home/tdp378/ros2_ws/install/jax_teleop
[0.593s] DEBUG:colcon.colcon_core.event_handler.log_command:Invoking command in '/home/tdp378/ros2_ws/build/jax_teleop': CMAKE_PREFIX_PATH=${CMAKE_PREFIX_PATH}:/opt/ros/jazzy DEBUGINFOD_URLS=https://debuginfod.ubuntu.com /usr/bin/cmake --build /home/tdp378/ros2_ws/build/jax_teleop -- -j16 -l16
[0.616s] DEBUG:colcon.colcon_core.event_handler.log_command:Invoked command in '/home/tdp378/ros2_ws/build/jax_teleop' returned '0': CMAKE_PREFIX_PATH=${CMAKE_PREFIX_PATH}:/opt/ros/jazzy DEBUGINFOD_URLS=https://debuginfod.ubuntu.com /usr/bin/cmake --build /home/tdp378/ros2_ws/build/jax_teleop -- -j16 -l16
[0.623s] DEBUG:colcon.colcon_core.event_handler.log_command:Invoking command in '/home/tdp378/ros2_ws/build/jax_teleop': CMAKE_PREFIX_PATH=${CMAKE_PREFIX_PATH}:/opt/ros/jazzy DEBUGINFOD_URLS=https://debuginfod.ubuntu.com /usr/bin/cmake --install /home/tdp378/ros2_ws/build/jax_teleop
[0.724s] Level 1:colcon.colcon_core.environment:create_environment_scripts_only(jax_teleop)
[0.725s] DEBUG:colcon.colcon_core.event_handler.log_command:Invoked command in '/home/tdp378/ros2_ws/build/jax_teleop' returned '0': CMAKE_PREFIX_PATH=${CMAKE_PREFIX_PATH}:/opt/ros/jazzy DEBUGINFOD_URLS=https://debuginfod.ubuntu.com /usr/bin/cmake --install /home/tdp378/ros2_ws/build/jax_teleop
[0.726s] Level 1:colcon.colcon_core.environment:checking '/home/tdp378/ros2_ws/install/jax_teleop' for CMake module files
[0.727s] Level 1:colcon.colcon_core.environment:checking '/home/tdp378/ros2_ws/install/jax_teleop' for CMake config files
[0.727s] Level 1:colcon.colcon_core.shell:create_environment_hook('jax_teleop', 'cmake_prefix_path')
[0.727s] INFO:colcon.colcon_core.shell:Creating environment descriptor '/home/tdp378/ros2_ws/install/jax_teleop/share/jax_teleop/hook/cmake_prefix_path.dsv'
[0.727s] INFO:colcon.colcon_core.shell:Creating environment hook '/home/tdp378/ros2_ws/install/jax_teleop/share/jax_teleop/hook/cmake_prefix_path.sh'
[0.728s] Level 1:colcon.colcon_core.environment:checking '/home/tdp378/ros2_ws/install/jax_teleop/lib'
[0.728s] Level 1:colcon.colcon_core.environment:checking '/home/tdp378/ros2_ws/install/jax_teleop/bin'
[0.728s] Level 1:colcon.colcon_core.environment:checking '/home/tdp378/ros2_ws/install/jax_teleop/lib/pkgconfig/jax_teleop.pc'
[0.729s] Level 1:colcon.colcon_core.environment:checking '/home/tdp378/ros2_ws/install/jax_teleop/lib/python3.12/site-packages'
[0.729s] Level 1:colcon.colcon_core.environment:checking '/home/tdp378/ros2_ws/install/jax_teleop/bin'
[0.729s] INFO:colcon.colcon_core.shell:Creating package descriptor '/home/tdp378/ros2_ws/install/jax_teleop/share/jax_teleop/package.dsv'
[0.730s] INFO:colcon.colcon_core.shell:Creating package script '/home/tdp378/ros2_ws/install/jax_teleop/share/jax_teleop/package.sh'
[0.730s] INFO:colcon.colcon_core.shell:Creating package script '/home/tdp378/ros2_ws/install/jax_teleop/share/jax_teleop/package.bash'
[0.730s] INFO:colcon.colcon_core.shell:Creating package script '/home/tdp378/ros2_ws/install/jax_teleop/share/jax_teleop/package.zsh'
[0.731s] Level 1:colcon.colcon_core.environment:create_file_with_runtime_dependencies(/home/tdp378/ros2_ws/install/jax_teleop/share/colcon-core/packages/jax_teleop)
[0.731s] Level 1:colcon.colcon_core.environment:create_environment_scripts_only(jax_teleop)
[0.731s] Level 1:colcon.colcon_core.environment:checking '/home/tdp378/ros2_ws/install/jax_teleop' for CMake module files
[0.731s] Level 1:colcon.colcon_core.environment:checking '/home/tdp378/ros2_ws/install/jax_teleop' for CMake config files
[0.732s] Level 1:colcon.colcon_core.shell:create_environment_hook('jax_teleop', 'cmake_prefix_path')
[0.732s] INFO:colcon.colcon_core.shell:Creating environment descriptor '/home/tdp378/ros2_ws/install/jax_teleop/share/jax_teleop/hook/cmake_prefix_path.dsv'
[0.732s] INFO:colcon.colcon_core.shell:Creating environment hook '/home/tdp378/ros2_ws/install/jax_teleop/share/jax_teleop/hook/cmake_prefix_path.sh'
[0.732s] Level 1:colcon.colcon_core.environment:checking '/home/tdp378/ros2_ws/install/jax_teleop/lib'
[0.732s] Level 1:colcon.colcon_core.environment:checking '/home/tdp378/ros2_ws/install/jax_teleop/bin'
[0.732s] Level 1:colcon.colcon_core.environment:checking '/home/tdp378/ros2_ws/install/jax_teleop/lib/pkgconfig/jax_teleop.pc'
[0.732s] Level 1:colcon.colcon_core.environment:checking '/home/tdp378/ros2_ws/install/jax_teleop/lib/python3.12/site-packages'
[0.733s] Level 1:colcon.colcon_core.environment:checking '/home/tdp378/ros2_ws/install/jax_teleop/bin'
[0.733s] INFO:colcon.colcon_core.shell:Creating package descriptor '/home/tdp378/ros2_ws/install/jax_teleop/share/jax_teleop/package.dsv'
[0.733s] INFO:colcon.colcon_core.shell:Creating package script '/home/tdp378/ros2_ws/install/jax_teleop/share/jax_teleop/package.sh'
[0.733s] INFO:colcon.colcon_core.shell:Creating package script '/home/tdp378/ros2_ws/install/jax_teleop/share/jax_teleop/package.bash'
[0.733s] INFO:colcon.colcon_core.shell:Creating package script '/home/tdp378/ros2_ws/install/jax_teleop/share/jax_teleop/package.zsh'
[0.734s] Level 1:colcon.colcon_core.environment:create_file_with_runtime_dependencies(/home/tdp378/ros2_ws/install/jax_teleop/share/colcon-core/packages/jax_teleop)
[0.734s] DEBUG:colcon.colcon_parallel_executor.executor.parallel:closing loop
[0.734s] DEBUG:colcon.colcon_parallel_executor.executor.parallel:loop closed
[0.734s] DEBUG:colcon.colcon_parallel_executor.executor.parallel:run_until_complete finished with '0'
[0.734s] DEBUG:colcon.colcon_core.event_reactor:joining thread
[0.737s] INFO:colcon.colcon_core.plugin_system:Skipping extension 'colcon_notification.desktop_notification.terminal_notifier': Not used on non-Darwin systems
[0.737s] INFO:colcon.colcon_core.plugin_system:Skipping extension 'colcon_notification.desktop_notification.win32': Not used on non-Windows systems
[0.737s] INFO:colcon.colcon_notification.desktop_notification:Sending desktop notification using 'notify2'
[0.748s] DEBUG:colcon.colcon_core.event_reactor:joined thread
[0.748s] INFO:colcon.colcon_core.shell:Creating prefix script '/home/tdp378/ros2_ws/install/local_setup.sh'
[0.748s] INFO:colcon.colcon_core.shell:Creating prefix util module '/home/tdp378/ros2_ws/install/_local_setup_util_sh.py'
[0.749s] INFO:colcon.colcon_core.shell:Creating prefix chain script '/home/tdp378/ros2_ws/install/setup.sh'
[0.750s] INFO:colcon.colcon_core.shell:Creating prefix script '/home/tdp378/ros2_ws/install/local_setup.bash'
[0.750s] INFO:colcon.colcon_core.shell:Creating prefix chain script '/home/tdp378/ros2_ws/install/setup.bash'
[0.751s] INFO:colcon.colcon_core.shell:Creating prefix script '/home/tdp378/ros2_ws/install/local_setup.zsh'
[0.752s] INFO:colcon.colcon_core.shell:Creating prefix chain script '/home/tdp378/ros2_ws/install/setup.zsh'
