[0.008s] Invoking command in '/home/tdp378/ros2_ws/build/champ_base': CMAKE_PREFIX_PATH=/home/tdp378/ros2_ws/install/champ_msgs:/home/tdp378/ros2_ws/install/champ:/home/tdp378/ros2_ws/install/jax_behaviors:/home/tdp378/ros2_ws/install/jax_bringup:/home/tdp378/ros2_ws/install/jax_locomotion:/home/tdp378/ros2_ws/install/jax_description:/home/tdp378/ros2_ws/install/champ_base:/opt/ros/jazzy/opt/gz_sim_vendor:/opt/ros/jazzy/opt/gz_sensors_vendor:/opt/ros/jazzy/opt/gz_physics_vendor:/opt/ros/jazzy/opt/sdformat_vendor:/opt/ros/jazzy/opt/gz_gui_vendor:/opt/ros/jazzy/opt/gz_transport_vendor:/opt/ros/jazzy/opt/gz_rendering_vendor:/opt/ros/jazzy/opt/gz_plugin_vendor:/opt/ros/jazzy/opt/gz_fuel_tools_vendor:/opt/ros/jazzy/opt/gz_msgs_vendor:/opt/ros/jazzy/opt/gz_common_vendor:/opt/ros/jazzy/opt/gz_math_vendor:/opt/ros/jazzy/opt/gz_utils_vendor:/opt/ros/jazzy/opt/gz_tools_vendor:/opt/ros/jazzy/opt/gz_ogre_next_vendor:/opt/ros/jazzy/opt/gz_dartsim_vendor:/opt/ros/jazzy/opt/gz_cmake_vendor:/opt/ros/jazzy DEBUGINFOD_URLS=https://debuginfod.ubuntu.com LD_LIBRARY_PATH=/home/tdp378/ros2_ws/install/champ_msgs/lib:/home/tdp378/ros2_ws/install/champ_base/lib:/opt/ros/jazzy/opt/gz_sim_vendor/lib:/opt/ros/jazzy/opt/gz_sensors_vendor/lib:/opt/ros/jazzy/opt/gz_physics_vendor/lib:/opt/ros/jazzy/opt/sdformat_vendor/lib:/opt/ros/jazzy/opt/rviz_ogre_vendor/lib:/opt/ros/jazzy/lib/x86_64-linux-gnu:/opt/ros/jazzy/opt/gz_gui_vendor/lib:/opt/ros/jazzy/opt/gz_transport_vendor/lib:/opt/ros/jazzy/opt/gz_rendering_vendor/lib:/opt/ros/jazzy/opt/gz_plugin_vendor/lib:/opt/ros/jazzy/opt/gz_fuel_tools_vendor/lib:/opt/ros/jazzy/opt/gz_msgs_vendor/lib:/opt/ros/jazzy/opt/gz_common_vendor/lib:/opt/ros/jazzy/opt/gz_math_vendor/lib:/opt/ros/jazzy/opt/gz_utils_vendor/lib:/opt/ros/jazzy/opt/gz_tools_vendor/lib:/opt/ros/jazzy/opt/gz_ogre_next_vendor/lib:/opt/ros/jazzy/opt/gz_dartsim_vendor/lib:/opt/ros/jazzy/opt/gz_cmake_vendor/lib:/opt/ros/jazzy/lib:/usr/lib/mesa-diverted/x86_64-linux-gnu:/usr/lib/x86_64-linux-gnu/mesa:/usr/lib/x86_64-linux-gnu/dri:/usr/lib/x86_64-linux-gnu/gallium-pipe /usr/bin/cmake /home/tdp378/ros2_ws/src/champ_base -DAMENT_CMAKE_SYMLINK_INSTALL=1 -DCMAKE_INSTALL_PREFIX=/home/tdp378/ros2_ws/install/champ_base
[0.041s] -- The C compiler identification is GNU 13.3.0
[0.076s] -- The CXX compiler identification is GNU 13.3.0
[0.086s] -- Detecting C compiler ABI info
[0.171s] -- Detecting C compiler ABI info - done
[0.178s] -- Check for working C compiler: /usr/bin/cc - skipped
[0.178s] -- Detecting C compile features
[0.178s] -- Detecting C compile features - done
[0.187s] -- Detecting CXX compiler ABI info
[0.299s] -- Detecting CXX compiler ABI info - done
[0.305s] -- Check for working CXX compiler: /usr/bin/c++ - skipped
[0.305s] -- Detecting CXX compile features
[0.305s] -- Detecting CXX compile features - done
[0.308s] -- Found ament_cmake: 2.5.5 (/opt/ros/jazzy/share/ament_cmake/cmake)
[0.405s] -- Found Python3: /usr/bin/python3 (found version "3.12.3") found components: Interpreter 
[0.451s] -- Override CMake install command with custom implementation using symlinks instead of copying resources
[0.479s] -- Found rclcpp: 28.1.16 (/opt/ros/jazzy/share/rclcpp/cmake)
[0.510s] -- Found rosidl_generator_c: 4.6.7 (/opt/ros/jazzy/share/rosidl_generator_c/cmake)
[0.521s] -- Found rosidl_generator_cpp: 4.6.7 (/opt/ros/jazzy/share/rosidl_generator_cpp/cmake)
[0.534s] -- Using all available rosidl_typesupport_c: rosidl_typesupport_fastrtps_c;rosidl_typesupport_introspection_c
[0.547s] -- Using all available rosidl_typesupport_cpp: rosidl_typesupport_fastrtps_cpp;rosidl_typesupport_introspection_cpp
[0.602s] -- Found rmw_implementation_cmake: 7.3.3 (/opt/ros/jazzy/share/rmw_implementation_cmake/cmake)
[0.605s] -- Found rmw_fastrtps_cpp: 8.4.3 (/opt/ros/jazzy/share/rmw_fastrtps_cpp/cmake)
[0.657s] -- Found OpenSSL: /usr/lib/x86_64-linux-gnu/libcrypto.so (found version "3.0.13")  
[0.670s] -- Found FastRTPS: /opt/ros/jazzy/include (Required is at least version "2.13") 
[0.684s] -- Using RMW implementation 'rmw_fastrtps_cpp' as default
[0.737s] -- Found rclpy: 7.1.9 (/opt/ros/jazzy/share/rclpy/cmake)
[0.737s] -- Found champ_msgs: 0.1.0 (/home/tdp378/ros2_ws/install/champ_msgs/share/champ_msgs/cmake)
[0.772s] -- Found visualization_msgs: 5.3.6 (/opt/ros/jazzy/share/visualization_msgs/cmake)
[0.811s] -- Found trajectory_msgs: 5.3.6 (/opt/ros/jazzy/share/trajectory_msgs/cmake)
[0.826s] -- Found nav_msgs: 5.3.6 (/opt/ros/jazzy/share/nav_msgs/cmake)
[0.844s] -- Found tf2_ros: 0.36.19 (/opt/ros/jazzy/share/tf2_ros/cmake)
[0.938s] -- Found urdf: 2.10.0 (/opt/ros/jazzy/share/urdf/cmake)
[0.950s] -- Found champ: 0.1.0 (/home/tdp378/ros2_ws/install/champ/share/champ/cmake)
[1.028s] -- Configuring done (1.0s)
[1.056s] -- Generating done (0.0s)
[1.065s] -- Build files have been written to: /home/tdp378/ros2_ws/build/champ_base
[1.071s] Invoked command in '/home/tdp378/ros2_ws/build/champ_base' returned '0': CMAKE_PREFIX_PATH=/home/tdp378/ros2_ws/install/champ_msgs:/home/tdp378/ros2_ws/install/champ:/home/tdp378/ros2_ws/install/jax_behaviors:/home/tdp378/ros2_ws/install/jax_bringup:/home/tdp378/ros2_ws/install/jax_locomotion:/home/tdp378/ros2_ws/install/jax_description:/home/tdp378/ros2_ws/install/champ_base:/opt/ros/jazzy/opt/gz_sim_vendor:/opt/ros/jazzy/opt/gz_sensors_vendor:/opt/ros/jazzy/opt/gz_physics_vendor:/opt/ros/jazzy/opt/sdformat_vendor:/opt/ros/jazzy/opt/gz_gui_vendor:/opt/ros/jazzy/opt/gz_transport_vendor:/opt/ros/jazzy/opt/gz_rendering_vendor:/opt/ros/jazzy/opt/gz_plugin_vendor:/opt/ros/jazzy/opt/gz_fuel_tools_vendor:/opt/ros/jazzy/opt/gz_msgs_vendor:/opt/ros/jazzy/opt/gz_common_vendor:/opt/ros/jazzy/opt/gz_math_vendor:/opt/ros/jazzy/opt/gz_utils_vendor:/opt/ros/jazzy/opt/gz_tools_vendor:/opt/ros/jazzy/opt/gz_ogre_next_vendor:/opt/ros/jazzy/opt/gz_dartsim_vendor:/opt/ros/jazzy/opt/gz_cmake_vendor:/opt/ros/jazzy DEBUGINFOD_URLS=https://debuginfod.ubuntu.com LD_LIBRARY_PATH=/home/tdp378/ros2_ws/install/champ_msgs/lib:/home/tdp378/ros2_ws/install/champ_base/lib:/opt/ros/jazzy/opt/gz_sim_vendor/lib:/opt/ros/jazzy/opt/gz_sensors_vendor/lib:/opt/ros/jazzy/opt/gz_physics_vendor/lib:/opt/ros/jazzy/opt/sdformat_vendor/lib:/opt/ros/jazzy/opt/rviz_ogre_vendor/lib:/opt/ros/jazzy/lib/x86_64-linux-gnu:/opt/ros/jazzy/opt/gz_gui_vendor/lib:/opt/ros/jazzy/opt/gz_transport_vendor/lib:/opt/ros/jazzy/opt/gz_rendering_vendor/lib:/opt/ros/jazzy/opt/gz_plugin_vendor/lib:/opt/ros/jazzy/opt/gz_fuel_tools_vendor/lib:/opt/ros/jazzy/opt/gz_msgs_vendor/lib:/opt/ros/jazzy/opt/gz_common_vendor/lib:/opt/ros/jazzy/opt/gz_math_vendor/lib:/opt/ros/jazzy/opt/gz_utils_vendor/lib:/opt/ros/jazzy/opt/gz_tools_vendor/lib:/opt/ros/jazzy/opt/gz_ogre_next_vendor/lib:/opt/ros/jazzy/opt/gz_dartsim_vendor/lib:/opt/ros/jazzy/opt/gz_cmake_vendor/lib:/opt/ros/jazzy/lib:/usr/lib/mesa-diverted/x86_64-linux-gnu:/usr/lib/x86_64-linux-gnu/mesa:/usr/lib/x86_64-linux-gnu/dri:/usr/lib/x86_64-linux-gnu/gallium-pipe /usr/bin/cmake /home/tdp378/ros2_ws/src/champ_base -DAMENT_CMAKE_SYMLINK_INSTALL=1 -DCMAKE_INSTALL_PREFIX=/home/tdp378/ros2_ws/install/champ_base
[1.072s] Invoking command in '/home/tdp378/ros2_ws/build/champ_base': CMAKE_PREFIX_PATH=/home/tdp378/ros2_ws/install/champ_msgs:/home/tdp378/ros2_ws/install/champ:/home/tdp378/ros2_ws/install/jax_behaviors:/home/tdp378/ros2_ws/install/jax_bringup:/home/tdp378/ros2_ws/install/jax_locomotion:/home/tdp378/ros2_ws/install/jax_description:/home/tdp378/ros2_ws/install/champ_base:/opt/ros/jazzy/opt/gz_sim_vendor:/opt/ros/jazzy/opt/gz_sensors_vendor:/opt/ros/jazzy/opt/gz_physics_vendor:/opt/ros/jazzy/opt/sdformat_vendor:/opt/ros/jazzy/opt/gz_gui_vendor:/opt/ros/jazzy/opt/gz_transport_vendor:/opt/ros/jazzy/opt/gz_rendering_vendor:/opt/ros/jazzy/opt/gz_plugin_vendor:/opt/ros/jazzy/opt/gz_fuel_tools_vendor:/opt/ros/jazzy/opt/gz_msgs_vendor:/opt/ros/jazzy/opt/gz_common_vendor:/opt/ros/jazzy/opt/gz_math_vendor:/opt/ros/jazzy/opt/gz_utils_vendor:/opt/ros/jazzy/opt/gz_tools_vendor:/opt/ros/jazzy/opt/gz_ogre_next_vendor:/opt/ros/jazzy/opt/gz_dartsim_vendor:/opt/ros/jazzy/opt/gz_cmake_vendor:/opt/ros/jazzy DEBUGINFOD_URLS=https://debuginfod.ubuntu.com LD_LIBRARY_PATH=/home/tdp378/ros2_ws/install/champ_msgs/lib:/home/tdp378/ros2_ws/install/champ_base/lib:/opt/ros/jazzy/opt/gz_sim_vendor/lib:/opt/ros/jazzy/opt/gz_sensors_vendor/lib:/opt/ros/jazzy/opt/gz_physics_vendor/lib:/opt/ros/jazzy/opt/sdformat_vendor/lib:/opt/ros/jazzy/opt/rviz_ogre_vendor/lib:/opt/ros/jazzy/lib/x86_64-linux-gnu:/opt/ros/jazzy/opt/gz_gui_vendor/lib:/opt/ros/jazzy/opt/gz_transport_vendor/lib:/opt/ros/jazzy/opt/gz_rendering_vendor/lib:/opt/ros/jazzy/opt/gz_plugin_vendor/lib:/opt/ros/jazzy/opt/gz_fuel_tools_vendor/lib:/opt/ros/jazzy/opt/gz_msgs_vendor/lib:/opt/ros/jazzy/opt/gz_common_vendor/lib:/opt/ros/jazzy/opt/gz_math_vendor/lib:/opt/ros/jazzy/opt/gz_utils_vendor/lib:/opt/ros/jazzy/opt/gz_tools_vendor/lib:/opt/ros/jazzy/opt/gz_ogre_next_vendor/lib:/opt/ros/jazzy/opt/gz_dartsim_vendor/lib:/opt/ros/jazzy/opt/gz_cmake_vendor/lib:/opt/ros/jazzy/lib:/usr/lib/mesa-diverted/x86_64-linux-gnu:/usr/lib/x86_64-linux-gnu/mesa:/usr/lib/x86_64-linux-gnu/dri:/usr/lib/x86_64-linux-gnu/gallium-pipe /usr/bin/cmake --build /home/tdp378/ros2_ws/build/champ_base -- -j16 -l16
[1.106s] [ 16%] [32mBuilding CXX object CMakeFiles/message_relay.dir/src/message_relay.cpp.o[0m
[1.106s] [ 16%] [32mBuilding CXX object CMakeFiles/quadruped_controller.dir/src/quadruped_controller.cpp.o[0m
[1.106s] [ 25%] [32mBuilding CXX object CMakeFiles/state_estimation.dir/src/state_estimation.cpp.o[0m
[9.163s] [ 33%] [32m[1mLinking CXX shared library libquadruped_controller.so[0m
[9.475s] [ 33%] Built target quadruped_controller
[9.489s] [ 41%] [32mBuilding CXX object CMakeFiles/quadruped_controller_node.dir/src/quadruped_controller_node.cpp.o[0m
[11.556s] [ 50%] [32m[1mLinking CXX shared library libmessage_relay.so[0m
[11.610s] [ 58%] [32m[1mLinking CXX executable quadruped_controller_node[0m
[11.873s] [ 58%] Built target quadruped_controller_node
[11.958s] [ 58%] Built target message_relay
[11.971s] [ 66%] [32mBuilding CXX object CMakeFiles/message_relay_node.dir/src/message_relay_node.cpp.o[0m
[12.700s] [ 75%] [32m[1mLinking CXX shared library libstate_estimation.so[0m
[13.131s] [ 75%] Built target state_estimation
[13.145s] [ 83%] [32mBuilding CXX object CMakeFiles/state_estimation_node.dir/src/state_estimation_node.cpp.o[0m
[14.079s] [ 91%] [32m[1mLinking CXX executable message_relay_node[0m
[14.314s] [ 91%] Built target message_relay_node
[16.319s] [100%] [32m[1mLinking CXX executable state_estimation_node[0m
[16.570s] [100%] Built target state_estimation_node
[16.577s] Invoked command in '/home/tdp378/ros2_ws/build/champ_base' returned '0': CMAKE_PREFIX_PATH=/home/tdp378/ros2_ws/install/champ_msgs:/home/tdp378/ros2_ws/install/champ:/home/tdp378/ros2_ws/install/jax_behaviors:/home/tdp378/ros2_ws/install/jax_bringup:/home/tdp378/ros2_ws/install/jax_locomotion:/home/tdp378/ros2_ws/install/jax_description:/home/tdp378/ros2_ws/install/champ_base:/opt/ros/jazzy/opt/gz_sim_vendor:/opt/ros/jazzy/opt/gz_sensors_vendor:/opt/ros/jazzy/opt/gz_physics_vendor:/opt/ros/jazzy/opt/sdformat_vendor:/opt/ros/jazzy/opt/gz_gui_vendor:/opt/ros/jazzy/opt/gz_transport_vendor:/opt/ros/jazzy/opt/gz_rendering_vendor:/opt/ros/jazzy/opt/gz_plugin_vendor:/opt/ros/jazzy/opt/gz_fuel_tools_vendor:/opt/ros/jazzy/opt/gz_msgs_vendor:/opt/ros/jazzy/opt/gz_common_vendor:/opt/ros/jazzy/opt/gz_math_vendor:/opt/ros/jazzy/opt/gz_utils_vendor:/opt/ros/jazzy/opt/gz_tools_vendor:/opt/ros/jazzy/opt/gz_ogre_next_vendor:/opt/ros/jazzy/opt/gz_dartsim_vendor:/opt/ros/jazzy/opt/gz_cmake_vendor:/opt/ros/jazzy DEBUGINFOD_URLS=https://debuginfod.ubuntu.com LD_LIBRARY_PATH=/home/tdp378/ros2_ws/install/champ_msgs/lib:/home/tdp378/ros2_ws/install/champ_base/lib:/opt/ros/jazzy/opt/gz_sim_vendor/lib:/opt/ros/jazzy/opt/gz_sensors_vendor/lib:/opt/ros/jazzy/opt/gz_physics_vendor/lib:/opt/ros/jazzy/opt/sdformat_vendor/lib:/opt/ros/jazzy/opt/rviz_ogre_vendor/lib:/opt/ros/jazzy/lib/x86_64-linux-gnu:/opt/ros/jazzy/opt/gz_gui_vendor/lib:/opt/ros/jazzy/opt/gz_transport_vendor/lib:/opt/ros/jazzy/opt/gz_rendering_vendor/lib:/opt/ros/jazzy/opt/gz_plugin_vendor/lib:/opt/ros/jazzy/opt/gz_fuel_tools_vendor/lib:/opt/ros/jazzy/opt/gz_msgs_vendor/lib:/opt/ros/jazzy/opt/gz_common_vendor/lib:/opt/ros/jazzy/opt/gz_math_vendor/lib:/opt/ros/jazzy/opt/gz_utils_vendor/lib:/opt/ros/jazzy/opt/gz_tools_vendor/lib:/opt/ros/jazzy/opt/gz_ogre_next_vendor/lib:/opt/ros/jazzy/opt/gz_dartsim_vendor/lib:/opt/ros/jazzy/opt/gz_cmake_vendor/lib:/opt/ros/jazzy/lib:/usr/lib/mesa-diverted/x86_64-linux-gnu:/usr/lib/x86_64-linux-gnu/mesa:/usr/lib/x86_64-linux-gnu/dri:/usr/lib/x86_64-linux-gnu/gallium-pipe /usr/bin/cmake --build /home/tdp378/ros2_ws/build/champ_base -- -j16 -l16
[16.577s] Invoking command in '/home/tdp378/ros2_ws/build/champ_base': CMAKE_PREFIX_PATH=/home/tdp378/ros2_ws/install/champ_msgs:/home/tdp378/ros2_ws/install/champ:/home/tdp378/ros2_ws/install/jax_behaviors:/home/tdp378/ros2_ws/install/jax_bringup:/home/tdp378/ros2_ws/install/jax_locomotion:/home/tdp378/ros2_ws/install/jax_description:/home/tdp378/ros2_ws/install/champ_base:/opt/ros/jazzy/opt/gz_sim_vendor:/opt/ros/jazzy/opt/gz_sensors_vendor:/opt/ros/jazzy/opt/gz_physics_vendor:/opt/ros/jazzy/opt/sdformat_vendor:/opt/ros/jazzy/opt/gz_gui_vendor:/opt/ros/jazzy/opt/gz_transport_vendor:/opt/ros/jazzy/opt/gz_rendering_vendor:/opt/ros/jazzy/opt/gz_plugin_vendor:/opt/ros/jazzy/opt/gz_fuel_tools_vendor:/opt/ros/jazzy/opt/gz_msgs_vendor:/opt/ros/jazzy/opt/gz_common_vendor:/opt/ros/jazzy/opt/gz_math_vendor:/opt/ros/jazzy/opt/gz_utils_vendor:/opt/ros/jazzy/opt/gz_tools_vendor:/opt/ros/jazzy/opt/gz_ogre_next_vendor:/opt/ros/jazzy/opt/gz_dartsim_vendor:/opt/ros/jazzy/opt/gz_cmake_vendor:/opt/ros/jazzy DEBUGINFOD_URLS=https://debuginfod.ubuntu.com LD_LIBRARY_PATH=/home/tdp378/ros2_ws/install/champ_msgs/lib:/home/tdp378/ros2_ws/install/champ_base/lib:/opt/ros/jazzy/opt/gz_sim_vendor/lib:/opt/ros/jazzy/opt/gz_sensors_vendor/lib:/opt/ros/jazzy/opt/gz_physics_vendor/lib:/opt/ros/jazzy/opt/sdformat_vendor/lib:/opt/ros/jazzy/opt/rviz_ogre_vendor/lib:/opt/ros/jazzy/lib/x86_64-linux-gnu:/opt/ros/jazzy/opt/gz_gui_vendor/lib:/opt/ros/jazzy/opt/gz_transport_vendor/lib:/opt/ros/jazzy/opt/gz_rendering_vendor/lib:/opt/ros/jazzy/opt/gz_plugin_vendor/lib:/opt/ros/jazzy/opt/gz_fuel_tools_vendor/lib:/opt/ros/jazzy/opt/gz_msgs_vendor/lib:/opt/ros/jazzy/opt/gz_common_vendor/lib:/opt/ros/jazzy/opt/gz_math_vendor/lib:/opt/ros/jazzy/opt/gz_utils_vendor/lib:/opt/ros/jazzy/opt/gz_tools_vendor/lib:/opt/ros/jazzy/opt/gz_ogre_next_vendor/lib:/opt/ros/jazzy/opt/gz_dartsim_vendor/lib:/opt/ros/jazzy/opt/gz_cmake_vendor/lib:/opt/ros/jazzy/lib:/usr/lib/mesa-diverted/x86_64-linux-gnu:/usr/lib/x86_64-linux-gnu/mesa:/usr/lib/x86_64-linux-gnu/dri:/usr/lib/x86_64-linux-gnu/gallium-pipe /usr/bin/cmake --install /home/tdp378/ros2_ws/build/champ_base
[16.582s] -- Install configuration: ""
[16.582s] -- Execute custom install script
[16.583s] -- Symlinking: /home/tdp378/ros2_ws/install/champ_base/share/champ_base/config/ekf/base_to_footprint.yaml
[16.588s] -- Symlinking: /home/tdp378/ros2_ws/install/champ_base/share/champ_base/config/ekf/footprint_to_odom.yaml
[16.594s] -- Symlinking: /home/tdp378/ros2_ws/install/champ_base/share/champ_base/config/velocity_smoother/velocity_smoother.yaml
[16.599s] -- Symlinking: /home/tdp378/ros2_ws/install/champ_base/lib/libquadruped_controller.so
[16.604s] -- Symlinking: /home/tdp378/ros2_ws/install/champ_base/bin/quadruped_controller_node
[16.609s] -- Symlinking: /home/tdp378/ros2_ws/install/champ_base/lib/libmessage_relay.so
[16.614s] -- Symlinking: /home/tdp378/ros2_ws/install/champ_base/bin/message_relay_node
[16.620s] -- Symlinking: /home/tdp378/ros2_ws/install/champ_base/lib/libstate_estimation.so
[16.625s] -- Symlinking: /home/tdp378/ros2_ws/install/champ_base/bin/state_estimation_node
[16.630s] -- Symlinking: /home/tdp378/ros2_ws/install/champ_base/lib/champ_base/quadruped_controller_node
[16.636s] -- Symlinking: /home/tdp378/ros2_ws/install/champ_base/lib/champ_base/message_relay_node
[16.641s] -- Symlinking: /home/tdp378/ros2_ws/install/champ_base/lib/champ_base/state_estimation_node
[16.648s] -- Symlinking: /home/tdp378/ros2_ws/install/champ_base/share/ament_index/resource_index/package_run_dependencies/champ_base
[16.654s] -- Symlinking: /home/tdp378/ros2_ws/install/champ_base/share/ament_index/resource_index/parent_prefix_path/champ_base
[16.661s] -- Symlinking: /home/tdp378/ros2_ws/install/champ_base/share/champ_base/environment/ament_prefix_path.sh
[16.666s] -- Symlinking: /home/tdp378/ros2_ws/install/champ_base/share/champ_base/environment/ament_prefix_path.dsv
[16.672s] -- Symlinking: /home/tdp378/ros2_ws/install/champ_base/share/champ_base/environment/path.sh
[16.677s] -- Symlinking: /home/tdp378/ros2_ws/install/champ_base/share/champ_base/environment/path.dsv
[16.683s] -- Symlinking: /home/tdp378/ros2_ws/install/champ_base/share/champ_base/local_setup.bash
[16.689s] -- Symlinking: /home/tdp378/ros2_ws/install/champ_base/share/champ_base/local_setup.sh
[16.697s] -- Symlinking: /home/tdp378/ros2_ws/install/champ_base/share/champ_base/local_setup.zsh
[16.705s] -- Symlinking: /home/tdp378/ros2_ws/install/champ_base/share/champ_base/local_setup.dsv
[16.716s] -- Symlinking: /home/tdp378/ros2_ws/install/champ_base/share/champ_base/package.dsv
[16.722s] -- Symlinking: /home/tdp378/ros2_ws/install/champ_base/share/ament_index/resource_index/packages/champ_base
[16.727s] -- Symlinking: /home/tdp378/ros2_ws/install/champ_base/share/champ_base/cmake/ament_cmake_export_include_directories-extras.cmake
[16.732s] -- Symlinking: /home/tdp378/ros2_ws/install/champ_base/share/champ_base/cmake/ament_cmake_export_dependencies-extras.cmake
[16.737s] -- Symlinking: /home/tdp378/ros2_ws/install/champ_base/share/champ_base/cmake/champ_baseConfig.cmake
[16.743s] -- Symlinking: /home/tdp378/ros2_ws/install/champ_base/share/champ_base/cmake/champ_baseConfig-version.cmake
[16.749s] -- Symlinking: /home/tdp378/ros2_ws/install/champ_base/share/champ_base/package.xml
[16.756s] Invoked command in '/home/tdp378/ros2_ws/build/champ_base' returned '0': CMAKE_PREFIX_PATH=/home/tdp378/ros2_ws/install/champ_msgs:/home/tdp378/ros2_ws/install/champ:/home/tdp378/ros2_ws/install/jax_behaviors:/home/tdp378/ros2_ws/install/jax_bringup:/home/tdp378/ros2_ws/install/jax_locomotion:/home/tdp378/ros2_ws/install/jax_description:/home/tdp378/ros2_ws/install/champ_base:/opt/ros/jazzy/opt/gz_sim_vendor:/opt/ros/jazzy/opt/gz_sensors_vendor:/opt/ros/jazzy/opt/gz_physics_vendor:/opt/ros/jazzy/opt/sdformat_vendor:/opt/ros/jazzy/opt/gz_gui_vendor:/opt/ros/jazzy/opt/gz_transport_vendor:/opt/ros/jazzy/opt/gz_rendering_vendor:/opt/ros/jazzy/opt/gz_plugin_vendor:/opt/ros/jazzy/opt/gz_fuel_tools_vendor:/opt/ros/jazzy/opt/gz_msgs_vendor:/opt/ros/jazzy/opt/gz_common_vendor:/opt/ros/jazzy/opt/gz_math_vendor:/opt/ros/jazzy/opt/gz_utils_vendor:/opt/ros/jazzy/opt/gz_tools_vendor:/opt/ros/jazzy/opt/gz_ogre_next_vendor:/opt/ros/jazzy/opt/gz_dartsim_vendor:/opt/ros/jazzy/opt/gz_cmake_vendor:/opt/ros/jazzy DEBUGINFOD_URLS=https://debuginfod.ubuntu.com LD_LIBRARY_PATH=/home/tdp378/ros2_ws/install/champ_msgs/lib:/home/tdp378/ros2_ws/install/champ_base/lib:/opt/ros/jazzy/opt/gz_sim_vendor/lib:/opt/ros/jazzy/opt/gz_sensors_vendor/lib:/opt/ros/jazzy/opt/gz_physics_vendor/lib:/opt/ros/jazzy/opt/sdformat_vendor/lib:/opt/ros/jazzy/opt/rviz_ogre_vendor/lib:/opt/ros/jazzy/lib/x86_64-linux-gnu:/opt/ros/jazzy/opt/gz_gui_vendor/lib:/opt/ros/jazzy/opt/gz_transport_vendor/lib:/opt/ros/jazzy/opt/gz_rendering_vendor/lib:/opt/ros/jazzy/opt/gz_plugin_vendor/lib:/opt/ros/jazzy/opt/gz_fuel_tools_vendor/lib:/opt/ros/jazzy/opt/gz_msgs_vendor/lib:/opt/ros/jazzy/opt/gz_common_vendor/lib:/opt/ros/jazzy/opt/gz_math_vendor/lib:/opt/ros/jazzy/opt/gz_utils_vendor/lib:/opt/ros/jazzy/opt/gz_tools_vendor/lib:/opt/ros/jazzy/opt/gz_ogre_next_vendor/lib:/opt/ros/jazzy/opt/gz_dartsim_vendor/lib:/opt/ros/jazzy/opt/gz_cmake_vendor/lib:/opt/ros/jazzy/lib:/usr/lib/mesa-diverted/x86_64-linux-gnu:/usr/lib/x86_64-linux-gnu/mesa:/usr/lib/x86_64-linux-gnu/dri:/usr/lib/x86_64-linux-gnu/gallium-pipe /usr/bin/cmake --install /home/tdp378/ros2_ws/build/champ_base
