[0.058s] DEBUG:colcon:Command line arguments: ['/usr/bin/colcon', 'build', '--symlink-install']
[0.059s] DEBUG:colcon:Parsed command line arguments: Namespace(log_base=None, log_level=None, verb_name='build', build_base='build', install_base='install', merge_install=False, symlink_install=True, test_result_base=None, continue_on_error=False, executor='parallel', parallel_workers=16, event_handlers=None, ignore_user_meta=False, metas=['./colcon.meta'], base_paths=['.'], packages_ignore=None, packages_ignore_regex=None, paths=None, packages_up_to=None, packages_up_to_regex=None, packages_above=None, packages_above_and_dependencies=None, packages_above_depth=None, packages_select_by_dep=None, packages_skip_by_dep=None, packages_skip_up_to=None, packages_select_build_failed=False, packages_skip_build_finished=False, packages_select_test_failures=False, packages_skip_test_passed=False, packages_select=None, packages_skip=None, packages_select_regex=None, packages_skip_regex=None, packages_start=None, packages_end=None, cmake_args=None, cmake_target=None, cmake_target_skip_unavailable=False, cmake_clean_cache=False, cmake_clean_first=False, cmake_force_configure=False, ament_cmake_args=None, catkin_cmake_args=None, catkin_skip_building_tests=False, verb_parser=<colcon_defaults.argument_parser.defaults.DefaultArgumentsDecorator object at 0x7de87e1d2c30>, verb_extension=<colcon_core.verb.build.BuildVerb object at 0x7de87e1d1fd0>, main=<bound method BuildVerb.main of <colcon_core.verb.build.BuildVerb object at 0x7de87e1d1fd0>>)
[0.081s] Level 1:colcon.colcon_core.package_discovery:discover_packages(colcon_meta) check parameters
[0.081s] Level 1:colcon.colcon_core.package_discovery:discover_packages(recursive) check parameters
[0.081s] Level 1:colcon.colcon_core.package_discovery:discover_packages(ignore) check parameters
[0.081s] Level 1:colcon.colcon_core.package_discovery:discover_packages(path) check parameters
[0.081s] Level 1:colcon.colcon_core.package_discovery:discover_packages(colcon_meta) discover
[0.082s] Level 1:colcon.colcon_core.package_discovery:discover_packages(recursive) discover
[0.082s] INFO:colcon.colcon_core.package_discovery:Crawling recursively for packages in '/home/tdp378/ros2_ws'
[0.082s] Level 1:colcon.colcon_core.package_identification:_identify(.) by extensions ['ignore', 'ignore_ament_install']
[0.082s] Level 1:colcon.colcon_core.package_identification:_identify(.) by extension 'ignore'
[0.082s] Level 1:colcon.colcon_core.package_identification:_identify(.) by extension 'ignore_ament_install'
[0.082s] Level 1:colcon.colcon_core.package_identification:_identify(.) by extensions ['colcon_pkg']
[0.082s] Level 1:colcon.colcon_core.package_identification:_identify(.) by extension 'colcon_pkg'
[0.082s] Level 1:colcon.colcon_core.package_identification:_identify(.) by extensions ['colcon_meta']
[0.082s] Level 1:colcon.colcon_core.package_identification:_identify(.) by extension 'colcon_meta'
[0.082s] Level 1:colcon.colcon_core.package_identification:_identify(.) by extensions ['ros']
[0.082s] Level 1:colcon.colcon_core.package_identification:_identify(.) by extension 'ros'
[0.097s] Level 1:colcon.colcon_core.package_identification:_identify(.) by extensions ['cmake', 'python']
[0.097s] Level 1:colcon.colcon_core.package_identification:_identify(.) by extension 'cmake'
[0.097s] Level 1:colcon.colcon_core.package_identification:_identify(.) by extension 'python'
[0.097s] Level 1:colcon.colcon_core.package_identification:_identify(.) by extensions ['python_setup_py']
[0.097s] Level 1:colcon.colcon_core.package_identification:_identify(.) by extension 'python_setup_py'
[0.098s] Level 1:colcon.colcon_core.package_identification:_identify(build) by extensions ['ignore', 'ignore_ament_install']
[0.098s] Level 1:colcon.colcon_core.package_identification:_identify(build) by extension 'ignore'
[0.098s] Level 1:colcon.colcon_core.package_identification:_identify(build) ignored
[0.098s] Level 1:colcon.colcon_core.package_identification:_identify(install) by extensions ['ignore', 'ignore_ament_install']
[0.098s] Level 1:colcon.colcon_core.package_identification:_identify(install) by extension 'ignore'
[0.098s] Level 1:colcon.colcon_core.package_identification:_identify(install) ignored
[0.098s] Level 1:colcon.colcon_core.package_identification:_identify(log) by extensions ['ignore', 'ignore_ament_install']
[0.098s] Level 1:colcon.colcon_core.package_identification:_identify(log) by extension 'ignore'
[0.098s] Level 1:colcon.colcon_core.package_identification:_identify(log) ignored
[0.098s] Level 1:colcon.colcon_core.package_identification:_identify(src) by extensions ['ignore', 'ignore_ament_install']
[0.098s] Level 1:colcon.colcon_core.package_identification:_identify(src) by extension 'ignore'
[0.098s] Level 1:colcon.colcon_core.package_identification:_identify(src) by extension 'ignore_ament_install'
[0.098s] Level 1:colcon.colcon_core.package_identification:_identify(src) by extensions ['colcon_pkg']
[0.098s] Level 1:colcon.colcon_core.package_identification:_identify(src) by extension 'colcon_pkg'
[0.098s] Level 1:colcon.colcon_core.package_identification:_identify(src) by extensions ['colcon_meta']
[0.098s] Level 1:colcon.colcon_core.package_identification:_identify(src) by extension 'colcon_meta'
[0.098s] Level 1:colcon.colcon_core.package_identification:_identify(src) by extensions ['ros']
[0.098s] Level 1:colcon.colcon_core.package_identification:_identify(src) by extension 'ros'
[0.098s] Level 1:colcon.colcon_core.package_identification:_identify(src) by extensions ['cmake', 'python']
[0.098s] Level 1:colcon.colcon_core.package_identification:_identify(src) by extension 'cmake'
[0.098s] Level 1:colcon.colcon_core.package_identification:_identify(src) by extension 'python'
[0.098s] Level 1:colcon.colcon_core.package_identification:_identify(src) by extensions ['python_setup_py']
[0.098s] Level 1:colcon.colcon_core.package_identification:_identify(src) by extension 'python_setup_py'
[0.098s] Level 1:colcon.colcon_core.package_identification:_identify(src/champ) by extensions ['ignore', 'ignore_ament_install']
[0.098s] Level 1:colcon.colcon_core.package_identification:_identify(src/champ) by extension 'ignore'
[0.098s] Level 1:colcon.colcon_core.package_identification:_identify(src/champ) by extension 'ignore_ament_install'
[0.098s] Level 1:colcon.colcon_core.package_identification:_identify(src/champ) by extensions ['colcon_pkg']
[0.099s] Level 1:colcon.colcon_core.package_identification:_identify(src/champ) by extension 'colcon_pkg'
[0.099s] Level 1:colcon.colcon_core.package_identification:_identify(src/champ) by extensions ['colcon_meta']
[0.099s] Level 1:colcon.colcon_core.package_identification:_identify(src/champ) by extension 'colcon_meta'
[0.099s] Level 1:colcon.colcon_core.package_identification:_identify(src/champ) by extensions ['ros']
[0.099s] Level 1:colcon.colcon_core.package_identification:_identify(src/champ) by extension 'ros'
[0.100s] DEBUG:colcon.colcon_core.package_identification:Package 'src/champ' with type 'ros.ament_cmake' and name 'champ'
[0.100s] Level 1:colcon.colcon_core.package_identification:_identify(src/champ_base) by extensions ['ignore', 'ignore_ament_install']
[0.100s] Level 1:colcon.colcon_core.package_identification:_identify(src/champ_base) by extension 'ignore'
[0.100s] Level 1:colcon.colcon_core.package_identification:_identify(src/champ_base) by extension 'ignore_ament_install'
[0.100s] Level 1:colcon.colcon_core.package_identification:_identify(src/champ_base) by extensions ['colcon_pkg']
[0.100s] Level 1:colcon.colcon_core.package_identification:_identify(src/champ_base) by extension 'colcon_pkg'
[0.100s] Level 1:colcon.colcon_core.package_identification:_identify(src/champ_base) by extensions ['colcon_meta']
[0.100s] Level 1:colcon.colcon_core.package_identification:_identify(src/champ_base) by extension 'colcon_meta'
[0.100s] Level 1:colcon.colcon_core.package_identification:_identify(src/champ_base) by extensions ['ros']
[0.100s] Level 1:colcon.colcon_core.package_identification:_identify(src/champ_base) by extension 'ros'
[0.101s] DEBUG:colcon.colcon_core.package_identification:Package 'src/champ_base' with type 'ros.ament_cmake' and name 'champ_base'
[0.101s] Level 1:colcon.colcon_core.package_identification:_identify(src/champ_msgs) by extensions ['ignore', 'ignore_ament_install']
[0.101s] Level 1:colcon.colcon_core.package_identification:_identify(src/champ_msgs) by extension 'ignore'
[0.101s] Level 1:colcon.colcon_core.package_identification:_identify(src/champ_msgs) by extension 'ignore_ament_install'
[0.101s] Level 1:colcon.colcon_core.package_identification:_identify(src/champ_msgs) by extensions ['colcon_pkg']
[0.101s] Level 1:colcon.colcon_core.package_identification:_identify(src/champ_msgs) by extension 'colcon_pkg'
[0.101s] Level 1:colcon.colcon_core.package_identification:_identify(src/champ_msgs) by extensions ['colcon_meta']
[0.101s] Level 1:colcon.colcon_core.package_identification:_identify(src/champ_msgs) by extension 'colcon_meta'
[0.101s] Level 1:colcon.colcon_core.package_identification:_identify(src/champ_msgs) by extensions ['ros']
[0.101s] Level 1:colcon.colcon_core.package_identification:_identify(src/champ_msgs) by extension 'ros'
[0.102s] DEBUG:colcon.colcon_core.package_identification:Package 'src/champ_msgs' with type 'ros.ament_cmake' and name 'champ_msgs'
[0.102s] Level 1:colcon.colcon_core.package_identification:_identify(src/jax_behaviors) by extensions ['ignore', 'ignore_ament_install']
[0.102s] Level 1:colcon.colcon_core.package_identification:_identify(src/jax_behaviors) by extension 'ignore'
[0.102s] Level 1:colcon.colcon_core.package_identification:_identify(src/jax_behaviors) by extension 'ignore_ament_install'
[0.102s] Level 1:colcon.colcon_core.package_identification:_identify(src/jax_behaviors) by extensions ['colcon_pkg']
[0.102s] Level 1:colcon.colcon_core.package_identification:_identify(src/jax_behaviors) by extension 'colcon_pkg'
[0.102s] Level 1:colcon.colcon_core.package_identification:_identify(src/jax_behaviors) by extensions ['colcon_meta']
[0.102s] Level 1:colcon.colcon_core.package_identification:_identify(src/jax_behaviors) by extension 'colcon_meta'
[0.102s] Level 1:colcon.colcon_core.package_identification:_identify(src/jax_behaviors) by extensions ['ros']
[0.102s] Level 1:colcon.colcon_core.package_identification:_identify(src/jax_behaviors) by extension 'ros'
[0.102s] DEBUG:colcon.colcon_core.package_identification:Package 'src/jax_behaviors' with type 'ros.ament_cmake' and name 'jax_behaviors'
[0.103s] Level 1:colcon.colcon_core.package_identification:_identify(src/jax_bringup) by extensions ['ignore', 'ignore_ament_install']
[0.103s] Level 1:colcon.colcon_core.package_identification:_identify(src/jax_bringup) by extension 'ignore'
[0.103s] Level 1:colcon.colcon_core.package_identification:_identify(src/jax_bringup) by extension 'ignore_ament_install'
[0.103s] Level 1:colcon.colcon_core.package_identification:_identify(src/jax_bringup) by extensions ['colcon_pkg']
[0.103s] Level 1:colcon.colcon_core.package_identification:_identify(src/jax_bringup) by extension 'colcon_pkg'
[0.103s] Level 1:colcon.colcon_core.package_identification:_identify(src/jax_bringup) by extensions ['colcon_meta']
[0.103s] Level 1:colcon.colcon_core.package_identification:_identify(src/jax_bringup) by extension 'colcon_meta'
[0.103s] Level 1:colcon.colcon_core.package_identification:_identify(src/jax_bringup) by extensions ['ros']
[0.103s] Level 1:colcon.colcon_core.package_identification:_identify(src/jax_bringup) by extension 'ros'
[0.103s] DEBUG:colcon.colcon_core.package_identification:Package 'src/jax_bringup' with type 'ros.ament_cmake' and name 'jax_bringup'
[0.103s] Level 1:colcon.colcon_core.package_identification:_identify(src/jax_description) by extensions ['ignore', 'ignore_ament_install']
[0.103s] Level 1:colcon.colcon_core.package_identification:_identify(src/jax_description) by extension 'ignore'
[0.103s] Level 1:colcon.colcon_core.package_identification:_identify(src/jax_description) by extension 'ignore_ament_install'
[0.103s] Level 1:colcon.colcon_core.package_identification:_identify(src/jax_description) by extensions ['colcon_pkg']
[0.103s] Level 1:colcon.colcon_core.package_identification:_identify(src/jax_description) by extension 'colcon_pkg'
[0.103s] Level 1:colcon.colcon_core.package_identification:_identify(src/jax_description) by extensions ['colcon_meta']
[0.103s] Level 1:colcon.colcon_core.package_identification:_identify(src/jax_description) by extension 'colcon_meta'
[0.103s] Level 1:colcon.colcon_core.package_identification:_identify(src/jax_description) by extensions ['ros']
[0.103s] Level 1:colcon.colcon_core.package_identification:_identify(src/jax_description) by extension 'ros'
[0.104s] DEBUG:colcon.colcon_core.package_identification:Package 'src/jax_description' with type 'ros.ament_cmake' and name 'jax_description'
[0.104s] Level 1:colcon.colcon_core.package_identification:_identify(src/jax_locomotion) by extensions ['ignore', 'ignore_ament_install']
[0.104s] Level 1:colcon.colcon_core.package_identification:_identify(src/jax_locomotion) by extension 'ignore'
[0.104s] Level 1:colcon.colcon_core.package_identification:_identify(src/jax_locomotion) by extension 'ignore_ament_install'
[0.104s] Level 1:colcon.colcon_core.package_identification:_identify(src/jax_locomotion) by extensions ['colcon_pkg']
[0.104s] Level 1:colcon.colcon_core.package_identification:_identify(src/jax_locomotion) by extension 'colcon_pkg'
[0.104s] Level 1:colcon.colcon_core.package_identification:_identify(src/jax_locomotion) by extensions ['colcon_meta']
[0.104s] Level 1:colcon.colcon_core.package_identification:_identify(src/jax_locomotion) by extension 'colcon_meta'
[0.104s] Level 1:colcon.colcon_core.package_identification:_identify(src/jax_locomotion) by extensions ['ros']
[0.104s] Level 1:colcon.colcon_core.package_identification:_identify(src/jax_locomotion) by extension 'ros'
[0.104s] DEBUG:colcon.colcon_core.package_identification:Package 'src/jax_locomotion' with type 'ros.ament_cmake' and name 'jax_locomotion'
[0.104s] Level 1:colcon.colcon_core.package_identification:_identify(src/jax_teleop) by extensions ['ignore', 'ignore_ament_install']
[0.104s] Level 1:colcon.colcon_core.package_identification:_identify(src/jax_teleop) by extension 'ignore'
[0.104s] Level 1:colcon.colcon_core.package_identification:_identify(src/jax_teleop) by extension 'ignore_ament_install'
[0.104s] Level 1:colcon.colcon_core.package_identification:_identify(src/jax_teleop) by extensions ['colcon_pkg']
[0.104s] Level 1:colcon.colcon_core.package_identification:_identify(src/jax_teleop) by extension 'colcon_pkg'
[0.104s] Level 1:colcon.colcon_core.package_identification:_identify(src/jax_teleop) by extensions ['colcon_meta']
[0.104s] Level 1:colcon.colcon_core.package_identification:_identify(src/jax_teleop) by extension 'colcon_meta'
[0.104s] Level 1:colcon.colcon_core.package_identification:_identify(src/jax_teleop) by extensions ['ros']
[0.104s] Level 1:colcon.colcon_core.package_identification:_identify(src/jax_teleop) by extension 'ros'
[0.105s] DEBUG:colcon.colcon_core.package_identification:Package 'src/jax_teleop' with type 'ros.ament_cmake' and name 'jax_teleop'
[0.105s] Level 1:colcon.colcon_core.package_discovery:discover_packages(recursive) using defaults
[0.105s] Level 1:colcon.colcon_core.package_discovery:discover_packages(ignore) discover
[0.105s] Level 1:colcon.colcon_core.package_discovery:discover_packages(ignore) using defaults
[0.105s] Level 1:colcon.colcon_core.package_discovery:discover_packages(path) discover
[0.105s] Level 1:colcon.colcon_core.package_discovery:discover_packages(path) using defaults
[0.116s] Level 5:colcon.colcon_core.verb:set package 'champ' build argument 'cmake_args' from command line to 'None'
[0.116s] Level 5:colcon.colcon_core.verb:set package 'champ' build argument 'cmake_target' from command line to 'None'
[0.116s] Level 5:colcon.colcon_core.verb:set package 'champ' build argument 'cmake_target_skip_unavailable' from command line to 'False'
[0.116s] Level 5:colcon.colcon_core.verb:set package 'champ' build argument 'cmake_clean_cache' from command line to 'False'
[0.116s] Level 5:colcon.colcon_core.verb:set package 'champ' build argument 'cmake_clean_first' from command line to 'False'
[0.116s] Level 5:colcon.colcon_core.verb:set package 'champ' build argument 'cmake_force_configure' from command line to 'False'
[0.116s] Level 5:colcon.colcon_core.verb:set package 'champ' build argument 'ament_cmake_args' from command line to 'None'
[0.116s] Level 5:colcon.colcon_core.verb:set package 'champ' build argument 'catkin_cmake_args' from command line to 'None'
[0.116s] Level 5:colcon.colcon_core.verb:set package 'champ' build argument 'catkin_skip_building_tests' from command line to 'False'
[0.116s] DEBUG:colcon.colcon_core.verb:Building package 'champ' with the following arguments: {'ament_cmake_args': None, 'build_base': '/home/tdp378/ros2_ws/build/champ', 'catkin_cmake_args': None, 'catkin_skip_building_tests': False, 'cmake_args': None, 'cmake_clean_cache': False, 'cmake_clean_first': False, 'cmake_force_configure': False, 'cmake_target': None, 'cmake_target_skip_unavailable': False, 'install_base': '/home/tdp378/ros2_ws/install/champ', 'merge_install': False, 'path': '/home/tdp378/ros2_ws/src/champ', 'symlink_install': True, 'test_result_base': None}
[0.116s] Level 5:colcon.colcon_core.verb:set package 'champ_msgs' build argument 'cmake_args' from command line to 'None'
[0.116s] Level 5:colcon.colcon_core.verb:set package 'champ_msgs' build argument 'cmake_target' from command line to 'None'
[0.116s] Level 5:colcon.colcon_core.verb:set package 'champ_msgs' build argument 'cmake_target_skip_unavailable' from command line to 'False'
[0.116s] Level 5:colcon.colcon_core.verb:set package 'champ_msgs' build argument 'cmake_clean_cache' from command line to 'False'
[0.116s] Level 5:colcon.colcon_core.verb:set package 'champ_msgs' build argument 'cmake_clean_first' from command line to 'False'
[0.116s] Level 5:colcon.colcon_core.verb:set package 'champ_msgs' build argument 'cmake_force_configure' from command line to 'False'
[0.116s] Level 5:colcon.colcon_core.verb:set package 'champ_msgs' build argument 'ament_cmake_args' from command line to 'None'
[0.116s] Level 5:colcon.colcon_core.verb:set package 'champ_msgs' build argument 'catkin_cmake_args' from command line to 'None'
[0.116s] Level 5:colcon.colcon_core.verb:set package 'champ_msgs' build argument 'catkin_skip_building_tests' from command line to 'False'
[0.116s] DEBUG:colcon.colcon_core.verb:Building package 'champ_msgs' with the following arguments: {'ament_cmake_args': None, 'build_base': '/home/tdp378/ros2_ws/build/champ_msgs', 'catkin_cmake_args': None, 'catkin_skip_building_tests': False, 'cmake_args': None, 'cmake_clean_cache': False, 'cmake_clean_first': False, 'cmake_force_configure': False, 'cmake_target': None, 'cmake_target_skip_unavailable': False, 'install_base': '/home/tdp378/ros2_ws/install/champ_msgs', 'merge_install': False, 'path': '/home/tdp378/ros2_ws/src/champ_msgs', 'symlink_install': True, 'test_result_base': None}
[0.116s] Level 5:colcon.colcon_core.verb:set package 'jax_behaviors' build argument 'cmake_args' from command line to 'None'
[0.116s] Level 5:colcon.colcon_core.verb:set package 'jax_behaviors' build argument 'cmake_target' from command line to 'None'
[0.116s] Level 5:colcon.colcon_core.verb:set package 'jax_behaviors' build argument 'cmake_target_skip_unavailable' from command line to 'False'
[0.116s] Level 5:colcon.colcon_core.verb:set package 'jax_behaviors' build argument 'cmake_clean_cache' from command line to 'False'
[0.116s] Level 5:colcon.colcon_core.verb:set package 'jax_behaviors' build argument 'cmake_clean_first' from command line to 'False'
[0.116s] Level 5:colcon.colcon_core.verb:set package 'jax_behaviors' build argument 'cmake_force_configure' from command line to 'False'
[0.116s] Level 5:colcon.colcon_core.verb:set package 'jax_behaviors' build argument 'ament_cmake_args' from command line to 'None'
[0.116s] Level 5:colcon.colcon_core.verb:set package 'jax_behaviors' build argument 'catkin_cmake_args' from command line to 'None'
[0.116s] Level 5:colcon.colcon_core.verb:set package 'jax_behaviors' build argument 'catkin_skip_building_tests' from command line to 'False'
[0.117s] DEBUG:colcon.colcon_core.verb:Building package 'jax_behaviors' with the following arguments: {'ament_cmake_args': None, 'build_base': '/home/tdp378/ros2_ws/build/jax_behaviors', 'catkin_cmake_args': None, 'catkin_skip_building_tests': False, 'cmake_args': None, 'cmake_clean_cache': False, 'cmake_clean_first': False, 'cmake_force_configure': False, 'cmake_target': None, 'cmake_target_skip_unavailable': False, 'install_base': '/home/tdp378/ros2_ws/install/jax_behaviors', 'merge_install': False, 'path': '/home/tdp378/ros2_ws/src/jax_behaviors', 'symlink_install': True, 'test_result_base': None}
[0.117s] Level 5:colcon.colcon_core.verb:set package 'jax_description' build argument 'cmake_args' from command line to 'None'
[0.117s] Level 5:colcon.colcon_core.verb:set package 'jax_description' build argument 'cmake_target' from command line to 'None'
[0.117s] Level 5:colcon.colcon_core.verb:set package 'jax_description' build argument 'cmake_target_skip_unavailable' from command line to 'False'
[0.117s] Level 5:colcon.colcon_core.verb:set package 'jax_description' build argument 'cmake_clean_cache' from command line to 'False'
[0.117s] Level 5:colcon.colcon_core.verb:set package 'jax_description' build argument 'cmake_clean_first' from command line to 'False'
[0.117s] Level 5:colcon.colcon_core.verb:set package 'jax_description' build argument 'cmake_force_configure' from command line to 'False'
[0.117s] Level 5:colcon.colcon_core.verb:set package 'jax_description' build argument 'ament_cmake_args' from command line to 'None'
[0.117s] Level 5:colcon.colcon_core.verb:set package 'jax_description' build argument 'catkin_cmake_args' from command line to 'None'
[0.117s] Level 5:colcon.colcon_core.verb:set package 'jax_description' build argument 'catkin_skip_building_tests' from command line to 'False'
[0.117s] DEBUG:colcon.colcon_core.verb:Building package 'jax_description' with the following arguments: {'ament_cmake_args': None, 'build_base': '/home/tdp378/ros2_ws/build/jax_description', 'catkin_cmake_args': None, 'catkin_skip_building_tests': False, 'cmake_args': None, 'cmake_clean_cache': False, 'cmake_clean_first': False, 'cmake_force_configure': False, 'cmake_target': None, 'cmake_target_skip_unavailable': False, 'install_base': '/home/tdp378/ros2_ws/install/jax_description', 'merge_install': False, 'path': '/home/tdp378/ros2_ws/src/jax_description', 'symlink_install': True, 'test_result_base': None}
[0.117s] Level 5:colcon.colcon_core.verb:set package 'jax_teleop' build argument 'cmake_args' from command line to 'None'
[0.117s] Level 5:colcon.colcon_core.verb:set package 'jax_teleop' build argument 'cmake_target' from command line to 'None'
[0.117s] Level 5:colcon.colcon_core.verb:set package 'jax_teleop' build argument 'cmake_target_skip_unavailable' from command line to 'False'
[0.117s] Level 5:colcon.colcon_core.verb:set package 'jax_teleop' build argument 'cmake_clean_cache' from command line to 'False'
[0.117s] Level 5:colcon.colcon_core.verb:set package 'jax_teleop' build argument 'cmake_clean_first' from command line to 'False'
[0.117s] Level 5:colcon.colcon_core.verb:set package 'jax_teleop' build argument 'cmake_force_configure' from command line to 'False'
[0.117s] Level 5:colcon.colcon_core.verb:set package 'jax_teleop' build argument 'ament_cmake_args' from command line to 'None'
[0.117s] Level 5:colcon.colcon_core.verb:set package 'jax_teleop' build argument 'catkin_cmake_args' from command line to 'None'
[0.117s] Level 5:colcon.colcon_core.verb:set package 'jax_teleop' build argument 'catkin_skip_building_tests' from command line to 'False'
[0.117s] DEBUG:colcon.colcon_core.verb:Building package 'jax_teleop' with the following arguments: {'ament_cmake_args': None, 'build_base': '/home/tdp378/ros2_ws/build/jax_teleop', 'catkin_cmake_args': None, 'catkin_skip_building_tests': False, 'cmake_args': None, 'cmake_clean_cache': False, 'cmake_clean_first': False, 'cmake_force_configure': False, 'cmake_target': None, 'cmake_target_skip_unavailable': False, 'install_base': '/home/tdp378/ros2_ws/install/jax_teleop', 'merge_install': False, 'path': '/home/tdp378/ros2_ws/src/jax_teleop', 'symlink_install': True, 'test_result_base': None}
[0.117s] Level 5:colcon.colcon_core.verb:set package 'champ_base' build argument 'cmake_args' from command line to 'None'
[0.117s] Level 5:colcon.colcon_core.verb:set package 'champ_base' build argument 'cmake_target' from command line to 'None'
[0.117s] Level 5:colcon.colcon_core.verb:set package 'champ_base' build argument 'cmake_target_skip_unavailable' from command line to 'False'
[0.117s] Level 5:colcon.colcon_core.verb:set package 'champ_base' build argument 'cmake_clean_cache' from command line to 'False'
[0.117s] Level 5:colcon.colcon_core.verb:set package 'champ_base' build argument 'cmake_clean_first' from command line to 'False'
[0.117s] Level 5:colcon.colcon_core.verb:set package 'champ_base' build argument 'cmake_force_configure' from command line to 'False'
[0.117s] Level 5:colcon.colcon_core.verb:set package 'champ_base' build argument 'ament_cmake_args' from command line to 'None'
[0.117s] Level 5:colcon.colcon_core.verb:set package 'champ_base' build argument 'catkin_cmake_args' from command line to 'None'
[0.117s] Level 5:colcon.colcon_core.verb:set package 'champ_base' build argument 'catkin_skip_building_tests' from command line to 'False'
[0.117s] DEBUG:colcon.colcon_core.verb:Building package 'champ_base' with the following arguments: {'ament_cmake_args': None, 'build_base': '/home/tdp378/ros2_ws/build/champ_base', 'catkin_cmake_args': None, 'catkin_skip_building_tests': False, 'cmake_args': None, 'cmake_clean_cache': False, 'cmake_clean_first': False, 'cmake_force_configure': False, 'cmake_target': None, 'cmake_target_skip_unavailable': False, 'install_base': '/home/tdp378/ros2_ws/install/champ_base', 'merge_install': False, 'path': '/home/tdp378/ros2_ws/src/champ_base', 'symlink_install': True, 'test_result_base': None}
[0.117s] Level 5:colcon.colcon_core.verb:set package 'jax_locomotion' build argument 'cmake_args' from command line to 'None'
[0.117s] Level 5:colcon.colcon_core.verb:set package 'jax_locomotion' build argument 'cmake_target' from command line to 'None'
[0.117s] Level 5:colcon.colcon_core.verb:set package 'jax_locomotion' build argument 'cmake_target_skip_unavailable' from command line to 'False'
[0.117s] Level 5:colcon.colcon_core.verb:set package 'jax_locomotion' build argument 'cmake_clean_cache' from command line to 'False'
[0.117s] Level 5:colcon.colcon_core.verb:set package 'jax_locomotion' build argument 'cmake_clean_first' from command line to 'False'
[0.117s] Level 5:colcon.colcon_core.verb:set package 'jax_locomotion' build argument 'cmake_force_configure' from command line to 'False'
[0.117s] Level 5:colcon.colcon_core.verb:set package 'jax_locomotion' build argument 'ament_cmake_args' from command line to 'None'
[0.118s] Level 5:colcon.colcon_core.verb:set package 'jax_locomotion' build argument 'catkin_cmake_args' from command line to 'None'
[0.118s] Level 5:colcon.colcon_core.verb:set package 'jax_locomotion' build argument 'catkin_skip_building_tests' from command line to 'False'
[0.118s] DEBUG:colcon.colcon_core.verb:Building package 'jax_locomotion' with the following arguments: {'ament_cmake_args': None, 'build_base': '/home/tdp378/ros2_ws/build/jax_locomotion', 'catkin_cmake_args': None, 'catkin_skip_building_tests': False, 'cmake_args': None, 'cmake_clean_cache': False, 'cmake_clean_first': False, 'cmake_force_configure': False, 'cmake_target': None, 'cmake_target_skip_unavailable': False, 'install_base': '/home/tdp378/ros2_ws/install/jax_locomotion', 'merge_install': False, 'path': '/home/tdp378/ros2_ws/src/jax_locomotion', 'symlink_install': True, 'test_result_base': None}
[0.118s] Level 5:colcon.colcon_core.verb:set package 'jax_bringup' build argument 'cmake_args' from command line to 'None'
[0.118s] Level 5:colcon.colcon_core.verb:set package 'jax_bringup' build argument 'cmake_target' from command line to 'None'
[0.118s] Level 5:colcon.colcon_core.verb:set package 'jax_bringup' build argument 'cmake_target_skip_unavailable' from command line to 'False'
[0.118s] Level 5:colcon.colcon_core.verb:set package 'jax_bringup' build argument 'cmake_clean_cache' from command line to 'False'
[0.118s] Level 5:colcon.colcon_core.verb:set package 'jax_bringup' build argument 'cmake_clean_first' from command line to 'False'
[0.118s] Level 5:colcon.colcon_core.verb:set package 'jax_bringup' build argument 'cmake_force_configure' from command line to 'False'
[0.118s] Level 5:colcon.colcon_core.verb:set package 'jax_bringup' build argument 'ament_cmake_args' from command line to 'None'
[0.118s] Level 5:colcon.colcon_core.verb:set package 'jax_bringup' build argument 'catkin_cmake_args' from command line to 'None'
[0.118s] Level 5:colcon.colcon_core.verb:set package 'jax_bringup' build argument 'catkin_skip_building_tests' from command line to 'False'
[0.118s] DEBUG:colcon.colcon_core.verb:Building package 'jax_bringup' with the following arguments: {'ament_cmake_args': None, 'build_base': '/home/tdp378/ros2_ws/build/jax_bringup', 'catkin_cmake_args': None, 'catkin_skip_building_tests': False, 'cmake_args': None, 'cmake_clean_cache': False, 'cmake_clean_first': False, 'cmake_force_configure': False, 'cmake_target': None, 'cmake_target_skip_unavailable': False, 'install_base': '/home/tdp378/ros2_ws/install/jax_bringup', 'merge_install': False, 'path': '/home/tdp378/ros2_ws/src/jax_bringup', 'symlink_install': True, 'test_result_base': None}
[0.118s] INFO:colcon.colcon_core.executor:Executing jobs using 'parallel' executor
[0.118s] DEBUG:colcon.colcon_parallel_executor.executor.parallel:run_until_complete
[0.119s] INFO:colcon.colcon_ros.task.ament_cmake.build:Building ROS package in '/home/tdp378/ros2_ws/src/champ' with build type 'ament_cmake'
[0.119s] INFO:colcon.colcon_cmake.task.cmake.build:Building CMake package in '/home/tdp378/ros2_ws/src/champ'
[0.120s] INFO:colcon.colcon_core.plugin_system:Skipping extension 'colcon_core.shell.bat': Not used on non-Windows systems
[0.120s] DEBUG:colcon.colcon_core.shell:Skip shell extension 'dsv' for command environment
[0.123s] INFO:colcon.colcon_ros.task.ament_cmake.build:Building ROS package in '/home/tdp378/ros2_ws/src/champ_msgs' with build type 'ament_cmake'
[0.123s] INFO:colcon.colcon_cmake.task.cmake.build:Building CMake package in '/home/tdp378/ros2_ws/src/champ_msgs'
[0.123s] DEBUG:colcon.colcon_core.shell:Skip shell extension 'dsv' for command environment
[0.125s] INFO:colcon.colcon_ros.task.ament_cmake.build:Building ROS package in '/home/tdp378/ros2_ws/src/jax_description' with build type 'ament_cmake'
[0.125s] INFO:colcon.colcon_cmake.task.cmake.build:Building CMake package in '/home/tdp378/ros2_ws/src/jax_description'
[0.126s] DEBUG:colcon.colcon_core.shell:Skip shell extension 'dsv' for command environment
[0.128s] INFO:colcon.colcon_ros.task.ament_cmake.build:Building ROS package in '/home/tdp378/ros2_ws/src/jax_behaviors' with build type 'ament_cmake'
[0.128s] INFO:colcon.colcon_cmake.task.cmake.build:Building CMake package in '/home/tdp378/ros2_ws/src/jax_behaviors'
[0.128s] DEBUG:colcon.colcon_core.shell:Skip shell extension 'dsv' for command environment
[0.130s] INFO:colcon.colcon_ros.task.ament_cmake.build:Building ROS package in '/home/tdp378/ros2_ws/src/jax_teleop' with build type 'ament_cmake'
[0.130s] INFO:colcon.colcon_cmake.task.cmake.build:Building CMake package in '/home/tdp378/ros2_ws/src/jax_teleop'
[0.130s] DEBUG:colcon.colcon_core.shell:Skip shell extension 'dsv' for command environment
[0.165s] DEBUG:colcon.colcon_core.event_handler.log_command:Invoking command in '/home/tdp378/ros2_ws/build/champ': CMAKE_PREFIX_PATH=${CMAKE_PREFIX_PATH}:/opt/ros/jazzy DEBUGINFOD_URLS=https://debuginfod.ubuntu.com /usr/bin/cmake --build /home/tdp378/ros2_ws/build/champ -- -j16 -l16
[0.170s] DEBUG:colcon.colcon_core.event_handler.log_command:Invoking command in '/home/tdp378/ros2_ws/build/champ_msgs': CMAKE_PREFIX_PATH=${CMAKE_PREFIX_PATH}:/opt/ros/jazzy DEBUGINFOD_URLS=https://debuginfod.ubuntu.com /usr/bin/cmake --build /home/tdp378/ros2_ws/build/champ_msgs -- -j16 -l16
[0.177s] DEBUG:colcon.colcon_core.event_handler.log_command:Invoking command in '/home/tdp378/ros2_ws/build/jax_description': CMAKE_PREFIX_PATH=${CMAKE_PREFIX_PATH}:/opt/ros/jazzy DEBUGINFOD_URLS=https://debuginfod.ubuntu.com /usr/bin/cmake --build /home/tdp378/ros2_ws/build/jax_description -- -j16 -l16
[0.188s] DEBUG:colcon.colcon_core.event_handler.log_command:Invoking command in '/home/tdp378/ros2_ws/build/jax_behaviors': CMAKE_PREFIX_PATH=${CMAKE_PREFIX_PATH}:/opt/ros/jazzy DEBUGINFOD_URLS=https://debuginfod.ubuntu.com /usr/bin/cmake --build /home/tdp378/ros2_ws/build/jax_behaviors -- -j16 -l16
[0.190s] DEBUG:colcon.colcon_core.event_handler.log_command:Invoking command in '/home/tdp378/ros2_ws/build/jax_teleop': CMAKE_PREFIX_PATH=${CMAKE_PREFIX_PATH}:/opt/ros/jazzy DEBUGINFOD_URLS=https://debuginfod.ubuntu.com /usr/bin/cmake --build /home/tdp378/ros2_ws/build/jax_teleop -- -j16 -l16
[0.217s] DEBUG:colcon.colcon_core.event_handler.log_command:Invoked command in '/home/tdp378/ros2_ws/build/jax_teleop' returned '0': CMAKE_PREFIX_PATH=${CMAKE_PREFIX_PATH}:/opt/ros/jazzy DEBUGINFOD_URLS=https://debuginfod.ubuntu.com /usr/bin/cmake --build /home/tdp378/ros2_ws/build/jax_teleop -- -j16 -l16
[0.226s] DEBUG:colcon.colcon_core.event_handler.log_command:Invoking command in '/home/tdp378/ros2_ws/build/jax_teleop': CMAKE_PREFIX_PATH=${CMAKE_PREFIX_PATH}:/opt/ros/jazzy DEBUGINFOD_URLS=https://debuginfod.ubuntu.com /usr/bin/cmake --install /home/tdp378/ros2_ws/build/jax_teleop
[0.238s] Level 1:colcon.colcon_core.environment:create_environment_scripts_only(jax_teleop)
[0.239s] DEBUG:colcon.colcon_core.event_handler.log_command:Invoked command in '/home/tdp378/ros2_ws/build/jax_teleop' returned '0': CMAKE_PREFIX_PATH=${CMAKE_PREFIX_PATH}:/opt/ros/jazzy DEBUGINFOD_URLS=https://debuginfod.ubuntu.com /usr/bin/cmake --install /home/tdp378/ros2_ws/build/jax_teleop
[0.240s] Level 1:colcon.colcon_core.environment:checking '/home/tdp378/ros2_ws/install/jax_teleop' for CMake module files
[0.240s] Level 1:colcon.colcon_core.environment:checking '/home/tdp378/ros2_ws/install/jax_teleop' for CMake config files
[0.240s] Level 1:colcon.colcon_core.shell:create_environment_hook('jax_teleop', 'cmake_prefix_path')
[0.240s] INFO:colcon.colcon_core.shell:Creating environment descriptor '/home/tdp378/ros2_ws/install/jax_teleop/share/jax_teleop/hook/cmake_prefix_path.dsv'
[0.241s] INFO:colcon.colcon_core.shell:Creating environment hook '/home/tdp378/ros2_ws/install/jax_teleop/share/jax_teleop/hook/cmake_prefix_path.sh'
[0.241s] Level 1:colcon.colcon_core.environment:checking '/home/tdp378/ros2_ws/install/jax_teleop/lib'
[0.241s] Level 1:colcon.colcon_core.environment:checking '/home/tdp378/ros2_ws/install/jax_teleop/bin'
[0.241s] Level 1:colcon.colcon_core.environment:checking '/home/tdp378/ros2_ws/install/jax_teleop/lib/pkgconfig/jax_teleop.pc'
[0.243s] Level 1:colcon.colcon_core.environment:checking '/home/tdp378/ros2_ws/install/jax_teleop/lib/python3.12/site-packages'
[0.243s] Level 1:colcon.colcon_core.environment:checking '/home/tdp378/ros2_ws/install/jax_teleop/bin'
[0.243s] INFO:colcon.colcon_core.shell:Creating package descriptor '/home/tdp378/ros2_ws/install/jax_teleop/share/jax_teleop/package.dsv'
[0.243s] INFO:colcon.colcon_core.shell:Creating package script '/home/tdp378/ros2_ws/install/jax_teleop/share/jax_teleop/package.sh'
[0.244s] INFO:colcon.colcon_core.shell:Creating package script '/home/tdp378/ros2_ws/install/jax_teleop/share/jax_teleop/package.bash'
[0.244s] INFO:colcon.colcon_core.shell:Creating package script '/home/tdp378/ros2_ws/install/jax_teleop/share/jax_teleop/package.zsh'
[0.244s] Level 1:colcon.colcon_core.environment:create_file_with_runtime_dependencies(/home/tdp378/ros2_ws/install/jax_teleop/share/colcon-core/packages/jax_teleop)
[0.245s] Level 1:colcon.colcon_core.environment:create_environment_scripts_only(jax_teleop)
[0.245s] Level 1:colcon.colcon_core.environment:checking '/home/tdp378/ros2_ws/install/jax_teleop' for CMake module files
[0.245s] Level 1:colcon.colcon_core.environment:checking '/home/tdp378/ros2_ws/install/jax_teleop' for CMake config files
[0.245s] Level 1:colcon.colcon_core.shell:create_environment_hook('jax_teleop', 'cmake_prefix_path')
[0.245s] INFO:colcon.colcon_core.shell:Creating environment descriptor '/home/tdp378/ros2_ws/install/jax_teleop/share/jax_teleop/hook/cmake_prefix_path.dsv'
[0.245s] INFO:colcon.colcon_core.shell:Creating environment hook '/home/tdp378/ros2_ws/install/jax_teleop/share/jax_teleop/hook/cmake_prefix_path.sh'
[0.246s] Level 1:colcon.colcon_core.environment:checking '/home/tdp378/ros2_ws/install/jax_teleop/lib'
[0.246s] Level 1:colcon.colcon_core.environment:checking '/home/tdp378/ros2_ws/install/jax_teleop/bin'
[0.246s] Level 1:colcon.colcon_core.environment:checking '/home/tdp378/ros2_ws/install/jax_teleop/lib/pkgconfig/jax_teleop.pc'
[0.246s] Level 1:colcon.colcon_core.environment:checking '/home/tdp378/ros2_ws/install/jax_teleop/lib/python3.12/site-packages'
[0.246s] Level 1:colcon.colcon_core.environment:checking '/home/tdp378/ros2_ws/install/jax_teleop/bin'
[0.246s] INFO:colcon.colcon_core.shell:Creating package descriptor '/home/tdp378/ros2_ws/install/jax_teleop/share/jax_teleop/package.dsv'
[0.247s] INFO:colcon.colcon_core.shell:Creating package script '/home/tdp378/ros2_ws/install/jax_teleop/share/jax_teleop/package.sh'
[0.251s] INFO:colcon.colcon_core.shell:Creating package script '/home/tdp378/ros2_ws/install/jax_teleop/share/jax_teleop/package.bash'
[0.251s] INFO:colcon.colcon_core.shell:Creating package script '/home/tdp378/ros2_ws/install/jax_teleop/share/jax_teleop/package.zsh'
[0.252s] Level 1:colcon.colcon_core.environment:create_file_with_runtime_dependencies(/home/tdp378/ros2_ws/install/jax_teleop/share/colcon-core/packages/jax_teleop)
[0.253s] DEBUG:colcon.colcon_core.event_handler.log_command:Invoked command in '/home/tdp378/ros2_ws/build/jax_behaviors' returned '0': CMAKE_PREFIX_PATH=${CMAKE_PREFIX_PATH}:/opt/ros/jazzy DEBUGINFOD_URLS=https://debuginfod.ubuntu.com /usr/bin/cmake --build /home/tdp378/ros2_ws/build/jax_behaviors -- -j16 -l16
[0.254s] DEBUG:colcon.colcon_core.event_handler.log_command:Invoking command in '/home/tdp378/ros2_ws/build/jax_behaviors': CMAKE_PREFIX_PATH=${CMAKE_PREFIX_PATH}:/opt/ros/jazzy DEBUGINFOD_URLS=https://debuginfod.ubuntu.com /usr/bin/cmake --install /home/tdp378/ros2_ws/build/jax_behaviors
[0.254s] DEBUG:colcon.colcon_core.event_handler.log_command:Invoked command in '/home/tdp378/ros2_ws/build/jax_description' returned '0': CMAKE_PREFIX_PATH=${CMAKE_PREFIX_PATH}:/opt/ros/jazzy DEBUGINFOD_URLS=https://debuginfod.ubuntu.com /usr/bin/cmake --build /home/tdp378/ros2_ws/build/jax_description -- -j16 -l16
[0.258s] DEBUG:colcon.colcon_core.event_handler.log_command:Invoking command in '/home/tdp378/ros2_ws/build/jax_description': CMAKE_PREFIX_PATH=${CMAKE_PREFIX_PATH}:/opt/ros/jazzy DEBUGINFOD_URLS=https://debuginfod.ubuntu.com /usr/bin/cmake --install /home/tdp378/ros2_ws/build/jax_description
[0.292s] Level 1:colcon.colcon_core.environment:create_environment_scripts_only(jax_description)
[0.293s] Level 1:colcon.colcon_core.environment:checking '/home/tdp378/ros2_ws/install/jax_description' for CMake module files
[0.293s] DEBUG:colcon.colcon_core.event_handler.log_command:Invoked command in '/home/tdp378/ros2_ws/build/jax_description' returned '0': CMAKE_PREFIX_PATH=${CMAKE_PREFIX_PATH}:/opt/ros/jazzy DEBUGINFOD_URLS=https://debuginfod.ubuntu.com /usr/bin/cmake --install /home/tdp378/ros2_ws/build/jax_description
[0.293s] Level 1:colcon.colcon_core.environment:checking '/home/tdp378/ros2_ws/install/jax_description' for CMake config files
[0.293s] Level 1:colcon.colcon_core.shell:create_environment_hook('jax_description', 'cmake_prefix_path')
[0.293s] INFO:colcon.colcon_core.shell:Creating environment descriptor '/home/tdp378/ros2_ws/install/jax_description/share/jax_description/hook/cmake_prefix_path.dsv'
[0.294s] INFO:colcon.colcon_core.shell:Creating environment hook '/home/tdp378/ros2_ws/install/jax_description/share/jax_description/hook/cmake_prefix_path.sh'
[0.294s] Level 1:colcon.colcon_core.environment:checking '/home/tdp378/ros2_ws/install/jax_description/bin'
[0.294s] Level 1:colcon.colcon_core.environment:checking '/home/tdp378/ros2_ws/install/jax_description/lib/pkgconfig/jax_description.pc'
[0.294s] Level 1:colcon.colcon_core.environment:checking '/home/tdp378/ros2_ws/install/jax_description/lib/python3.12/site-packages'
[0.294s] Level 1:colcon.colcon_core.environment:checking '/home/tdp378/ros2_ws/install/jax_description/bin'
[0.295s] INFO:colcon.colcon_core.shell:Creating package descriptor '/home/tdp378/ros2_ws/install/jax_description/share/jax_description/package.dsv'
[0.295s] INFO:colcon.colcon_core.shell:Creating package script '/home/tdp378/ros2_ws/install/jax_description/share/jax_description/package.sh'
[0.295s] INFO:colcon.colcon_core.shell:Creating package script '/home/tdp378/ros2_ws/install/jax_description/share/jax_description/package.bash'
[0.295s] INFO:colcon.colcon_core.shell:Creating package script '/home/tdp378/ros2_ws/install/jax_description/share/jax_description/package.zsh'
[0.295s] Level 1:colcon.colcon_core.environment:create_file_with_runtime_dependencies(/home/tdp378/ros2_ws/install/jax_description/share/colcon-core/packages/jax_description)
[0.296s] Level 1:colcon.colcon_core.environment:create_environment_scripts_only(jax_description)
[0.296s] Level 1:colcon.colcon_core.environment:checking '/home/tdp378/ros2_ws/install/jax_description' for CMake module files
[0.296s] Level 1:colcon.colcon_core.environment:checking '/home/tdp378/ros2_ws/install/jax_description' for CMake config files
[0.296s] Level 1:colcon.colcon_core.shell:create_environment_hook('jax_description', 'cmake_prefix_path')
[0.296s] INFO:colcon.colcon_core.shell:Creating environment descriptor '/home/tdp378/ros2_ws/install/jax_description/share/jax_description/hook/cmake_prefix_path.dsv'
[0.298s] INFO:colcon.colcon_core.shell:Creating environment hook '/home/tdp378/ros2_ws/install/jax_description/share/jax_description/hook/cmake_prefix_path.sh'
[0.299s] Level 1:colcon.colcon_core.environment:checking '/home/tdp378/ros2_ws/install/jax_description/bin'
[0.300s] Level 1:colcon.colcon_core.environment:checking '/home/tdp378/ros2_ws/install/jax_description/lib/pkgconfig/jax_description.pc'
[0.300s] Level 1:colcon.colcon_core.environment:checking '/home/tdp378/ros2_ws/install/jax_description/lib/python3.12/site-packages'
[0.300s] Level 1:colcon.colcon_core.environment:checking '/home/tdp378/ros2_ws/install/jax_description/bin'
[0.300s] INFO:colcon.colcon_core.shell:Creating package descriptor '/home/tdp378/ros2_ws/install/jax_description/share/jax_description/package.dsv'
[0.300s] INFO:colcon.colcon_core.shell:Creating package script '/home/tdp378/ros2_ws/install/jax_description/share/jax_description/package.sh'
[0.301s] INFO:colcon.colcon_core.shell:Creating package script '/home/tdp378/ros2_ws/install/jax_description/share/jax_description/package.bash'
[0.301s] INFO:colcon.colcon_core.shell:Creating package script '/home/tdp378/ros2_ws/install/jax_description/share/jax_description/package.zsh'
[0.301s] Level 1:colcon.colcon_core.environment:create_file_with_runtime_dependencies(/home/tdp378/ros2_ws/install/jax_description/share/colcon-core/packages/jax_description)
[0.307s] Level 1:colcon.colcon_core.environment:create_environment_scripts_only(jax_behaviors)
[0.307s] Level 1:colcon.colcon_core.environment:checking '/home/tdp378/ros2_ws/install/jax_behaviors' for CMake module files
[0.307s] DEBUG:colcon.colcon_core.event_handler.log_command:Invoked command in '/home/tdp378/ros2_ws/build/jax_behaviors' returned '0': CMAKE_PREFIX_PATH=${CMAKE_PREFIX_PATH}:/opt/ros/jazzy DEBUGINFOD_URLS=https://debuginfod.ubuntu.com /usr/bin/cmake --install /home/tdp378/ros2_ws/build/jax_behaviors
[0.307s] Level 1:colcon.colcon_core.environment:checking '/home/tdp378/ros2_ws/install/jax_behaviors' for CMake config files
[0.307s] Level 1:colcon.colcon_core.shell:create_environment_hook('jax_behaviors', 'cmake_prefix_path')
[0.307s] INFO:colcon.colcon_core.shell:Creating environment descriptor '/home/tdp378/ros2_ws/install/jax_behaviors/share/jax_behaviors/hook/cmake_prefix_path.dsv'
[0.308s] INFO:colcon.colcon_core.shell:Creating environment hook '/home/tdp378/ros2_ws/install/jax_behaviors/share/jax_behaviors/hook/cmake_prefix_path.sh'
[0.308s] Level 1:colcon.colcon_core.environment:checking '/home/tdp378/ros2_ws/install/jax_behaviors/lib'
[0.308s] Level 1:colcon.colcon_core.environment:checking '/home/tdp378/ros2_ws/install/jax_behaviors/bin'
[0.308s] Level 1:colcon.colcon_core.environment:checking '/home/tdp378/ros2_ws/install/jax_behaviors/lib/pkgconfig/jax_behaviors.pc'
[0.308s] Level 1:colcon.colcon_core.environment:checking '/home/tdp378/ros2_ws/install/jax_behaviors/lib/python3.12/site-packages'
[0.308s] Level 1:colcon.colcon_core.environment:checking '/home/tdp378/ros2_ws/install/jax_behaviors/bin'
[0.309s] INFO:colcon.colcon_core.shell:Creating package descriptor '/home/tdp378/ros2_ws/install/jax_behaviors/share/jax_behaviors/package.dsv'
[0.309s] INFO:colcon.colcon_core.shell:Creating package script '/home/tdp378/ros2_ws/install/jax_behaviors/share/jax_behaviors/package.sh'
[0.309s] INFO:colcon.colcon_core.shell:Creating package script '/home/tdp378/ros2_ws/install/jax_behaviors/share/jax_behaviors/package.bash'
[0.309s] INFO:colcon.colcon_core.shell:Creating package script '/home/tdp378/ros2_ws/install/jax_behaviors/share/jax_behaviors/package.zsh'
[0.309s] Level 1:colcon.colcon_core.environment:create_file_with_runtime_dependencies(/home/tdp378/ros2_ws/install/jax_behaviors/share/colcon-core/packages/jax_behaviors)
[0.314s] Level 1:colcon.colcon_core.environment:create_environment_scripts_only(jax_behaviors)
[0.314s] Level 1:colcon.colcon_core.environment:checking '/home/tdp378/ros2_ws/install/jax_behaviors' for CMake module files
[0.315s] Level 1:colcon.colcon_core.environment:checking '/home/tdp378/ros2_ws/install/jax_behaviors' for CMake config files
[0.315s] Level 1:colcon.colcon_core.shell:create_environment_hook('jax_behaviors', 'cmake_prefix_path')
[0.315s] INFO:colcon.colcon_core.shell:Creating environment descriptor '/home/tdp378/ros2_ws/install/jax_behaviors/share/jax_behaviors/hook/cmake_prefix_path.dsv'
[0.315s] INFO:colcon.colcon_core.shell:Creating environment hook '/home/tdp378/ros2_ws/install/jax_behaviors/share/jax_behaviors/hook/cmake_prefix_path.sh'
[0.315s] Level 1:colcon.colcon_core.environment:checking '/home/tdp378/ros2_ws/install/jax_behaviors/lib'
[0.315s] Level 1:colcon.colcon_core.environment:checking '/home/tdp378/ros2_ws/install/jax_behaviors/bin'
[0.315s] Level 1:colcon.colcon_core.environment:checking '/home/tdp378/ros2_ws/install/jax_behaviors/lib/pkgconfig/jax_behaviors.pc'
[0.316s] Level 1:colcon.colcon_core.environment:checking '/home/tdp378/ros2_ws/install/jax_behaviors/lib/python3.12/site-packages'
[0.316s] Level 1:colcon.colcon_core.environment:checking '/home/tdp378/ros2_ws/install/jax_behaviors/bin'
[0.316s] INFO:colcon.colcon_core.shell:Creating package descriptor '/home/tdp378/ros2_ws/install/jax_behaviors/share/jax_behaviors/package.dsv'
[0.316s] INFO:colcon.colcon_core.shell:Creating package script '/home/tdp378/ros2_ws/install/jax_behaviors/share/jax_behaviors/package.sh'
[0.316s] INFO:colcon.colcon_core.shell:Creating package script '/home/tdp378/ros2_ws/install/jax_behaviors/share/jax_behaviors/package.bash'
[0.317s] INFO:colcon.colcon_core.shell:Creating package script '/home/tdp378/ros2_ws/install/jax_behaviors/share/jax_behaviors/package.zsh'
[0.317s] Level 1:colcon.colcon_core.environment:create_file_with_runtime_dependencies(/home/tdp378/ros2_ws/install/jax_behaviors/share/colcon-core/packages/jax_behaviors)
[0.368s] DEBUG:colcon.colcon_core.event_handler.log_command:Invoked command in '/home/tdp378/ros2_ws/build/champ' returned '0': CMAKE_PREFIX_PATH=${CMAKE_PREFIX_PATH}:/opt/ros/jazzy DEBUGINFOD_URLS=https://debuginfod.ubuntu.com /usr/bin/cmake --build /home/tdp378/ros2_ws/build/champ -- -j16 -l16
[0.369s] DEBUG:colcon.colcon_core.event_handler.log_command:Invoking command in '/home/tdp378/ros2_ws/build/champ': CMAKE_PREFIX_PATH=${CMAKE_PREFIX_PATH}:/opt/ros/jazzy DEBUGINFOD_URLS=https://debuginfod.ubuntu.com /usr/bin/cmake --install /home/tdp378/ros2_ws/build/champ
[0.397s] Level 1:colcon.colcon_core.environment:create_environment_scripts_only(champ)
[0.397s] Level 1:colcon.colcon_core.environment:checking '/home/tdp378/ros2_ws/install/champ' for CMake module files
[0.397s] DEBUG:colcon.colcon_core.event_handler.log_command:Invoked command in '/home/tdp378/ros2_ws/build/champ' returned '0': CMAKE_PREFIX_PATH=${CMAKE_PREFIX_PATH}:/opt/ros/jazzy DEBUGINFOD_URLS=https://debuginfod.ubuntu.com /usr/bin/cmake --install /home/tdp378/ros2_ws/build/champ
[0.398s] Level 1:colcon.colcon_core.environment:checking '/home/tdp378/ros2_ws/install/champ' for CMake config files
[0.398s] Level 1:colcon.colcon_core.shell:create_environment_hook('champ', 'cmake_prefix_path')
[0.398s] INFO:colcon.colcon_core.shell:Creating environment descriptor '/home/tdp378/ros2_ws/install/champ/share/champ/hook/cmake_prefix_path.dsv'
[0.398s] INFO:colcon.colcon_core.shell:Creating environment hook '/home/tdp378/ros2_ws/install/champ/share/champ/hook/cmake_prefix_path.sh'
[0.399s] Level 1:colcon.colcon_core.environment:checking '/home/tdp378/ros2_ws/install/champ/bin'
[0.399s] Level 1:colcon.colcon_core.environment:checking '/home/tdp378/ros2_ws/install/champ/lib/pkgconfig/champ.pc'
[0.399s] Level 1:colcon.colcon_core.environment:checking '/home/tdp378/ros2_ws/install/champ/lib/python3.12/site-packages'
[0.399s] Level 1:colcon.colcon_core.environment:checking '/home/tdp378/ros2_ws/install/champ/bin'
[0.399s] INFO:colcon.colcon_core.shell:Creating package descriptor '/home/tdp378/ros2_ws/install/champ/share/champ/package.dsv'
[0.400s] INFO:colcon.colcon_core.shell:Creating package script '/home/tdp378/ros2_ws/install/champ/share/champ/package.sh'
[0.400s] INFO:colcon.colcon_core.shell:Creating package script '/home/tdp378/ros2_ws/install/champ/share/champ/package.bash'
[0.400s] INFO:colcon.colcon_core.shell:Creating package script '/home/tdp378/ros2_ws/install/champ/share/champ/package.zsh'
[0.400s] Level 1:colcon.colcon_core.environment:create_file_with_runtime_dependencies(/home/tdp378/ros2_ws/install/champ/share/colcon-core/packages/champ)
[0.400s] Level 1:colcon.colcon_core.environment:create_environment_scripts_only(champ)
[0.400s] Level 1:colcon.colcon_core.environment:checking '/home/tdp378/ros2_ws/install/champ' for CMake module files
[0.401s] Level 1:colcon.colcon_core.environment:checking '/home/tdp378/ros2_ws/install/champ' for CMake config files
[0.401s] Level 1:colcon.colcon_core.shell:create_environment_hook('champ', 'cmake_prefix_path')
[0.401s] INFO:colcon.colcon_core.shell:Creating environment descriptor '/home/tdp378/ros2_ws/install/champ/share/champ/hook/cmake_prefix_path.dsv'
[0.410s] INFO:colcon.colcon_core.shell:Creating environment hook '/home/tdp378/ros2_ws/install/champ/share/champ/hook/cmake_prefix_path.sh'
[0.411s] Level 1:colcon.colcon_core.environment:checking '/home/tdp378/ros2_ws/install/champ/bin'
[0.411s] Level 1:colcon.colcon_core.environment:checking '/home/tdp378/ros2_ws/install/champ/lib/pkgconfig/champ.pc'
[0.411s] Level 1:colcon.colcon_core.environment:checking '/home/tdp378/ros2_ws/install/champ/lib/python3.12/site-packages'
[0.411s] Level 1:colcon.colcon_core.environment:checking '/home/tdp378/ros2_ws/install/champ/bin'
[0.411s] INFO:colcon.colcon_core.shell:Creating package descriptor '/home/tdp378/ros2_ws/install/champ/share/champ/package.dsv'
[0.411s] INFO:colcon.colcon_core.shell:Creating package script '/home/tdp378/ros2_ws/install/champ/share/champ/package.sh'
[0.412s] INFO:colcon.colcon_core.shell:Creating package script '/home/tdp378/ros2_ws/install/champ/share/champ/package.bash'
[0.412s] INFO:colcon.colcon_core.shell:Creating package script '/home/tdp378/ros2_ws/install/champ/share/champ/package.zsh'
[0.412s] Level 1:colcon.colcon_core.environment:create_file_with_runtime_dependencies(/home/tdp378/ros2_ws/install/champ/share/colcon-core/packages/champ)
[0.781s] DEBUG:colcon.colcon_core.event_handler.log_command:Invoked command in '/home/tdp378/ros2_ws/build/champ_msgs' returned '0': CMAKE_PREFIX_PATH=${CMAKE_PREFIX_PATH}:/opt/ros/jazzy DEBUGINFOD_URLS=https://debuginfod.ubuntu.com /usr/bin/cmake --build /home/tdp378/ros2_ws/build/champ_msgs -- -j16 -l16
[0.805s] DEBUG:colcon.colcon_core.event_handler.log_command:Invoking command in '/home/tdp378/ros2_ws/build/champ_msgs': CMAKE_PREFIX_PATH=${CMAKE_PREFIX_PATH}:/opt/ros/jazzy DEBUGINFOD_URLS=https://debuginfod.ubuntu.com /usr/bin/cmake --install /home/tdp378/ros2_ws/build/champ_msgs
[0.941s] Level 1:colcon.colcon_core.environment:create_environment_scripts_only(champ_msgs)
[0.941s] Level 1:colcon.colcon_core.environment:checking '/home/tdp378/ros2_ws/install/champ_msgs' for CMake module files
[0.941s] DEBUG:colcon.colcon_core.event_handler.log_command:Invoked command in '/home/tdp378/ros2_ws/build/champ_msgs' returned '0': CMAKE_PREFIX_PATH=${CMAKE_PREFIX_PATH}:/opt/ros/jazzy DEBUGINFOD_URLS=https://debuginfod.ubuntu.com /usr/bin/cmake --install /home/tdp378/ros2_ws/build/champ_msgs
[0.942s] Level 1:colcon.colcon_core.environment:checking '/home/tdp378/ros2_ws/install/champ_msgs' for CMake config files
[0.942s] Level 1:colcon.colcon_core.shell:create_environment_hook('champ_msgs', 'cmake_prefix_path')
[0.942s] INFO:colcon.colcon_core.shell:Creating environment descriptor '/home/tdp378/ros2_ws/install/champ_msgs/share/champ_msgs/hook/cmake_prefix_path.dsv'
[0.943s] INFO:colcon.colcon_core.shell:Creating environment hook '/home/tdp378/ros2_ws/install/champ_msgs/share/champ_msgs/hook/cmake_prefix_path.sh'
[0.943s] Level 1:colcon.colcon_core.environment:checking '/home/tdp378/ros2_ws/install/champ_msgs/lib'
[0.943s] Level 1:colcon.colcon_core.shell:create_environment_hook('champ_msgs', 'ld_library_path_lib')
[0.943s] INFO:colcon.colcon_core.shell:Creating environment descriptor '/home/tdp378/ros2_ws/install/champ_msgs/share/champ_msgs/hook/ld_library_path_lib.dsv'
[0.944s] INFO:colcon.colcon_core.shell:Creating environment hook '/home/tdp378/ros2_ws/install/champ_msgs/share/champ_msgs/hook/ld_library_path_lib.sh'
[0.944s] Level 1:colcon.colcon_core.environment:checking '/home/tdp378/ros2_ws/install/champ_msgs/bin'
[0.944s] Level 1:colcon.colcon_core.environment:checking '/home/tdp378/ros2_ws/install/champ_msgs/lib/pkgconfig/champ_msgs.pc'
[0.944s] Level 1:colcon.colcon_core.environment:checking '/home/tdp378/ros2_ws/install/champ_msgs/lib/python3.12/site-packages'
[0.944s] Level 1:colcon.colcon_core.shell:create_environment_hook('champ_msgs', 'pythonpath')
[0.944s] INFO:colcon.colcon_core.shell:Creating environment descriptor '/home/tdp378/ros2_ws/install/champ_msgs/share/champ_msgs/hook/pythonpath.dsv'
[0.944s] INFO:colcon.colcon_core.shell:Creating environment hook '/home/tdp378/ros2_ws/install/champ_msgs/share/champ_msgs/hook/pythonpath.sh'
[0.945s] Level 1:colcon.colcon_core.environment:checking '/home/tdp378/ros2_ws/install/champ_msgs/bin'
[0.945s] INFO:colcon.colcon_core.shell:Creating package descriptor '/home/tdp378/ros2_ws/install/champ_msgs/share/champ_msgs/package.dsv'
[0.945s] INFO:colcon.colcon_core.shell:Creating package script '/home/tdp378/ros2_ws/install/champ_msgs/share/champ_msgs/package.sh'
[0.945s] INFO:colcon.colcon_core.shell:Creating package script '/home/tdp378/ros2_ws/install/champ_msgs/share/champ_msgs/package.bash'
[0.945s] INFO:colcon.colcon_core.shell:Creating package script '/home/tdp378/ros2_ws/install/champ_msgs/share/champ_msgs/package.zsh'
[0.946s] Level 1:colcon.colcon_core.environment:create_file_with_runtime_dependencies(/home/tdp378/ros2_ws/install/champ_msgs/share/colcon-core/packages/champ_msgs)
[0.946s] Level 1:colcon.colcon_core.environment:create_environment_scripts_only(champ_msgs)
[0.946s] Level 1:colcon.colcon_core.environment:checking '/home/tdp378/ros2_ws/install/champ_msgs' for CMake module files
[0.946s] Level 1:colcon.colcon_core.environment:checking '/home/tdp378/ros2_ws/install/champ_msgs' for CMake config files
[0.947s] Level 1:colcon.colcon_core.shell:create_environment_hook('champ_msgs', 'cmake_prefix_path')
[0.947s] INFO:colcon.colcon_core.shell:Creating environment descriptor '/home/tdp378/ros2_ws/install/champ_msgs/share/champ_msgs/hook/cmake_prefix_path.dsv'
[0.947s] INFO:colcon.colcon_core.shell:Creating environment hook '/home/tdp378/ros2_ws/install/champ_msgs/share/champ_msgs/hook/cmake_prefix_path.sh'
[0.948s] Level 1:colcon.colcon_core.environment:checking '/home/tdp378/ros2_ws/install/champ_msgs/lib'
[0.948s] Level 1:colcon.colcon_core.shell:create_environment_hook('champ_msgs', 'ld_library_path_lib')
[0.948s] INFO:colcon.colcon_core.shell:Creating environment descriptor '/home/tdp378/ros2_ws/install/champ_msgs/share/champ_msgs/hook/ld_library_path_lib.dsv'
[0.948s] INFO:colcon.colcon_core.shell:Creating environment hook '/home/tdp378/ros2_ws/install/champ_msgs/share/champ_msgs/hook/ld_library_path_lib.sh'
[0.948s] Level 1:colcon.colcon_core.environment:checking '/home/tdp378/ros2_ws/install/champ_msgs/bin'
[0.948s] Level 1:colcon.colcon_core.environment:checking '/home/tdp378/ros2_ws/install/champ_msgs/lib/pkgconfig/champ_msgs.pc'
[0.948s] Level 1:colcon.colcon_core.environment:checking '/home/tdp378/ros2_ws/install/champ_msgs/lib/python3.12/site-packages'
[0.948s] Level 1:colcon.colcon_core.shell:create_environment_hook('champ_msgs', 'pythonpath')
[0.949s] INFO:colcon.colcon_core.shell:Creating environment descriptor '/home/tdp378/ros2_ws/install/champ_msgs/share/champ_msgs/hook/pythonpath.dsv'
[0.949s] INFO:colcon.colcon_core.shell:Creating environment hook '/home/tdp378/ros2_ws/install/champ_msgs/share/champ_msgs/hook/pythonpath.sh'
[0.950s] Level 1:colcon.colcon_core.environment:checking '/home/tdp378/ros2_ws/install/champ_msgs/bin'
[0.950s] INFO:colcon.colcon_core.shell:Creating package descriptor '/home/tdp378/ros2_ws/install/champ_msgs/share/champ_msgs/package.dsv'
[0.950s] INFO:colcon.colcon_core.shell:Creating package script '/home/tdp378/ros2_ws/install/champ_msgs/share/champ_msgs/package.sh'
[0.950s] INFO:colcon.colcon_core.shell:Creating package script '/home/tdp378/ros2_ws/install/champ_msgs/share/champ_msgs/package.bash'
[0.951s] INFO:colcon.colcon_core.shell:Creating package script '/home/tdp378/ros2_ws/install/champ_msgs/share/champ_msgs/package.zsh'
[0.951s] Level 1:colcon.colcon_core.environment:create_file_with_runtime_dependencies(/home/tdp378/ros2_ws/install/champ_msgs/share/colcon-core/packages/champ_msgs)
[0.951s] INFO:colcon.colcon_ros.task.ament_cmake.build:Building ROS package in '/home/tdp378/ros2_ws/src/champ_base' with build type 'ament_cmake'
[0.951s] INFO:colcon.colcon_cmake.task.cmake.build:Building CMake package in '/home/tdp378/ros2_ws/src/champ_base'
[0.951s] DEBUG:colcon.colcon_core.shell:Skip shell extension 'dsv' for command environment
[1.012s] DEBUG:colcon.colcon_core.event_handler.log_command:Invoking command in '/home/tdp378/ros2_ws/build/champ_base': CMAKE_PREFIX_PATH=/home/tdp378/ros2_ws/install/champ_msgs:/home/tdp378/ros2_ws/install/champ:/home/tdp378/ros2_ws/install/jax_teleop:/home/tdp378/ros2_ws/install/jax_bringup:/home/tdp378/ros2_ws/install/jax_locomotion:/home/tdp378/ros2_ws/install/jax_description:/home/tdp378/ros2_ws/install/jax_behaviors:/home/tdp378/ros2_ws/install/champ_base:/opt/ros/jazzy/opt/gz_sim_vendor:/opt/ros/jazzy/opt/gz_sensors_vendor:/opt/ros/jazzy/opt/gz_physics_vendor:/opt/ros/jazzy/opt/sdformat_vendor:/opt/ros/jazzy/opt/gz_gui_vendor:/opt/ros/jazzy/opt/gz_transport_vendor:/opt/ros/jazzy/opt/gz_rendering_vendor:/opt/ros/jazzy/opt/gz_plugin_vendor:/opt/ros/jazzy/opt/gz_fuel_tools_vendor:/opt/ros/jazzy/opt/gz_msgs_vendor:/opt/ros/jazzy/opt/gz_common_vendor:/opt/ros/jazzy/opt/gz_math_vendor:/opt/ros/jazzy/opt/gz_utils_vendor:/opt/ros/jazzy/opt/gz_tools_vendor:/opt/ros/jazzy/opt/gz_ogre_next_vendor:/opt/ros/jazzy/opt/gz_dartsim_vendor:/opt/ros/jazzy/opt/gz_cmake_vendor:/opt/ros/jazzy DEBUGINFOD_URLS=https://debuginfod.ubuntu.com LD_LIBRARY_PATH=/home/tdp378/ros2_ws/install/champ_msgs/lib:/home/tdp378/ros2_ws/install/champ_base/lib:/opt/ros/jazzy/opt/gz_sim_vendor/lib:/opt/ros/jazzy/opt/gz_sensors_vendor/lib:/opt/ros/jazzy/opt/gz_physics_vendor/lib:/opt/ros/jazzy/opt/sdformat_vendor/lib:/opt/ros/jazzy/opt/rviz_ogre_vendor/lib:/opt/ros/jazzy/lib/x86_64-linux-gnu:/opt/ros/jazzy/opt/gz_gui_vendor/lib:/opt/ros/jazzy/opt/gz_transport_vendor/lib:/opt/ros/jazzy/opt/gz_rendering_vendor/lib:/opt/ros/jazzy/opt/gz_plugin_vendor/lib:/opt/ros/jazzy/opt/gz_fuel_tools_vendor/lib:/opt/ros/jazzy/opt/gz_msgs_vendor/lib:/opt/ros/jazzy/opt/gz_common_vendor/lib:/opt/ros/jazzy/opt/gz_math_vendor/lib:/opt/ros/jazzy/opt/gz_utils_vendor/lib:/opt/ros/jazzy/opt/gz_tools_vendor/lib:/opt/ros/jazzy/opt/gz_ogre_next_vendor/lib:/opt/ros/jazzy/opt/gz_dartsim_vendor/lib:/opt/ros/jazzy/opt/gz_cmake_vendor/lib:/opt/ros/jazzy/lib /usr/bin/cmake --build /home/tdp378/ros2_ws/build/champ_base -- -j16 -l16
[1.182s] DEBUG:colcon.colcon_core.event_handler.log_command:Invoked command in '/home/tdp378/ros2_ws/build/champ_base' returned '0': CMAKE_PREFIX_PATH=/home/tdp378/ros2_ws/install/champ_msgs:/home/tdp378/ros2_ws/install/champ:/home/tdp378/ros2_ws/install/jax_teleop:/home/tdp378/ros2_ws/install/jax_bringup:/home/tdp378/ros2_ws/install/jax_locomotion:/home/tdp378/ros2_ws/install/jax_description:/home/tdp378/ros2_ws/install/jax_behaviors:/home/tdp378/ros2_ws/install/champ_base:/opt/ros/jazzy/opt/gz_sim_vendor:/opt/ros/jazzy/opt/gz_sensors_vendor:/opt/ros/jazzy/opt/gz_physics_vendor:/opt/ros/jazzy/opt/sdformat_vendor:/opt/ros/jazzy/opt/gz_gui_vendor:/opt/ros/jazzy/opt/gz_transport_vendor:/opt/ros/jazzy/opt/gz_rendering_vendor:/opt/ros/jazzy/opt/gz_plugin_vendor:/opt/ros/jazzy/opt/gz_fuel_tools_vendor:/opt/ros/jazzy/opt/gz_msgs_vendor:/opt/ros/jazzy/opt/gz_common_vendor:/opt/ros/jazzy/opt/gz_math_vendor:/opt/ros/jazzy/opt/gz_utils_vendor:/opt/ros/jazzy/opt/gz_tools_vendor:/opt/ros/jazzy/opt/gz_ogre_next_vendor:/opt/ros/jazzy/opt/gz_dartsim_vendor:/opt/ros/jazzy/opt/gz_cmake_vendor:/opt/ros/jazzy DEBUGINFOD_URLS=https://debuginfod.ubuntu.com LD_LIBRARY_PATH=/home/tdp378/ros2_ws/install/champ_msgs/lib:/home/tdp378/ros2_ws/install/champ_base/lib:/opt/ros/jazzy/opt/gz_sim_vendor/lib:/opt/ros/jazzy/opt/gz_sensors_vendor/lib:/opt/ros/jazzy/opt/gz_physics_vendor/lib:/opt/ros/jazzy/opt/sdformat_vendor/lib:/opt/ros/jazzy/opt/rviz_ogre_vendor/lib:/opt/ros/jazzy/lib/x86_64-linux-gnu:/opt/ros/jazzy/opt/gz_gui_vendor/lib:/opt/ros/jazzy/opt/gz_transport_vendor/lib:/opt/ros/jazzy/opt/gz_rendering_vendor/lib:/opt/ros/jazzy/opt/gz_plugin_vendor/lib:/opt/ros/jazzy/opt/gz_fuel_tools_vendor/lib:/opt/ros/jazzy/opt/gz_msgs_vendor/lib:/opt/ros/jazzy/opt/gz_common_vendor/lib:/opt/ros/jazzy/opt/gz_math_vendor/lib:/opt/ros/jazzy/opt/gz_utils_vendor/lib:/opt/ros/jazzy/opt/gz_tools_vendor/lib:/opt/ros/jazzy/opt/gz_ogre_next_vendor/lib:/opt/ros/jazzy/opt/gz_dartsim_vendor/lib:/opt/ros/jazzy/opt/gz_cmake_vendor/lib:/opt/ros/jazzy/lib /usr/bin/cmake --build /home/tdp378/ros2_ws/build/champ_base -- -j16 -l16
[1.183s] DEBUG:colcon.colcon_core.event_handler.log_command:Invoking command in '/home/tdp378/ros2_ws/build/champ_base': CMAKE_PREFIX_PATH=/home/tdp378/ros2_ws/install/champ_msgs:/home/tdp378/ros2_ws/install/champ:/home/tdp378/ros2_ws/install/jax_teleop:/home/tdp378/ros2_ws/install/jax_bringup:/home/tdp378/ros2_ws/install/jax_locomotion:/home/tdp378/ros2_ws/install/jax_description:/home/tdp378/ros2_ws/install/jax_behaviors:/home/tdp378/ros2_ws/install/champ_base:/opt/ros/jazzy/opt/gz_sim_vendor:/opt/ros/jazzy/opt/gz_sensors_vendor:/opt/ros/jazzy/opt/gz_physics_vendor:/opt/ros/jazzy/opt/sdformat_vendor:/opt/ros/jazzy/opt/gz_gui_vendor:/opt/ros/jazzy/opt/gz_transport_vendor:/opt/ros/jazzy/opt/gz_rendering_vendor:/opt/ros/jazzy/opt/gz_plugin_vendor:/opt/ros/jazzy/opt/gz_fuel_tools_vendor:/opt/ros/jazzy/opt/gz_msgs_vendor:/opt/ros/jazzy/opt/gz_common_vendor:/opt/ros/jazzy/opt/gz_math_vendor:/opt/ros/jazzy/opt/gz_utils_vendor:/opt/ros/jazzy/opt/gz_tools_vendor:/opt/ros/jazzy/opt/gz_ogre_next_vendor:/opt/ros/jazzy/opt/gz_dartsim_vendor:/opt/ros/jazzy/opt/gz_cmake_vendor:/opt/ros/jazzy DEBUGINFOD_URLS=https://debuginfod.ubuntu.com LD_LIBRARY_PATH=/home/tdp378/ros2_ws/install/champ_msgs/lib:/home/tdp378/ros2_ws/install/champ_base/lib:/opt/ros/jazzy/opt/gz_sim_vendor/lib:/opt/ros/jazzy/opt/gz_sensors_vendor/lib:/opt/ros/jazzy/opt/gz_physics_vendor/lib:/opt/ros/jazzy/opt/sdformat_vendor/lib:/opt/ros/jazzy/opt/rviz_ogre_vendor/lib:/opt/ros/jazzy/lib/x86_64-linux-gnu:/opt/ros/jazzy/opt/gz_gui_vendor/lib:/opt/ros/jazzy/opt/gz_transport_vendor/lib:/opt/ros/jazzy/opt/gz_rendering_vendor/lib:/opt/ros/jazzy/opt/gz_plugin_vendor/lib:/opt/ros/jazzy/opt/gz_fuel_tools_vendor/lib:/opt/ros/jazzy/opt/gz_msgs_vendor/lib:/opt/ros/jazzy/opt/gz_common_vendor/lib:/opt/ros/jazzy/opt/gz_math_vendor/lib:/opt/ros/jazzy/opt/gz_utils_vendor/lib:/opt/ros/jazzy/opt/gz_tools_vendor/lib:/opt/ros/jazzy/opt/gz_ogre_next_vendor/lib:/opt/ros/jazzy/opt/gz_dartsim_vendor/lib:/opt/ros/jazzy/opt/gz_cmake_vendor/lib:/opt/ros/jazzy/lib /usr/bin/cmake --install /home/tdp378/ros2_ws/build/champ_base
[1.199s] Level 1:colcon.colcon_core.environment:create_environment_scripts_only(champ_base)
[1.200s] Level 1:colcon.colcon_core.environment:checking '/home/tdp378/ros2_ws/install/champ_base' for CMake module files
[1.200s] DEBUG:colcon.colcon_core.event_handler.log_command:Invoked command in '/home/tdp378/ros2_ws/build/champ_base' returned '0': CMAKE_PREFIX_PATH=/home/tdp378/ros2_ws/install/champ_msgs:/home/tdp378/ros2_ws/install/champ:/home/tdp378/ros2_ws/install/jax_teleop:/home/tdp378/ros2_ws/install/jax_bringup:/home/tdp378/ros2_ws/install/jax_locomotion:/home/tdp378/ros2_ws/install/jax_description:/home/tdp378/ros2_ws/install/jax_behaviors:/home/tdp378/ros2_ws/install/champ_base:/opt/ros/jazzy/opt/gz_sim_vendor:/opt/ros/jazzy/opt/gz_sensors_vendor:/opt/ros/jazzy/opt/gz_physics_vendor:/opt/ros/jazzy/opt/sdformat_vendor:/opt/ros/jazzy/opt/gz_gui_vendor:/opt/ros/jazzy/opt/gz_transport_vendor:/opt/ros/jazzy/opt/gz_rendering_vendor:/opt/ros/jazzy/opt/gz_plugin_vendor:/opt/ros/jazzy/opt/gz_fuel_tools_vendor:/opt/ros/jazzy/opt/gz_msgs_vendor:/opt/ros/jazzy/opt/gz_common_vendor:/opt/ros/jazzy/opt/gz_math_vendor:/opt/ros/jazzy/opt/gz_utils_vendor:/opt/ros/jazzy/opt/gz_tools_vendor:/opt/ros/jazzy/opt/gz_ogre_next_vendor:/opt/ros/jazzy/opt/gz_dartsim_vendor:/opt/ros/jazzy/opt/gz_cmake_vendor:/opt/ros/jazzy DEBUGINFOD_URLS=https://debuginfod.ubuntu.com LD_LIBRARY_PATH=/home/tdp378/ros2_ws/install/champ_msgs/lib:/home/tdp378/ros2_ws/install/champ_base/lib:/opt/ros/jazzy/opt/gz_sim_vendor/lib:/opt/ros/jazzy/opt/gz_sensors_vendor/lib:/opt/ros/jazzy/opt/gz_physics_vendor/lib:/opt/ros/jazzy/opt/sdformat_vendor/lib:/opt/ros/jazzy/opt/rviz_ogre_vendor/lib:/opt/ros/jazzy/lib/x86_64-linux-gnu:/opt/ros/jazzy/opt/gz_gui_vendor/lib:/opt/ros/jazzy/opt/gz_transport_vendor/lib:/opt/ros/jazzy/opt/gz_rendering_vendor/lib:/opt/ros/jazzy/opt/gz_plugin_vendor/lib:/opt/ros/jazzy/opt/gz_fuel_tools_vendor/lib:/opt/ros/jazzy/opt/gz_msgs_vendor/lib:/opt/ros/jazzy/opt/gz_common_vendor/lib:/opt/ros/jazzy/opt/gz_math_vendor/lib:/opt/ros/jazzy/opt/gz_utils_vendor/lib:/opt/ros/jazzy/opt/gz_tools_vendor/lib:/opt/ros/jazzy/opt/gz_ogre_next_vendor/lib:/opt/ros/jazzy/opt/gz_dartsim_vendor/lib:/opt/ros/jazzy/opt/gz_cmake_vendor/lib:/opt/ros/jazzy/lib /usr/bin/cmake --install /home/tdp378/ros2_ws/build/champ_base
[1.200s] Level 1:colcon.colcon_core.environment:checking '/home/tdp378/ros2_ws/install/champ_base' for CMake config files
[1.200s] Level 1:colcon.colcon_core.shell:create_environment_hook('champ_base', 'cmake_prefix_path')
[1.200s] INFO:colcon.colcon_core.shell:Creating environment descriptor '/home/tdp378/ros2_ws/install/champ_base/share/champ_base/hook/cmake_prefix_path.dsv'
[1.201s] INFO:colcon.colcon_core.shell:Creating environment hook '/home/tdp378/ros2_ws/install/champ_base/share/champ_base/hook/cmake_prefix_path.sh'
[1.201s] Level 1:colcon.colcon_core.environment:checking '/home/tdp378/ros2_ws/install/champ_base/lib'
[1.201s] Level 1:colcon.colcon_core.shell:create_environment_hook('champ_base', 'ld_library_path_lib')
[1.201s] INFO:colcon.colcon_core.shell:Creating environment descriptor '/home/tdp378/ros2_ws/install/champ_base/share/champ_base/hook/ld_library_path_lib.dsv'
[1.201s] INFO:colcon.colcon_core.shell:Creating environment hook '/home/tdp378/ros2_ws/install/champ_base/share/champ_base/hook/ld_library_path_lib.sh'
[1.201s] Level 1:colcon.colcon_core.environment:checking '/home/tdp378/ros2_ws/install/champ_base/bin'
[1.202s] Level 1:colcon.colcon_core.shell:create_environment_hook('champ_base', 'path')
[1.202s] INFO:colcon.colcon_core.shell:Creating environment descriptor '/home/tdp378/ros2_ws/install/champ_base/share/champ_base/hook/path.dsv'
[1.202s] INFO:colcon.colcon_core.shell:Creating environment hook '/home/tdp378/ros2_ws/install/champ_base/share/champ_base/hook/path.sh'
[1.202s] Level 1:colcon.colcon_core.environment:checking '/home/tdp378/ros2_ws/install/champ_base/lib/pkgconfig/champ_base.pc'
[1.202s] Level 1:colcon.colcon_core.environment:checking '/home/tdp378/ros2_ws/install/champ_base/lib/python3.12/site-packages'
[1.202s] Level 1:colcon.colcon_core.environment:checking '/home/tdp378/ros2_ws/install/champ_base/bin'
[1.202s] Level 1:colcon.colcon_core.shell:create_environment_hook('champ_base', 'pythonscriptspath')
[1.203s] INFO:colcon.colcon_core.shell:Creating environment descriptor '/home/tdp378/ros2_ws/install/champ_base/share/champ_base/hook/pythonscriptspath.dsv'
[1.203s] INFO:colcon.colcon_core.shell:Creating environment hook '/home/tdp378/ros2_ws/install/champ_base/share/champ_base/hook/pythonscriptspath.sh'
[1.203s] INFO:colcon.colcon_core.shell:Creating package descriptor '/home/tdp378/ros2_ws/install/champ_base/share/champ_base/package.dsv'
[1.203s] INFO:colcon.colcon_core.shell:Creating package script '/home/tdp378/ros2_ws/install/champ_base/share/champ_base/package.sh'
[1.204s] INFO:colcon.colcon_core.shell:Creating package script '/home/tdp378/ros2_ws/install/champ_base/share/champ_base/package.bash'
[1.204s] INFO:colcon.colcon_core.shell:Creating package script '/home/tdp378/ros2_ws/install/champ_base/share/champ_base/package.zsh'
[1.204s] Level 1:colcon.colcon_core.environment:create_file_with_runtime_dependencies(/home/tdp378/ros2_ws/install/champ_base/share/colcon-core/packages/champ_base)
[1.204s] Level 1:colcon.colcon_core.environment:create_environment_scripts_only(champ_base)
[1.204s] Level 1:colcon.colcon_core.environment:checking '/home/tdp378/ros2_ws/install/champ_base' for CMake module files
[1.205s] Level 1:colcon.colcon_core.environment:checking '/home/tdp378/ros2_ws/install/champ_base' for CMake config files
[1.205s] Level 1:colcon.colcon_core.shell:create_environment_hook('champ_base', 'cmake_prefix_path')
[1.205s] INFO:colcon.colcon_core.shell:Creating environment descriptor '/home/tdp378/ros2_ws/install/champ_base/share/champ_base/hook/cmake_prefix_path.dsv'
[1.205s] INFO:colcon.colcon_core.shell:Creating environment hook '/home/tdp378/ros2_ws/install/champ_base/share/champ_base/hook/cmake_prefix_path.sh'
[1.205s] Level 1:colcon.colcon_core.environment:checking '/home/tdp378/ros2_ws/install/champ_base/lib'
[1.206s] Level 1:colcon.colcon_core.shell:create_environment_hook('champ_base', 'ld_library_path_lib')
[1.206s] INFO:colcon.colcon_core.shell:Creating environment descriptor '/home/tdp378/ros2_ws/install/champ_base/share/champ_base/hook/ld_library_path_lib.dsv'
[1.206s] INFO:colcon.colcon_core.shell:Creating environment hook '/home/tdp378/ros2_ws/install/champ_base/share/champ_base/hook/ld_library_path_lib.sh'
[1.206s] Level 1:colcon.colcon_core.environment:checking '/home/tdp378/ros2_ws/install/champ_base/bin'
[1.206s] Level 1:colcon.colcon_core.shell:create_environment_hook('champ_base', 'path')
[1.206s] INFO:colcon.colcon_core.shell:Creating environment descriptor '/home/tdp378/ros2_ws/install/champ_base/share/champ_base/hook/path.dsv'
[1.206s] INFO:colcon.colcon_core.shell:Creating environment hook '/home/tdp378/ros2_ws/install/champ_base/share/champ_base/hook/path.sh'
[1.207s] Level 1:colcon.colcon_core.environment:checking '/home/tdp378/ros2_ws/install/champ_base/lib/pkgconfig/champ_base.pc'
[1.207s] Level 1:colcon.colcon_core.environment:checking '/home/tdp378/ros2_ws/install/champ_base/lib/python3.12/site-packages'
[1.207s] Level 1:colcon.colcon_core.environment:checking '/home/tdp378/ros2_ws/install/champ_base/bin'
[1.207s] Level 1:colcon.colcon_core.shell:create_environment_hook('champ_base', 'pythonscriptspath')
[1.207s] INFO:colcon.colcon_core.shell:Creating environment descriptor '/home/tdp378/ros2_ws/install/champ_base/share/champ_base/hook/pythonscriptspath.dsv'
[1.207s] INFO:colcon.colcon_core.shell:Creating environment hook '/home/tdp378/ros2_ws/install/champ_base/share/champ_base/hook/pythonscriptspath.sh'
[1.208s] INFO:colcon.colcon_core.shell:Creating package descriptor '/home/tdp378/ros2_ws/install/champ_base/share/champ_base/package.dsv'
[1.208s] INFO:colcon.colcon_core.shell:Creating package script '/home/tdp378/ros2_ws/install/champ_base/share/champ_base/package.sh'
[1.208s] INFO:colcon.colcon_core.shell:Creating package script '/home/tdp378/ros2_ws/install/champ_base/share/champ_base/package.bash'
[1.208s] INFO:colcon.colcon_core.shell:Creating package script '/home/tdp378/ros2_ws/install/champ_base/share/champ_base/package.zsh'
[1.209s] Level 1:colcon.colcon_core.environment:create_file_with_runtime_dependencies(/home/tdp378/ros2_ws/install/champ_base/share/colcon-core/packages/champ_base)
[1.209s] INFO:colcon.colcon_ros.task.ament_cmake.build:Building ROS package in '/home/tdp378/ros2_ws/src/jax_locomotion' with build type 'ament_cmake'
[1.209s] INFO:colcon.colcon_cmake.task.cmake.build:Building CMake package in '/home/tdp378/ros2_ws/src/jax_locomotion'
[1.209s] DEBUG:colcon.colcon_core.shell:Skip shell extension 'dsv' for command environment
[1.238s] DEBUG:colcon.colcon_core.event_handler.log_command:Invoking command in '/home/tdp378/ros2_ws/build/jax_locomotion': CMAKE_PREFIX_PATH=/home/tdp378/ros2_ws/install/champ_base:/home/tdp378/ros2_ws/install/champ_msgs:/home/tdp378/ros2_ws/install/champ:/home/tdp378/ros2_ws/install/jax_teleop:/home/tdp378/ros2_ws/install/jax_bringup:/home/tdp378/ros2_ws/install/jax_locomotion:/home/tdp378/ros2_ws/install/jax_description:/home/tdp378/ros2_ws/install/jax_behaviors:/opt/ros/jazzy/opt/gz_sim_vendor:/opt/ros/jazzy/opt/gz_sensors_vendor:/opt/ros/jazzy/opt/gz_physics_vendor:/opt/ros/jazzy/opt/sdformat_vendor:/opt/ros/jazzy/opt/gz_gui_vendor:/opt/ros/jazzy/opt/gz_transport_vendor:/opt/ros/jazzy/opt/gz_rendering_vendor:/opt/ros/jazzy/opt/gz_plugin_vendor:/opt/ros/jazzy/opt/gz_fuel_tools_vendor:/opt/ros/jazzy/opt/gz_msgs_vendor:/opt/ros/jazzy/opt/gz_common_vendor:/opt/ros/jazzy/opt/gz_math_vendor:/opt/ros/jazzy/opt/gz_utils_vendor:/opt/ros/jazzy/opt/gz_tools_vendor:/opt/ros/jazzy/opt/gz_ogre_next_vendor:/opt/ros/jazzy/opt/gz_dartsim_vendor:/opt/ros/jazzy/opt/gz_cmake_vendor:/opt/ros/jazzy DEBUGINFOD_URLS=https://debuginfod.ubuntu.com /usr/bin/cmake --build /home/tdp378/ros2_ws/build/jax_locomotion -- -j16 -l16
[1.265s] DEBUG:colcon.colcon_core.event_handler.log_command:Invoked command in '/home/tdp378/ros2_ws/build/jax_locomotion' returned '0': CMAKE_PREFIX_PATH=/home/tdp378/ros2_ws/install/champ_base:/home/tdp378/ros2_ws/install/champ_msgs:/home/tdp378/ros2_ws/install/champ:/home/tdp378/ros2_ws/install/jax_teleop:/home/tdp378/ros2_ws/install/jax_bringup:/home/tdp378/ros2_ws/install/jax_locomotion:/home/tdp378/ros2_ws/install/jax_description:/home/tdp378/ros2_ws/install/jax_behaviors:/opt/ros/jazzy/opt/gz_sim_vendor:/opt/ros/jazzy/opt/gz_sensors_vendor:/opt/ros/jazzy/opt/gz_physics_vendor:/opt/ros/jazzy/opt/sdformat_vendor:/opt/ros/jazzy/opt/gz_gui_vendor:/opt/ros/jazzy/opt/gz_transport_vendor:/opt/ros/jazzy/opt/gz_rendering_vendor:/opt/ros/jazzy/opt/gz_plugin_vendor:/opt/ros/jazzy/opt/gz_fuel_tools_vendor:/opt/ros/jazzy/opt/gz_msgs_vendor:/opt/ros/jazzy/opt/gz_common_vendor:/opt/ros/jazzy/opt/gz_math_vendor:/opt/ros/jazzy/opt/gz_utils_vendor:/opt/ros/jazzy/opt/gz_tools_vendor:/opt/ros/jazzy/opt/gz_ogre_next_vendor:/opt/ros/jazzy/opt/gz_dartsim_vendor:/opt/ros/jazzy/opt/gz_cmake_vendor:/opt/ros/jazzy DEBUGINFOD_URLS=https://debuginfod.ubuntu.com /usr/bin/cmake --build /home/tdp378/ros2_ws/build/jax_locomotion -- -j16 -l16
[1.266s] DEBUG:colcon.colcon_core.event_handler.log_command:Invoking command in '/home/tdp378/ros2_ws/build/jax_locomotion': CMAKE_PREFIX_PATH=/home/tdp378/ros2_ws/install/champ_base:/home/tdp378/ros2_ws/install/champ_msgs:/home/tdp378/ros2_ws/install/champ:/home/tdp378/ros2_ws/install/jax_teleop:/home/tdp378/ros2_ws/install/jax_bringup:/home/tdp378/ros2_ws/install/jax_locomotion:/home/tdp378/ros2_ws/install/jax_description:/home/tdp378/ros2_ws/install/jax_behaviors:/opt/ros/jazzy/opt/gz_sim_vendor:/opt/ros/jazzy/opt/gz_sensors_vendor:/opt/ros/jazzy/opt/gz_physics_vendor:/opt/ros/jazzy/opt/sdformat_vendor:/opt/ros/jazzy/opt/gz_gui_vendor:/opt/ros/jazzy/opt/gz_transport_vendor:/opt/ros/jazzy/opt/gz_rendering_vendor:/opt/ros/jazzy/opt/gz_plugin_vendor:/opt/ros/jazzy/opt/gz_fuel_tools_vendor:/opt/ros/jazzy/opt/gz_msgs_vendor:/opt/ros/jazzy/opt/gz_common_vendor:/opt/ros/jazzy/opt/gz_math_vendor:/opt/ros/jazzy/opt/gz_utils_vendor:/opt/ros/jazzy/opt/gz_tools_vendor:/opt/ros/jazzy/opt/gz_ogre_next_vendor:/opt/ros/jazzy/opt/gz_dartsim_vendor:/opt/ros/jazzy/opt/gz_cmake_vendor:/opt/ros/jazzy DEBUGINFOD_URLS=https://debuginfod.ubuntu.com /usr/bin/cmake --install /home/tdp378/ros2_ws/build/jax_locomotion
[1.286s] Level 1:colcon.colcon_core.environment:create_environment_scripts_only(jax_locomotion)
[1.287s] Level 1:colcon.colcon_core.environment:checking '/home/tdp378/ros2_ws/install/jax_locomotion' for CMake module files
[1.287s] DEBUG:colcon.colcon_core.event_handler.log_command:Invoked command in '/home/tdp378/ros2_ws/build/jax_locomotion' returned '0': CMAKE_PREFIX_PATH=/home/tdp378/ros2_ws/install/champ_base:/home/tdp378/ros2_ws/install/champ_msgs:/home/tdp378/ros2_ws/install/champ:/home/tdp378/ros2_ws/install/jax_teleop:/home/tdp378/ros2_ws/install/jax_bringup:/home/tdp378/ros2_ws/install/jax_locomotion:/home/tdp378/ros2_ws/install/jax_description:/home/tdp378/ros2_ws/install/jax_behaviors:/opt/ros/jazzy/opt/gz_sim_vendor:/opt/ros/jazzy/opt/gz_sensors_vendor:/opt/ros/jazzy/opt/gz_physics_vendor:/opt/ros/jazzy/opt/sdformat_vendor:/opt/ros/jazzy/opt/gz_gui_vendor:/opt/ros/jazzy/opt/gz_transport_vendor:/opt/ros/jazzy/opt/gz_rendering_vendor:/opt/ros/jazzy/opt/gz_plugin_vendor:/opt/ros/jazzy/opt/gz_fuel_tools_vendor:/opt/ros/jazzy/opt/gz_msgs_vendor:/opt/ros/jazzy/opt/gz_common_vendor:/opt/ros/jazzy/opt/gz_math_vendor:/opt/ros/jazzy/opt/gz_utils_vendor:/opt/ros/jazzy/opt/gz_tools_vendor:/opt/ros/jazzy/opt/gz_ogre_next_vendor:/opt/ros/jazzy/opt/gz_dartsim_vendor:/opt/ros/jazzy/opt/gz_cmake_vendor:/opt/ros/jazzy DEBUGINFOD_URLS=https://debuginfod.ubuntu.com /usr/bin/cmake --install /home/tdp378/ros2_ws/build/jax_locomotion
[1.287s] Level 1:colcon.colcon_core.environment:checking '/home/tdp378/ros2_ws/install/jax_locomotion' for CMake config files
[1.287s] Level 1:colcon.colcon_core.shell:create_environment_hook('jax_locomotion', 'cmake_prefix_path')
[1.287s] INFO:colcon.colcon_core.shell:Creating environment descriptor '/home/tdp378/ros2_ws/install/jax_locomotion/share/jax_locomotion/hook/cmake_prefix_path.dsv'
[1.288s] INFO:colcon.colcon_core.shell:Creating environment hook '/home/tdp378/ros2_ws/install/jax_locomotion/share/jax_locomotion/hook/cmake_prefix_path.sh'
[1.288s] Level 1:colcon.colcon_core.environment:checking '/home/tdp378/ros2_ws/install/jax_locomotion/bin'
[1.288s] Level 1:colcon.colcon_core.environment:checking '/home/tdp378/ros2_ws/install/jax_locomotion/lib/pkgconfig/jax_locomotion.pc'
[1.288s] Level 1:colcon.colcon_core.environment:checking '/home/tdp378/ros2_ws/install/jax_locomotion/lib/python3.12/site-packages'
[1.288s] Level 1:colcon.colcon_core.environment:checking '/home/tdp378/ros2_ws/install/jax_locomotion/bin'
[1.288s] INFO:colcon.colcon_core.shell:Creating package descriptor '/home/tdp378/ros2_ws/install/jax_locomotion/share/jax_locomotion/package.dsv'
[1.289s] INFO:colcon.colcon_core.shell:Creating package script '/home/tdp378/ros2_ws/install/jax_locomotion/share/jax_locomotion/package.sh'
[1.289s] INFO:colcon.colcon_core.shell:Creating package script '/home/tdp378/ros2_ws/install/jax_locomotion/share/jax_locomotion/package.bash'
[1.289s] INFO:colcon.colcon_core.shell:Creating package script '/home/tdp378/ros2_ws/install/jax_locomotion/share/jax_locomotion/package.zsh'
[1.289s] Level 1:colcon.colcon_core.environment:create_file_with_runtime_dependencies(/home/tdp378/ros2_ws/install/jax_locomotion/share/colcon-core/packages/jax_locomotion)
[1.290s] Level 1:colcon.colcon_core.environment:create_environment_scripts_only(jax_locomotion)
[1.290s] Level 1:colcon.colcon_core.environment:checking '/home/tdp378/ros2_ws/install/jax_locomotion' for CMake module files
[1.290s] Level 1:colcon.colcon_core.environment:checking '/home/tdp378/ros2_ws/install/jax_locomotion' for CMake config files
[1.290s] Level 1:colcon.colcon_core.shell:create_environment_hook('jax_locomotion', 'cmake_prefix_path')
[1.290s] INFO:colcon.colcon_core.shell:Creating environment descriptor '/home/tdp378/ros2_ws/install/jax_locomotion/share/jax_locomotion/hook/cmake_prefix_path.dsv'
[1.290s] INFO:colcon.colcon_core.shell:Creating environment hook '/home/tdp378/ros2_ws/install/jax_locomotion/share/jax_locomotion/hook/cmake_prefix_path.sh'
[1.291s] Level 1:colcon.colcon_core.environment:checking '/home/tdp378/ros2_ws/install/jax_locomotion/bin'
[1.291s] Level 1:colcon.colcon_core.environment:checking '/home/tdp378/ros2_ws/install/jax_locomotion/lib/pkgconfig/jax_locomotion.pc'
[1.291s] Level 1:colcon.colcon_core.environment:checking '/home/tdp378/ros2_ws/install/jax_locomotion/lib/python3.12/site-packages'
[1.291s] Level 1:colcon.colcon_core.environment:checking '/home/tdp378/ros2_ws/install/jax_locomotion/bin'
[1.291s] INFO:colcon.colcon_core.shell:Creating package descriptor '/home/tdp378/ros2_ws/install/jax_locomotion/share/jax_locomotion/package.dsv'
[1.291s] INFO:colcon.colcon_core.shell:Creating package script '/home/tdp378/ros2_ws/install/jax_locomotion/share/jax_locomotion/package.sh'
[1.292s] INFO:colcon.colcon_core.shell:Creating package script '/home/tdp378/ros2_ws/install/jax_locomotion/share/jax_locomotion/package.bash'
[1.292s] INFO:colcon.colcon_core.shell:Creating package script '/home/tdp378/ros2_ws/install/jax_locomotion/share/jax_locomotion/package.zsh'
[1.292s] Level 1:colcon.colcon_core.environment:create_file_with_runtime_dependencies(/home/tdp378/ros2_ws/install/jax_locomotion/share/colcon-core/packages/jax_locomotion)
[1.292s] INFO:colcon.colcon_ros.task.ament_cmake.build:Building ROS package in '/home/tdp378/ros2_ws/src/jax_bringup' with build type 'ament_cmake'
[1.292s] INFO:colcon.colcon_cmake.task.cmake.build:Building CMake package in '/home/tdp378/ros2_ws/src/jax_bringup'
[1.293s] DEBUG:colcon.colcon_core.shell:Skip shell extension 'dsv' for command environment
[1.303s] DEBUG:colcon.colcon_core.event_handler.log_command:Invoking command in '/home/tdp378/ros2_ws/build/jax_bringup': CMAKE_PREFIX_PATH=/home/tdp378/ros2_ws/install/jax_locomotion:/home/tdp378/ros2_ws/install/champ_base:/home/tdp378/ros2_ws/install/jax_description:/home/tdp378/ros2_ws/install/champ_msgs:/home/tdp378/ros2_ws/install/champ:/home/tdp378/ros2_ws/install/jax_teleop:/home/tdp378/ros2_ws/install/jax_bringup:/home/tdp378/ros2_ws/install/jax_behaviors:/opt/ros/jazzy/opt/gz_sim_vendor:/opt/ros/jazzy/opt/gz_sensors_vendor:/opt/ros/jazzy/opt/gz_physics_vendor:/opt/ros/jazzy/opt/sdformat_vendor:/opt/ros/jazzy/opt/gz_gui_vendor:/opt/ros/jazzy/opt/gz_transport_vendor:/opt/ros/jazzy/opt/gz_rendering_vendor:/opt/ros/jazzy/opt/gz_plugin_vendor:/opt/ros/jazzy/opt/gz_fuel_tools_vendor:/opt/ros/jazzy/opt/gz_msgs_vendor:/opt/ros/jazzy/opt/gz_common_vendor:/opt/ros/jazzy/opt/gz_math_vendor:/opt/ros/jazzy/opt/gz_utils_vendor:/opt/ros/jazzy/opt/gz_tools_vendor:/opt/ros/jazzy/opt/gz_ogre_next_vendor:/opt/ros/jazzy/opt/gz_dartsim_vendor:/opt/ros/jazzy/opt/gz_cmake_vendor:/opt/ros/jazzy DEBUGINFOD_URLS=https://debuginfod.ubuntu.com /usr/bin/cmake --build /home/tdp378/ros2_ws/build/jax_bringup -- -j16 -l16
[1.329s] DEBUG:colcon.colcon_core.event_handler.log_command:Invoked command in '/home/tdp378/ros2_ws/build/jax_bringup' returned '0': CMAKE_PREFIX_PATH=/home/tdp378/ros2_ws/install/jax_locomotion:/home/tdp378/ros2_ws/install/champ_base:/home/tdp378/ros2_ws/install/jax_description:/home/tdp378/ros2_ws/install/champ_msgs:/home/tdp378/ros2_ws/install/champ:/home/tdp378/ros2_ws/install/jax_teleop:/home/tdp378/ros2_ws/install/jax_bringup:/home/tdp378/ros2_ws/install/jax_behaviors:/opt/ros/jazzy/opt/gz_sim_vendor:/opt/ros/jazzy/opt/gz_sensors_vendor:/opt/ros/jazzy/opt/gz_physics_vendor:/opt/ros/jazzy/opt/sdformat_vendor:/opt/ros/jazzy/opt/gz_gui_vendor:/opt/ros/jazzy/opt/gz_transport_vendor:/opt/ros/jazzy/opt/gz_rendering_vendor:/opt/ros/jazzy/opt/gz_plugin_vendor:/opt/ros/jazzy/opt/gz_fuel_tools_vendor:/opt/ros/jazzy/opt/gz_msgs_vendor:/opt/ros/jazzy/opt/gz_common_vendor:/opt/ros/jazzy/opt/gz_math_vendor:/opt/ros/jazzy/opt/gz_utils_vendor:/opt/ros/jazzy/opt/gz_tools_vendor:/opt/ros/jazzy/opt/gz_ogre_next_vendor:/opt/ros/jazzy/opt/gz_dartsim_vendor:/opt/ros/jazzy/opt/gz_cmake_vendor:/opt/ros/jazzy DEBUGINFOD_URLS=https://debuginfod.ubuntu.com /usr/bin/cmake --build /home/tdp378/ros2_ws/build/jax_bringup -- -j16 -l16
[1.330s] DEBUG:colcon.colcon_core.event_handler.log_command:Invoking command in '/home/tdp378/ros2_ws/build/jax_bringup': CMAKE_PREFIX_PATH=/home/tdp378/ros2_ws/install/jax_locomotion:/home/tdp378/ros2_ws/install/champ_base:/home/tdp378/ros2_ws/install/jax_description:/home/tdp378/ros2_ws/install/champ_msgs:/home/tdp378/ros2_ws/install/champ:/home/tdp378/ros2_ws/install/jax_teleop:/home/tdp378/ros2_ws/install/jax_bringup:/home/tdp378/ros2_ws/install/jax_behaviors:/opt/ros/jazzy/opt/gz_sim_vendor:/opt/ros/jazzy/opt/gz_sensors_vendor:/opt/ros/jazzy/opt/gz_physics_vendor:/opt/ros/jazzy/opt/sdformat_vendor:/opt/ros/jazzy/opt/gz_gui_vendor:/opt/ros/jazzy/opt/gz_transport_vendor:/opt/ros/jazzy/opt/gz_rendering_vendor:/opt/ros/jazzy/opt/gz_plugin_vendor:/opt/ros/jazzy/opt/gz_fuel_tools_vendor:/opt/ros/jazzy/opt/gz_msgs_vendor:/opt/ros/jazzy/opt/gz_common_vendor:/opt/ros/jazzy/opt/gz_math_vendor:/opt/ros/jazzy/opt/gz_utils_vendor:/opt/ros/jazzy/opt/gz_tools_vendor:/opt/ros/jazzy/opt/gz_ogre_next_vendor:/opt/ros/jazzy/opt/gz_dartsim_vendor:/opt/ros/jazzy/opt/gz_cmake_vendor:/opt/ros/jazzy DEBUGINFOD_URLS=https://debuginfod.ubuntu.com /usr/bin/cmake --install /home/tdp378/ros2_ws/build/jax_bringup
[1.345s] Level 1:colcon.colcon_core.environment:create_environment_scripts_only(jax_bringup)
[1.345s] Level 1:colcon.colcon_core.environment:checking '/home/tdp378/ros2_ws/install/jax_bringup' for CMake module files
[1.345s] DEBUG:colcon.colcon_core.event_handler.log_command:Invoked command in '/home/tdp378/ros2_ws/build/jax_bringup' returned '0': CMAKE_PREFIX_PATH=/home/tdp378/ros2_ws/install/jax_locomotion:/home/tdp378/ros2_ws/install/champ_base:/home/tdp378/ros2_ws/install/jax_description:/home/tdp378/ros2_ws/install/champ_msgs:/home/tdp378/ros2_ws/install/champ:/home/tdp378/ros2_ws/install/jax_teleop:/home/tdp378/ros2_ws/install/jax_bringup:/home/tdp378/ros2_ws/install/jax_behaviors:/opt/ros/jazzy/opt/gz_sim_vendor:/opt/ros/jazzy/opt/gz_sensors_vendor:/opt/ros/jazzy/opt/gz_physics_vendor:/opt/ros/jazzy/opt/sdformat_vendor:/opt/ros/jazzy/opt/gz_gui_vendor:/opt/ros/jazzy/opt/gz_transport_vendor:/opt/ros/jazzy/opt/gz_rendering_vendor:/opt/ros/jazzy/opt/gz_plugin_vendor:/opt/ros/jazzy/opt/gz_fuel_tools_vendor:/opt/ros/jazzy/opt/gz_msgs_vendor:/opt/ros/jazzy/opt/gz_common_vendor:/opt/ros/jazzy/opt/gz_math_vendor:/opt/ros/jazzy/opt/gz_utils_vendor:/opt/ros/jazzy/opt/gz_tools_vendor:/opt/ros/jazzy/opt/gz_ogre_next_vendor:/opt/ros/jazzy/opt/gz_dartsim_vendor:/opt/ros/jazzy/opt/gz_cmake_vendor:/opt/ros/jazzy DEBUGINFOD_URLS=https://debuginfod.ubuntu.com /usr/bin/cmake --install /home/tdp378/ros2_ws/build/jax_bringup
[1.345s] Level 1:colcon.colcon_core.environment:checking '/home/tdp378/ros2_ws/install/jax_bringup' for CMake config files
[1.345s] Level 1:colcon.colcon_core.shell:create_environment_hook('jax_bringup', 'cmake_prefix_path')
[1.346s] INFO:colcon.colcon_core.shell:Creating environment descriptor '/home/tdp378/ros2_ws/install/jax_bringup/share/jax_bringup/hook/cmake_prefix_path.dsv'
[1.346s] INFO:colcon.colcon_core.shell:Creating environment hook '/home/tdp378/ros2_ws/install/jax_bringup/share/jax_bringup/hook/cmake_prefix_path.sh'
[1.346s] Level 1:colcon.colcon_core.environment:checking '/home/tdp378/ros2_ws/install/jax_bringup/bin'
[1.346s] Level 1:colcon.colcon_core.environment:checking '/home/tdp378/ros2_ws/install/jax_bringup/lib/pkgconfig/jax_bringup.pc'
[1.346s] Level 1:colcon.colcon_core.environment:checking '/home/tdp378/ros2_ws/install/jax_bringup/lib/python3.12/site-packages'
[1.347s] Level 1:colcon.colcon_core.environment:checking '/home/tdp378/ros2_ws/install/jax_bringup/bin'
[1.347s] INFO:colcon.colcon_core.shell:Creating package descriptor '/home/tdp378/ros2_ws/install/jax_bringup/share/jax_bringup/package.dsv'
[1.347s] INFO:colcon.colcon_core.shell:Creating package script '/home/tdp378/ros2_ws/install/jax_bringup/share/jax_bringup/package.sh'
[1.347s] INFO:colcon.colcon_core.shell:Creating package script '/home/tdp378/ros2_ws/install/jax_bringup/share/jax_bringup/package.bash'
[1.347s] INFO:colcon.colcon_core.shell:Creating package script '/home/tdp378/ros2_ws/install/jax_bringup/share/jax_bringup/package.zsh'
[1.348s] Level 1:colcon.colcon_core.environment:create_file_with_runtime_dependencies(/home/tdp378/ros2_ws/install/jax_bringup/share/colcon-core/packages/jax_bringup)
[1.348s] Level 1:colcon.colcon_core.environment:create_environment_scripts_only(jax_bringup)
[1.348s] Level 1:colcon.colcon_core.environment:checking '/home/tdp378/ros2_ws/install/jax_bringup' for CMake module files
[1.348s] Level 1:colcon.colcon_core.environment:checking '/home/tdp378/ros2_ws/install/jax_bringup' for CMake config files
[1.348s] Level 1:colcon.colcon_core.shell:create_environment_hook('jax_bringup', 'cmake_prefix_path')
[1.349s] INFO:colcon.colcon_core.shell:Creating environment descriptor '/home/tdp378/ros2_ws/install/jax_bringup/share/jax_bringup/hook/cmake_prefix_path.dsv'
[1.349s] INFO:colcon.colcon_core.shell:Creating environment hook '/home/tdp378/ros2_ws/install/jax_bringup/share/jax_bringup/hook/cmake_prefix_path.sh'
[1.349s] Level 1:colcon.colcon_core.environment:checking '/home/tdp378/ros2_ws/install/jax_bringup/bin'
[1.349s] Level 1:colcon.colcon_core.environment:checking '/home/tdp378/ros2_ws/install/jax_bringup/lib/pkgconfig/jax_bringup.pc'
[1.349s] Level 1:colcon.colcon_core.environment:checking '/home/tdp378/ros2_ws/install/jax_bringup/lib/python3.12/site-packages'
[1.349s] Level 1:colcon.colcon_core.environment:checking '/home/tdp378/ros2_ws/install/jax_bringup/bin'
[1.350s] INFO:colcon.colcon_core.shell:Creating package descriptor '/home/tdp378/ros2_ws/install/jax_bringup/share/jax_bringup/package.dsv'
[1.350s] INFO:colcon.colcon_core.shell:Creating package script '/home/tdp378/ros2_ws/install/jax_bringup/share/jax_bringup/package.sh'
[1.350s] INFO:colcon.colcon_core.shell:Creating package script '/home/tdp378/ros2_ws/install/jax_bringup/share/jax_bringup/package.bash'
[1.350s] INFO:colcon.colcon_core.shell:Creating package script '/home/tdp378/ros2_ws/install/jax_bringup/share/jax_bringup/package.zsh'
[1.351s] Level 1:colcon.colcon_core.environment:create_file_with_runtime_dependencies(/home/tdp378/ros2_ws/install/jax_bringup/share/colcon-core/packages/jax_bringup)
[1.351s] DEBUG:colcon.colcon_parallel_executor.executor.parallel:closing loop
[1.351s] DEBUG:colcon.colcon_parallel_executor.executor.parallel:loop closed
[1.351s] DEBUG:colcon.colcon_parallel_executor.executor.parallel:run_until_complete finished with '0'
[1.351s] DEBUG:colcon.colcon_core.event_reactor:joining thread
[1.354s] INFO:colcon.colcon_core.plugin_system:Skipping extension 'colcon_notification.desktop_notification.terminal_notifier': Not used on non-Darwin systems
[1.355s] INFO:colcon.colcon_core.plugin_system:Skipping extension 'colcon_notification.desktop_notification.win32': Not used on non-Windows systems
[1.355s] INFO:colcon.colcon_notification.desktop_notification:Sending desktop notification using 'notify2'
[1.362s] DEBUG:colcon.colcon_core.event_reactor:joined thread
[1.363s] INFO:colcon.colcon_core.shell:Creating prefix script '/home/tdp378/ros2_ws/install/local_setup.sh'
[1.363s] INFO:colcon.colcon_core.shell:Creating prefix util module '/home/tdp378/ros2_ws/install/_local_setup_util_sh.py'
[1.364s] INFO:colcon.colcon_core.shell:Creating prefix chain script '/home/tdp378/ros2_ws/install/setup.sh'
[1.365s] INFO:colcon.colcon_core.shell:Creating prefix script '/home/tdp378/ros2_ws/install/local_setup.bash'
[1.365s] INFO:colcon.colcon_core.shell:Creating prefix chain script '/home/tdp378/ros2_ws/install/setup.bash'
[1.367s] INFO:colcon.colcon_core.shell:Creating prefix script '/home/tdp378/ros2_ws/install/local_setup.zsh'
[1.368s] INFO:colcon.colcon_core.shell:Creating prefix chain script '/home/tdp378/ros2_ws/install/setup.zsh'
