-- The C compiler identification is GNU 13.3.0
-- The CXX compiler identification is GNU 13.3.0
-- Detecting C compiler ABI info
-- Detecting C compiler ABI info - done
-- Check for working C compiler: /usr/bin/cc - skipped
-- Detecting C compile features
-- Detecting C compile features - done
-- Detecting CXX compiler ABI info
-- Detecting CXX compiler ABI info - done
-- Check for working CXX compiler: /usr/bin/c++ - skipped
-- Detecting CXX compile features
-- Detecting CXX compile features - done
-- Found ament_cmake: 2.5.5 (/opt/ros/jazzy/share/ament_cmake/cmake)
-- Found Python3: /usr/bin/python3 (found version "3.12.3") found components: Interpreter 
-- Override CMake install command with custom implementation using symlinks instead of copying resources
-- Configuring done (0.5s)
-- Generating done (0.0s)
-- Build files have been written to: /home/tdp378/ros2_ws/build/jax_locomotion
-- Install configuration: ""
-- Execute custom install script
-- Symlinking: /home/tdp378/ros2_ws/install/jax_locomotion/share/jax_locomotion/config/gait/gait.yaml
-- Symlinking: /home/tdp378/ros2_ws/install/jax_locomotion/share/jax_locomotion/config/joints/joints.yaml
-- Symlinking: /home/tdp378/ros2_ws/install/jax_locomotion/share/jax_locomotion/config/links/links.yaml
-- Symlinking: /home/tdp378/ros2_ws/install/jax_locomotion/share/jax_locomotion/config/ros_control/ros_control.yaml
-- Symlinking: /home/tdp378/ros2_ws/install/jax_locomotion/share/ament_index/resource_index/package_run_dependencies/jax_locomotion
-- Symlinking: /home/tdp378/ros2_ws/install/jax_locomotion/share/ament_index/resource_index/parent_prefix_path/jax_locomotion
-- Symlinking: /home/tdp378/ros2_ws/install/jax_locomotion/share/jax_locomotion/environment/ament_prefix_path.sh
-- Symlinking: /home/tdp378/ros2_ws/install/jax_locomotion/share/jax_locomotion/environment/ament_prefix_path.dsv
-- Symlinking: /home/tdp378/ros2_ws/install/jax_locomotion/share/jax_locomotion/environment/path.sh
-- Symlinking: /home/tdp378/ros2_ws/install/jax_locomotion/share/jax_locomotion/environment/path.dsv
-- Symlinking: /home/tdp378/ros2_ws/install/jax_locomotion/share/jax_locomotion/local_setup.bash
-- Symlinking: /home/tdp378/ros2_ws/install/jax_locomotion/share/jax_locomotion/local_setup.sh
-- Symlinking: /home/tdp378/ros2_ws/install/jax_locomotion/share/jax_locomotion/local_setup.zsh
-- Symlinking: /home/tdp378/ros2_ws/install/jax_locomotion/share/jax_locomotion/local_setup.dsv
-- Symlinking: /home/tdp378/ros2_ws/install/jax_locomotion/share/jax_locomotion/package.dsv
-- Symlinking: /home/tdp378/ros2_ws/install/jax_locomotion/share/ament_index/resource_index/packages/jax_locomotion
-- Symlinking: /home/tdp378/ros2_ws/install/jax_locomotion/share/jax_locomotion/cmake/jax_locomotionConfig.cmake
-- Symlinking: /home/tdp378/ros2_ws/install/jax_locomotion/share/jax_locomotion/cmake/jax_locomotionConfig-version.cmake
-- Symlinking: /home/tdp378/ros2_ws/install/jax_locomotion/share/jax_locomotion/package.xml
