[0.009s] Invoking command in '/home/tdp378/ros2_ws/build/jax_locomotion': CMAKE_PREFIX_PATH=/home/tdp378/ros2_ws/install/champ_base:/home/tdp378/ros2_ws/install/champ_msgs:/home/tdp378/ros2_ws/install/champ:/home/tdp378/ros2_ws/install/jax_behaviors:/home/tdp378/ros2_ws/install/jax_bringup:/home/tdp378/ros2_ws/install/jax_locomotion:/home/tdp378/ros2_ws/install/jax_description:/opt/ros/jazzy/opt/gz_sim_vendor:/opt/ros/jazzy/opt/gz_sensors_vendor:/opt/ros/jazzy/opt/gz_physics_vendor:/opt/ros/jazzy/opt/sdformat_vendor:/opt/ros/jazzy/opt/gz_gui_vendor:/opt/ros/jazzy/opt/gz_transport_vendor:/opt/ros/jazzy/opt/gz_rendering_vendor:/opt/ros/jazzy/opt/gz_plugin_vendor:/opt/ros/jazzy/opt/gz_fuel_tools_vendor:/opt/ros/jazzy/opt/gz_msgs_vendor:/opt/ros/jazzy/opt/gz_common_vendor:/opt/ros/jazzy/opt/gz_math_vendor:/opt/ros/jazzy/opt/gz_utils_vendor:/opt/ros/jazzy/opt/gz_tools_vendor:/opt/ros/jazzy/opt/gz_ogre_next_vendor:/opt/ros/jazzy/opt/gz_dartsim_vendor:/opt/ros/jazzy/opt/gz_cmake_vendor:/opt/ros/jazzy DEBUGINFOD_URLS=https://debuginfod.ubuntu.com /usr/bin/cmake /home/tdp378/ros2_ws/src/jax_locomotion -DAMENT_CMAKE_SYMLINK_INSTALL=1 -DCMAKE_INSTALL_PREFIX=/home/tdp378/ros2_ws/install/jax_locomotion
[0.045s] -- The C compiler identification is GNU 13.3.0
[0.089s] -- The CXX compiler identification is GNU 13.3.0
[0.099s] -- Detecting C compiler ABI info
[0.190s] -- Detecting C compiler ABI info - done
[0.195s] -- Check for working C compiler: /usr/bin/cc - skipped
[0.196s] -- Detecting C compile features
[0.196s] -- Detecting C compile features - done
[0.201s] -- Detecting CXX compiler ABI info
[0.266s] -- Detecting CXX compiler ABI info - done
[0.273s] -- Check for working CXX compiler: /usr/bin/c++ - skipped
[0.273s] -- Detecting CXX compile features
[0.273s] -- Detecting CXX compile features - done
[0.276s] -- Found ament_cmake: 2.5.5 (/opt/ros/jazzy/share/ament_cmake/cmake)
[0.375s] -- Found Python3: /usr/bin/python3 (found version "3.12.3") found components: Interpreter 
[0.420s] -- Override CMake install command with custom implementation using symlinks instead of copying resources
[0.504s] -- Configuring done (0.5s)
[0.505s] -- Generating done (0.0s)
[0.506s] -- Build files have been written to: /home/tdp378/ros2_ws/build/jax_locomotion
[0.509s] Invoked command in '/home/tdp378/ros2_ws/build/jax_locomotion' returned '0': CMAKE_PREFIX_PATH=/home/tdp378/ros2_ws/install/champ_base:/home/tdp378/ros2_ws/install/champ_msgs:/home/tdp378/ros2_ws/install/champ:/home/tdp378/ros2_ws/install/jax_behaviors:/home/tdp378/ros2_ws/install/jax_bringup:/home/tdp378/ros2_ws/install/jax_locomotion:/home/tdp378/ros2_ws/install/jax_description:/opt/ros/jazzy/opt/gz_sim_vendor:/opt/ros/jazzy/opt/gz_sensors_vendor:/opt/ros/jazzy/opt/gz_physics_vendor:/opt/ros/jazzy/opt/sdformat_vendor:/opt/ros/jazzy/opt/gz_gui_vendor:/opt/ros/jazzy/opt/gz_transport_vendor:/opt/ros/jazzy/opt/gz_rendering_vendor:/opt/ros/jazzy/opt/gz_plugin_vendor:/opt/ros/jazzy/opt/gz_fuel_tools_vendor:/opt/ros/jazzy/opt/gz_msgs_vendor:/opt/ros/jazzy/opt/gz_common_vendor:/opt/ros/jazzy/opt/gz_math_vendor:/opt/ros/jazzy/opt/gz_utils_vendor:/opt/ros/jazzy/opt/gz_tools_vendor:/opt/ros/jazzy/opt/gz_ogre_next_vendor:/opt/ros/jazzy/opt/gz_dartsim_vendor:/opt/ros/jazzy/opt/gz_cmake_vendor:/opt/ros/jazzy DEBUGINFOD_URLS=https://debuginfod.ubuntu.com /usr/bin/cmake /home/tdp378/ros2_ws/src/jax_locomotion -DAMENT_CMAKE_SYMLINK_INSTALL=1 -DCMAKE_INSTALL_PREFIX=/home/tdp378/ros2_ws/install/jax_locomotion
[0.509s] Invoking command in '/home/tdp378/ros2_ws/build/jax_locomotion': CMAKE_PREFIX_PATH=/home/tdp378/ros2_ws/install/champ_base:/home/tdp378/ros2_ws/install/champ_msgs:/home/tdp378/ros2_ws/install/champ:/home/tdp378/ros2_ws/install/jax_behaviors:/home/tdp378/ros2_ws/install/jax_bringup:/home/tdp378/ros2_ws/install/jax_locomotion:/home/tdp378/ros2_ws/install/jax_description:/opt/ros/jazzy/opt/gz_sim_vendor:/opt/ros/jazzy/opt/gz_sensors_vendor:/opt/ros/jazzy/opt/gz_physics_vendor:/opt/ros/jazzy/opt/sdformat_vendor:/opt/ros/jazzy/opt/gz_gui_vendor:/opt/ros/jazzy/opt/gz_transport_vendor:/opt/ros/jazzy/opt/gz_rendering_vendor:/opt/ros/jazzy/opt/gz_plugin_vendor:/opt/ros/jazzy/opt/gz_fuel_tools_vendor:/opt/ros/jazzy/opt/gz_msgs_vendor:/opt/ros/jazzy/opt/gz_common_vendor:/opt/ros/jazzy/opt/gz_math_vendor:/opt/ros/jazzy/opt/gz_utils_vendor:/opt/ros/jazzy/opt/gz_tools_vendor:/opt/ros/jazzy/opt/gz_ogre_next_vendor:/opt/ros/jazzy/opt/gz_dartsim_vendor:/opt/ros/jazzy/opt/gz_cmake_vendor:/opt/ros/jazzy DEBUGINFOD_URLS=https://debuginfod.ubuntu.com /usr/bin/cmake --build /home/tdp378/ros2_ws/build/jax_locomotion -- -j16 -l16
[0.533s] Invoked command in '/home/tdp378/ros2_ws/build/jax_locomotion' returned '0': CMAKE_PREFIX_PATH=/home/tdp378/ros2_ws/install/champ_base:/home/tdp378/ros2_ws/install/champ_msgs:/home/tdp378/ros2_ws/install/champ:/home/tdp378/ros2_ws/install/jax_behaviors:/home/tdp378/ros2_ws/install/jax_bringup:/home/tdp378/ros2_ws/install/jax_locomotion:/home/tdp378/ros2_ws/install/jax_description:/opt/ros/jazzy/opt/gz_sim_vendor:/opt/ros/jazzy/opt/gz_sensors_vendor:/opt/ros/jazzy/opt/gz_physics_vendor:/opt/ros/jazzy/opt/sdformat_vendor:/opt/ros/jazzy/opt/gz_gui_vendor:/opt/ros/jazzy/opt/gz_transport_vendor:/opt/ros/jazzy/opt/gz_rendering_vendor:/opt/ros/jazzy/opt/gz_plugin_vendor:/opt/ros/jazzy/opt/gz_fuel_tools_vendor:/opt/ros/jazzy/opt/gz_msgs_vendor:/opt/ros/jazzy/opt/gz_common_vendor:/opt/ros/jazzy/opt/gz_math_vendor:/opt/ros/jazzy/opt/gz_utils_vendor:/opt/ros/jazzy/opt/gz_tools_vendor:/opt/ros/jazzy/opt/gz_ogre_next_vendor:/opt/ros/jazzy/opt/gz_dartsim_vendor:/opt/ros/jazzy/opt/gz_cmake_vendor:/opt/ros/jazzy DEBUGINFOD_URLS=https://debuginfod.ubuntu.com /usr/bin/cmake --build /home/tdp378/ros2_ws/build/jax_locomotion -- -j16 -l16
[0.533s] Invoking command in '/home/tdp378/ros2_ws/build/jax_locomotion': CMAKE_PREFIX_PATH=/home/tdp378/ros2_ws/install/champ_base:/home/tdp378/ros2_ws/install/champ_msgs:/home/tdp378/ros2_ws/install/champ:/home/tdp378/ros2_ws/install/jax_behaviors:/home/tdp378/ros2_ws/install/jax_bringup:/home/tdp378/ros2_ws/install/jax_locomotion:/home/tdp378/ros2_ws/install/jax_description:/opt/ros/jazzy/opt/gz_sim_vendor:/opt/ros/jazzy/opt/gz_sensors_vendor:/opt/ros/jazzy/opt/gz_physics_vendor:/opt/ros/jazzy/opt/sdformat_vendor:/opt/ros/jazzy/opt/gz_gui_vendor:/opt/ros/jazzy/opt/gz_transport_vendor:/opt/ros/jazzy/opt/gz_rendering_vendor:/opt/ros/jazzy/opt/gz_plugin_vendor:/opt/ros/jazzy/opt/gz_fuel_tools_vendor:/opt/ros/jazzy/opt/gz_msgs_vendor:/opt/ros/jazzy/opt/gz_common_vendor:/opt/ros/jazzy/opt/gz_math_vendor:/opt/ros/jazzy/opt/gz_utils_vendor:/opt/ros/jazzy/opt/gz_tools_vendor:/opt/ros/jazzy/opt/gz_ogre_next_vendor:/opt/ros/jazzy/opt/gz_dartsim_vendor:/opt/ros/jazzy/opt/gz_cmake_vendor:/opt/ros/jazzy DEBUGINFOD_URLS=https://debuginfod.ubuntu.com /usr/bin/cmake --install /home/tdp378/ros2_ws/build/jax_locomotion
[0.538s] -- Install configuration: ""
[0.538s] -- Execute custom install script
[0.539s] -- Symlinking: /home/tdp378/ros2_ws/install/jax_locomotion/share/jax_locomotion/config/gait/gait.yaml
[0.544s] -- Symlinking: /home/tdp378/ros2_ws/install/jax_locomotion/share/jax_locomotion/config/joints/joints.yaml
[0.549s] -- Symlinking: /home/tdp378/ros2_ws/install/jax_locomotion/share/jax_locomotion/config/links/links.yaml
[0.554s] -- Symlinking: /home/tdp378/ros2_ws/install/jax_locomotion/share/jax_locomotion/config/ros_control/ros_control.yaml
[0.560s] -- Symlinking: /home/tdp378/ros2_ws/install/jax_locomotion/share/ament_index/resource_index/package_run_dependencies/jax_locomotion
[0.565s] -- Symlinking: /home/tdp378/ros2_ws/install/jax_locomotion/share/ament_index/resource_index/parent_prefix_path/jax_locomotion
[0.571s] -- Symlinking: /home/tdp378/ros2_ws/install/jax_locomotion/share/jax_locomotion/environment/ament_prefix_path.sh
[0.579s] -- Symlinking: /home/tdp378/ros2_ws/install/jax_locomotion/share/jax_locomotion/environment/ament_prefix_path.dsv
[0.585s] -- Symlinking: /home/tdp378/ros2_ws/install/jax_locomotion/share/jax_locomotion/environment/path.sh
[0.593s] -- Symlinking: /home/tdp378/ros2_ws/install/jax_locomotion/share/jax_locomotion/environment/path.dsv
[0.604s] -- Symlinking: /home/tdp378/ros2_ws/install/jax_locomotion/share/jax_locomotion/local_setup.bash
[0.611s] -- Symlinking: /home/tdp378/ros2_ws/install/jax_locomotion/share/jax_locomotion/local_setup.sh
[0.623s] -- Symlinking: /home/tdp378/ros2_ws/install/jax_locomotion/share/jax_locomotion/local_setup.zsh
[0.632s] -- Symlinking: /home/tdp378/ros2_ws/install/jax_locomotion/share/jax_locomotion/local_setup.dsv
[0.641s] -- Symlinking: /home/tdp378/ros2_ws/install/jax_locomotion/share/jax_locomotion/package.dsv
[0.650s] -- Symlinking: /home/tdp378/ros2_ws/install/jax_locomotion/share/ament_index/resource_index/packages/jax_locomotion
[0.656s] -- Symlinking: /home/tdp378/ros2_ws/install/jax_locomotion/share/jax_locomotion/cmake/jax_locomotionConfig.cmake
[0.661s] -- Symlinking: /home/tdp378/ros2_ws/install/jax_locomotion/share/jax_locomotion/cmake/jax_locomotionConfig-version.cmake
[0.666s] -- Symlinking: /home/tdp378/ros2_ws/install/jax_locomotion/share/jax_locomotion/package.xml
[0.673s] Invoked command in '/home/tdp378/ros2_ws/build/jax_locomotion' returned '0': CMAKE_PREFIX_PATH=/home/tdp378/ros2_ws/install/champ_base:/home/tdp378/ros2_ws/install/champ_msgs:/home/tdp378/ros2_ws/install/champ:/home/tdp378/ros2_ws/install/jax_behaviors:/home/tdp378/ros2_ws/install/jax_bringup:/home/tdp378/ros2_ws/install/jax_locomotion:/home/tdp378/ros2_ws/install/jax_description:/opt/ros/jazzy/opt/gz_sim_vendor:/opt/ros/jazzy/opt/gz_sensors_vendor:/opt/ros/jazzy/opt/gz_physics_vendor:/opt/ros/jazzy/opt/sdformat_vendor:/opt/ros/jazzy/opt/gz_gui_vendor:/opt/ros/jazzy/opt/gz_transport_vendor:/opt/ros/jazzy/opt/gz_rendering_vendor:/opt/ros/jazzy/opt/gz_plugin_vendor:/opt/ros/jazzy/opt/gz_fuel_tools_vendor:/opt/ros/jazzy/opt/gz_msgs_vendor:/opt/ros/jazzy/opt/gz_common_vendor:/opt/ros/jazzy/opt/gz_math_vendor:/opt/ros/jazzy/opt/gz_utils_vendor:/opt/ros/jazzy/opt/gz_tools_vendor:/opt/ros/jazzy/opt/gz_ogre_next_vendor:/opt/ros/jazzy/opt/gz_dartsim_vendor:/opt/ros/jazzy/opt/gz_cmake_vendor:/opt/ros/jazzy DEBUGINFOD_URLS=https://debuginfod.ubuntu.com /usr/bin/cmake --install /home/tdp378/ros2_ws/build/jax_locomotion
