-- The C compiler identification is GNU 13.3.0
-- The CXX compiler identification is GNU 13.3.0
-- Detecting C compiler ABI info
-- Detecting C compiler ABI info - done
-- Check for working C compiler: /usr/bin/cc - skipped
-- Detecting C compile features
-- Detecting C compile features - done
-- Detecting CXX compiler ABI info
-- Detecting CXX compiler ABI info - done
-- Check for working CXX compiler: /usr/bin/c++ - skipped
-- Detecting CXX compile features
-- Detecting CXX compile features - done
-- Found ament_cmake: 2.5.5 (/opt/ros/jazzy/share/ament_cmake/cmake)
-- Found Python3: /usr/bin/python3 (found version "3.12.3") found components: Interpreter 
-- Override CMake install command with custom implementation using symlinks instead of copying resources
-- Configuring done (0.5s)
-- Generating done (0.0s)
-- Build files have been written to: /home/tdp378/ros2_ws/build/jax_description
-- Install configuration: ""
-- Execute custom install script
-- Symlinking: /home/tdp378/ros2_ws/install/jax_description/share/jax_description/worlds/default.sdf
-- Symlinking: /home/tdp378/ros2_ws/install/jax_description/share/jax_description/meshes/L1_4D_Lidar.dae
-- Symlinking: /home/tdp378/ros2_ws/install/jax_description/share/jax_description/meshes/VLP16_base_1.dae
-- Symlinking: /home/tdp378/ros2_ws/install/jax_description/share/jax_description/meshes/VLP16_base_2.dae
-- Symlinking: /home/tdp378/ros2_ws/install/jax_description/share/jax_description/meshes/VLP16_scan.dae
-- Symlinking: /home/tdp378/ros2_ws/install/jax_description/share/jax_description/meshes/base_link.stl
-- Symlinking: /home/tdp378/ros2_ws/install/jax_description/share/jax_description/meshes/calf.dae
-- Symlinking: /home/tdp378/ros2_ws/install/jax_description/share/jax_description/meshes/calf_mirror.dae
-- Symlinking: /home/tdp378/ros2_ws/install/jax_description/share/jax_description/meshes/foot.dae
-- Symlinking: /home/tdp378/ros2_ws/install/jax_description/share/jax_description/meshes/hip.dae
-- Symlinking: /home/tdp378/ros2_ws/install/jax_description/share/jax_description/meshes/hokuyo.dae
-- Symlinking: /home/tdp378/ros2_ws/install/jax_description/share/jax_description/meshes/lf_foot.stl
-- Symlinking: /home/tdp378/ros2_ws/install/jax_description/share/jax_description/meshes/lf_hip.stl
-- Symlinking: /home/tdp378/ros2_ws/install/jax_description/share/jax_description/meshes/lf_lower_leg.stl
-- Symlinking: /home/tdp378/ros2_ws/install/jax_description/share/jax_description/meshes/lf_upper_leg.stl
-- Symlinking: /home/tdp378/ros2_ws/install/jax_description/share/jax_description/meshes/lh_foot.stl
-- Symlinking: /home/tdp378/ros2_ws/install/jax_description/share/jax_description/meshes/lh_hip.stl
-- Symlinking: /home/tdp378/ros2_ws/install/jax_description/share/jax_description/meshes/lh_lower_leg.stl
-- Symlinking: /home/tdp378/ros2_ws/install/jax_description/share/jax_description/meshes/lh_upper_leg.stl
-- Symlinking: /home/tdp378/ros2_ws/install/jax_description/share/jax_description/meshes/rf_foot.stl
-- Symlinking: /home/tdp378/ros2_ws/install/jax_description/share/jax_description/meshes/rf_hip.stl
-- Symlinking: /home/tdp378/ros2_ws/install/jax_description/share/jax_description/meshes/rf_lower_leg.stl
-- Symlinking: /home/tdp378/ros2_ws/install/jax_description/share/jax_description/meshes/rf_upper_leg.stl
-- Symlinking: /home/tdp378/ros2_ws/install/jax_description/share/jax_description/meshes/rh_foot.stl
-- Symlinking: /home/tdp378/ros2_ws/install/jax_description/share/jax_description/meshes/rh_hip.stl
-- Symlinking: /home/tdp378/ros2_ws/install/jax_description/share/jax_description/meshes/rh_lower_leg.stl
-- Symlinking: /home/tdp378/ros2_ws/install/jax_description/share/jax_description/meshes/rh_upper_leg.stl
-- Symlinking: /home/tdp378/ros2_ws/install/jax_description/share/jax_description/meshes/thigh.dae
-- Symlinking: /home/tdp378/ros2_ws/install/jax_description/share/jax_description/meshes/thigh_mirror.dae
-- Symlinking: /home/tdp378/ros2_ws/install/jax_description/share/jax_description/meshes/trunk.dae
-- Symlinking: /home/tdp378/ros2_ws/install/jax_description/share/jax_description/urdf/const.xacro
-- Symlinking: /home/tdp378/ros2_ws/install/jax_description/share/jax_description/urdf/jax_gazebo.xacro
-- Symlinking: /home/tdp378/ros2_ws/install/jax_description/share/jax_description/urdf/jax_robot.xacro
-- Symlinking: /home/tdp378/ros2_ws/install/jax_description/share/jax_description/urdf/leg.xacro
-- Symlinking: /home/tdp378/ros2_ws/install/jax_description/share/jax_description/urdf/lidar_4D_lidar.xacro
-- Symlinking: /home/tdp378/ros2_ws/install/jax_description/share/jax_description/urdf/materials.xacro
-- Symlinking: /home/tdp378/ros2_ws/install/jax_description/share/jax_description/urdf/realsense_d455.xacro
-- Symlinking: /home/tdp378/ros2_ws/install/jax_description/share/jax_description/urdf/velodyne.xacro
-- Symlinking: /home/tdp378/ros2_ws/install/jax_description/share/ament_index/resource_index/package_run_dependencies/jax_description
-- Symlinking: /home/tdp378/ros2_ws/install/jax_description/share/ament_index/resource_index/parent_prefix_path/jax_description
-- Symlinking: /home/tdp378/ros2_ws/install/jax_description/share/jax_description/environment/ament_prefix_path.sh
-- Symlinking: /home/tdp378/ros2_ws/install/jax_description/share/jax_description/environment/ament_prefix_path.dsv
-- Symlinking: /home/tdp378/ros2_ws/install/jax_description/share/jax_description/environment/path.sh
-- Symlinking: /home/tdp378/ros2_ws/install/jax_description/share/jax_description/environment/path.dsv
-- Symlinking: /home/tdp378/ros2_ws/install/jax_description/share/jax_description/local_setup.bash
-- Symlinking: /home/tdp378/ros2_ws/install/jax_description/share/jax_description/local_setup.sh
-- Symlinking: /home/tdp378/ros2_ws/install/jax_description/share/jax_description/local_setup.zsh
-- Symlinking: /home/tdp378/ros2_ws/install/jax_description/share/jax_description/local_setup.dsv
-- Symlinking: /home/tdp378/ros2_ws/install/jax_description/share/jax_description/package.dsv
-- Symlinking: /home/tdp378/ros2_ws/install/jax_description/share/ament_index/resource_index/packages/jax_description
-- Symlinking: /home/tdp378/ros2_ws/install/jax_description/share/jax_description/cmake/jax_descriptionConfig.cmake
-- Symlinking: /home/tdp378/ros2_ws/install/jax_description/share/jax_description/cmake/jax_descriptionConfig-version.cmake
-- Symlinking: /home/tdp378/ros2_ws/install/jax_description/share/jax_description/package.xml
