[0.010s] Invoking command in '/home/tdp378/ros2_ws/build/jax_bringup': CMAKE_PREFIX_PATH=/home/tdp378/ros2_ws/install/jax_locomotion:/home/tdp378/ros2_ws/install/champ_base:/home/tdp378/ros2_ws/install/jax_description:/home/tdp378/ros2_ws/install/champ_msgs:/home/tdp378/ros2_ws/install/champ:/home/tdp378/ros2_ws/install/jax_teleop:/home/tdp378/ros2_ws/install/jax_bringup:/home/tdp378/ros2_ws/install/jax_behaviors:/opt/ros/jazzy/opt/gz_sim_vendor:/opt/ros/jazzy/opt/gz_sensors_vendor:/opt/ros/jazzy/opt/gz_physics_vendor:/opt/ros/jazzy/opt/sdformat_vendor:/opt/ros/jazzy/opt/gz_gui_vendor:/opt/ros/jazzy/opt/gz_transport_vendor:/opt/ros/jazzy/opt/gz_rendering_vendor:/opt/ros/jazzy/opt/gz_plugin_vendor:/opt/ros/jazzy/opt/gz_fuel_tools_vendor:/opt/ros/jazzy/opt/gz_msgs_vendor:/opt/ros/jazzy/opt/gz_common_vendor:/opt/ros/jazzy/opt/gz_math_vendor:/opt/ros/jazzy/opt/gz_utils_vendor:/opt/ros/jazzy/opt/gz_tools_vendor:/opt/ros/jazzy/opt/gz_ogre_next_vendor:/opt/ros/jazzy/opt/gz_dartsim_vendor:/opt/ros/jazzy/opt/gz_cmake_vendor:/opt/ros/jazzy DEBUGINFOD_URLS=https://debuginfod.ubuntu.com /usr/bin/cmake --build /home/tdp378/ros2_ws/build/jax_bringup -- -j16 -l16
[0.036s] Invoked command in '/home/tdp378/ros2_ws/build/jax_bringup' returned '0': CMAKE_PREFIX_PATH=/home/tdp378/ros2_ws/install/jax_locomotion:/home/tdp378/ros2_ws/install/champ_base:/home/tdp378/ros2_ws/install/jax_description:/home/tdp378/ros2_ws/install/champ_msgs:/home/tdp378/ros2_ws/install/champ:/home/tdp378/ros2_ws/install/jax_teleop:/home/tdp378/ros2_ws/install/jax_bringup:/home/tdp378/ros2_ws/install/jax_behaviors:/opt/ros/jazzy/opt/gz_sim_vendor:/opt/ros/jazzy/opt/gz_sensors_vendor:/opt/ros/jazzy/opt/gz_physics_vendor:/opt/ros/jazzy/opt/sdformat_vendor:/opt/ros/jazzy/opt/gz_gui_vendor:/opt/ros/jazzy/opt/gz_transport_vendor:/opt/ros/jazzy/opt/gz_rendering_vendor:/opt/ros/jazzy/opt/gz_plugin_vendor:/opt/ros/jazzy/opt/gz_fuel_tools_vendor:/opt/ros/jazzy/opt/gz_msgs_vendor:/opt/ros/jazzy/opt/gz_common_vendor:/opt/ros/jazzy/opt/gz_math_vendor:/opt/ros/jazzy/opt/gz_utils_vendor:/opt/ros/jazzy/opt/gz_tools_vendor:/opt/ros/jazzy/opt/gz_ogre_next_vendor:/opt/ros/jazzy/opt/gz_dartsim_vendor:/opt/ros/jazzy/opt/gz_cmake_vendor:/opt/ros/jazzy DEBUGINFOD_URLS=https://debuginfod.ubuntu.com /usr/bin/cmake --build /home/tdp378/ros2_ws/build/jax_bringup -- -j16 -l16
[0.037s] Invoking command in '/home/tdp378/ros2_ws/build/jax_bringup': CMAKE_PREFIX_PATH=/home/tdp378/ros2_ws/install/jax_locomotion:/home/tdp378/ros2_ws/install/champ_base:/home/tdp378/ros2_ws/install/jax_description:/home/tdp378/ros2_ws/install/champ_msgs:/home/tdp378/ros2_ws/install/champ:/home/tdp378/ros2_ws/install/jax_teleop:/home/tdp378/ros2_ws/install/jax_bringup:/home/tdp378/ros2_ws/install/jax_behaviors:/opt/ros/jazzy/opt/gz_sim_vendor:/opt/ros/jazzy/opt/gz_sensors_vendor:/opt/ros/jazzy/opt/gz_physics_vendor:/opt/ros/jazzy/opt/sdformat_vendor:/opt/ros/jazzy/opt/gz_gui_vendor:/opt/ros/jazzy/opt/gz_transport_vendor:/opt/ros/jazzy/opt/gz_rendering_vendor:/opt/ros/jazzy/opt/gz_plugin_vendor:/opt/ros/jazzy/opt/gz_fuel_tools_vendor:/opt/ros/jazzy/opt/gz_msgs_vendor:/opt/ros/jazzy/opt/gz_common_vendor:/opt/ros/jazzy/opt/gz_math_vendor:/opt/ros/jazzy/opt/gz_utils_vendor:/opt/ros/jazzy/opt/gz_tools_vendor:/opt/ros/jazzy/opt/gz_ogre_next_vendor:/opt/ros/jazzy/opt/gz_dartsim_vendor:/opt/ros/jazzy/opt/gz_cmake_vendor:/opt/ros/jazzy DEBUGINFOD_URLS=https://debuginfod.ubuntu.com /usr/bin/cmake --install /home/tdp378/ros2_ws/build/jax_bringup
[0.042s] -- Install configuration: ""
[0.043s] -- Execute custom install script
[0.043s] -- Up-to-date symlink: /home/tdp378/ros2_ws/install/jax_bringup/share/jax_bringup/launch/jax_launch.py
[0.043s] -- Up-to-date symlink: /home/tdp378/ros2_ws/install/jax_bringup/share/jax_bringup/launch/rviz_launch.py
[0.043s] -- Up-to-date symlink: /home/tdp378/ros2_ws/install/jax_bringup/share/jax_bringup/rviz/rviz.rviz
[0.043s] -- Up-to-date symlink: /home/tdp378/ros2_ws/install/jax_bringup/share/ament_index/resource_index/package_run_dependencies/jax_bringup
[0.043s] -- Up-to-date symlink: /home/tdp378/ros2_ws/install/jax_bringup/share/ament_index/resource_index/parent_prefix_path/jax_bringup
[0.044s] -- Up-to-date symlink: /home/tdp378/ros2_ws/install/jax_bringup/share/jax_bringup/environment/ament_prefix_path.sh
[0.044s] -- Up-to-date symlink: /home/tdp378/ros2_ws/install/jax_bringup/share/jax_bringup/environment/ament_prefix_path.dsv
[0.044s] -- Up-to-date symlink: /home/tdp378/ros2_ws/install/jax_bringup/share/jax_bringup/environment/path.sh
[0.044s] -- Up-to-date symlink: /home/tdp378/ros2_ws/install/jax_bringup/share/jax_bringup/environment/path.dsv
[0.044s] -- Up-to-date symlink: /home/tdp378/ros2_ws/install/jax_bringup/share/jax_bringup/local_setup.bash
[0.044s] -- Up-to-date symlink: /home/tdp378/ros2_ws/install/jax_bringup/share/jax_bringup/local_setup.sh
[0.044s] -- Up-to-date symlink: /home/tdp378/ros2_ws/install/jax_bringup/share/jax_bringup/local_setup.zsh
[0.044s] -- Up-to-date symlink: /home/tdp378/ros2_ws/install/jax_bringup/share/jax_bringup/local_setup.dsv
[0.044s] -- Symlinking: /home/tdp378/ros2_ws/install/jax_bringup/share/jax_bringup/package.dsv
[0.051s] -- Up-to-date symlink: /home/tdp378/ros2_ws/install/jax_bringup/share/ament_index/resource_index/packages/jax_bringup
[0.051s] -- Up-to-date symlink: /home/tdp378/ros2_ws/install/jax_bringup/share/jax_bringup/cmake/jax_bringupConfig.cmake
[0.051s] -- Up-to-date symlink: /home/tdp378/ros2_ws/install/jax_bringup/share/jax_bringup/cmake/jax_bringupConfig-version.cmake
[0.051s] -- Up-to-date symlink: /home/tdp378/ros2_ws/install/jax_bringup/share/jax_bringup/package.xml
[0.052s] Invoked command in '/home/tdp378/ros2_ws/build/jax_bringup' returned '0': CMAKE_PREFIX_PATH=/home/tdp378/ros2_ws/install/jax_locomotion:/home/tdp378/ros2_ws/install/champ_base:/home/tdp378/ros2_ws/install/jax_description:/home/tdp378/ros2_ws/install/champ_msgs:/home/tdp378/ros2_ws/install/champ:/home/tdp378/ros2_ws/install/jax_teleop:/home/tdp378/ros2_ws/install/jax_bringup:/home/tdp378/ros2_ws/install/jax_behaviors:/opt/ros/jazzy/opt/gz_sim_vendor:/opt/ros/jazzy/opt/gz_sensors_vendor:/opt/ros/jazzy/opt/gz_physics_vendor:/opt/ros/jazzy/opt/sdformat_vendor:/opt/ros/jazzy/opt/gz_gui_vendor:/opt/ros/jazzy/opt/gz_transport_vendor:/opt/ros/jazzy/opt/gz_rendering_vendor:/opt/ros/jazzy/opt/gz_plugin_vendor:/opt/ros/jazzy/opt/gz_fuel_tools_vendor:/opt/ros/jazzy/opt/gz_msgs_vendor:/opt/ros/jazzy/opt/gz_common_vendor:/opt/ros/jazzy/opt/gz_math_vendor:/opt/ros/jazzy/opt/gz_utils_vendor:/opt/ros/jazzy/opt/gz_tools_vendor:/opt/ros/jazzy/opt/gz_ogre_next_vendor:/opt/ros/jazzy/opt/gz_dartsim_vendor:/opt/ros/jazzy/opt/gz_cmake_vendor:/opt/ros/jazzy DEBUGINFOD_URLS=https://debuginfod.ubuntu.com /usr/bin/cmake --install /home/tdp378/ros2_ws/build/jax_bringup
