[0.029s] Invoking command in '/home/tdp378/ros2_ws/build/jax_locomotion': CMAKE_PREFIX_PATH=/home/tdp378/ros2_ws/install/champ_base:/home/tdp378/ros2_ws/install/champ_msgs:/home/tdp378/ros2_ws/install/champ:/home/tdp378/ros2_ws/install/jax_teleop:/home/tdp378/ros2_ws/install/jax_bringup:/home/tdp378/ros2_ws/install/jax_locomotion:/home/tdp378/ros2_ws/install/jax_description:/home/tdp378/ros2_ws/install/jax_behaviors:/opt/ros/jazzy/opt/gz_sim_vendor:/opt/ros/jazzy/opt/gz_sensors_vendor:/opt/ros/jazzy/opt/gz_physics_vendor:/opt/ros/jazzy/opt/sdformat_vendor:/opt/ros/jazzy/opt/gz_gui_vendor:/opt/ros/jazzy/opt/gz_transport_vendor:/opt/ros/jazzy/opt/gz_rendering_vendor:/opt/ros/jazzy/opt/gz_plugin_vendor:/opt/ros/jazzy/opt/gz_fuel_tools_vendor:/opt/ros/jazzy/opt/gz_msgs_vendor:/opt/ros/jazzy/opt/gz_common_vendor:/opt/ros/jazzy/opt/gz_math_vendor:/opt/ros/jazzy/opt/gz_utils_vendor:/opt/ros/jazzy/opt/gz_tools_vendor:/opt/ros/jazzy/opt/gz_ogre_next_vendor:/opt/ros/jazzy/opt/gz_dartsim_vendor:/opt/ros/jazzy/opt/gz_cmake_vendor:/opt/ros/jazzy DEBUGINFOD_URLS=https://debuginfod.ubuntu.com /usr/bin/cmake --build /home/tdp378/ros2_ws/build/jax_locomotion -- -j16 -l16
[0.056s] Invoked command in '/home/tdp378/ros2_ws/build/jax_locomotion' returned '0': CMAKE_PREFIX_PATH=/home/tdp378/ros2_ws/install/champ_base:/home/tdp378/ros2_ws/install/champ_msgs:/home/tdp378/ros2_ws/install/champ:/home/tdp378/ros2_ws/install/jax_teleop:/home/tdp378/ros2_ws/install/jax_bringup:/home/tdp378/ros2_ws/install/jax_locomotion:/home/tdp378/ros2_ws/install/jax_description:/home/tdp378/ros2_ws/install/jax_behaviors:/opt/ros/jazzy/opt/gz_sim_vendor:/opt/ros/jazzy/opt/gz_sensors_vendor:/opt/ros/jazzy/opt/gz_physics_vendor:/opt/ros/jazzy/opt/sdformat_vendor:/opt/ros/jazzy/opt/gz_gui_vendor:/opt/ros/jazzy/opt/gz_transport_vendor:/opt/ros/jazzy/opt/gz_rendering_vendor:/opt/ros/jazzy/opt/gz_plugin_vendor:/opt/ros/jazzy/opt/gz_fuel_tools_vendor:/opt/ros/jazzy/opt/gz_msgs_vendor:/opt/ros/jazzy/opt/gz_common_vendor:/opt/ros/jazzy/opt/gz_math_vendor:/opt/ros/jazzy/opt/gz_utils_vendor:/opt/ros/jazzy/opt/gz_tools_vendor:/opt/ros/jazzy/opt/gz_ogre_next_vendor:/opt/ros/jazzy/opt/gz_dartsim_vendor:/opt/ros/jazzy/opt/gz_cmake_vendor:/opt/ros/jazzy DEBUGINFOD_URLS=https://debuginfod.ubuntu.com /usr/bin/cmake --build /home/tdp378/ros2_ws/build/jax_locomotion -- -j16 -l16
[0.057s] Invoking command in '/home/tdp378/ros2_ws/build/jax_locomotion': CMAKE_PREFIX_PATH=/home/tdp378/ros2_ws/install/champ_base:/home/tdp378/ros2_ws/install/champ_msgs:/home/tdp378/ros2_ws/install/champ:/home/tdp378/ros2_ws/install/jax_teleop:/home/tdp378/ros2_ws/install/jax_bringup:/home/tdp378/ros2_ws/install/jax_locomotion:/home/tdp378/ros2_ws/install/jax_description:/home/tdp378/ros2_ws/install/jax_behaviors:/opt/ros/jazzy/opt/gz_sim_vendor:/opt/ros/jazzy/opt/gz_sensors_vendor:/opt/ros/jazzy/opt/gz_physics_vendor:/opt/ros/jazzy/opt/sdformat_vendor:/opt/ros/jazzy/opt/gz_gui_vendor:/opt/ros/jazzy/opt/gz_transport_vendor:/opt/ros/jazzy/opt/gz_rendering_vendor:/opt/ros/jazzy/opt/gz_plugin_vendor:/opt/ros/jazzy/opt/gz_fuel_tools_vendor:/opt/ros/jazzy/opt/gz_msgs_vendor:/opt/ros/jazzy/opt/gz_common_vendor:/opt/ros/jazzy/opt/gz_math_vendor:/opt/ros/jazzy/opt/gz_utils_vendor:/opt/ros/jazzy/opt/gz_tools_vendor:/opt/ros/jazzy/opt/gz_ogre_next_vendor:/opt/ros/jazzy/opt/gz_dartsim_vendor:/opt/ros/jazzy/opt/gz_cmake_vendor:/opt/ros/jazzy DEBUGINFOD_URLS=https://debuginfod.ubuntu.com /usr/bin/cmake --install /home/tdp378/ros2_ws/build/jax_locomotion
[0.062s] -- Install configuration: ""
[0.062s] -- Execute custom install script
[0.063s] -- Up-to-date symlink: /home/tdp378/ros2_ws/install/jax_locomotion/share/jax_locomotion/config/gait/gait.yaml
[0.063s] -- Up-to-date symlink: /home/tdp378/ros2_ws/install/jax_locomotion/share/jax_locomotion/config/joints/joints.yaml
[0.063s] -- Up-to-date symlink: /home/tdp378/ros2_ws/install/jax_locomotion/share/jax_locomotion/config/links/links.yaml
[0.063s] -- Symlinking: /home/tdp378/ros2_ws/install/jax_locomotion/share/jax_locomotion/config/motion/motion.yaml
[0.069s] -- Up-to-date symlink: /home/tdp378/ros2_ws/install/jax_locomotion/share/jax_locomotion/config/ros_control/ros_control.yaml
[0.069s] -- Up-to-date symlink: /home/tdp378/ros2_ws/install/jax_locomotion/share/ament_index/resource_index/package_run_dependencies/jax_locomotion
[0.069s] -- Up-to-date symlink: /home/tdp378/ros2_ws/install/jax_locomotion/share/ament_index/resource_index/parent_prefix_path/jax_locomotion
[0.069s] -- Up-to-date symlink: /home/tdp378/ros2_ws/install/jax_locomotion/share/jax_locomotion/environment/ament_prefix_path.sh
[0.069s] -- Up-to-date symlink: /home/tdp378/ros2_ws/install/jax_locomotion/share/jax_locomotion/environment/ament_prefix_path.dsv
[0.069s] -- Up-to-date symlink: /home/tdp378/ros2_ws/install/jax_locomotion/share/jax_locomotion/environment/path.sh
[0.069s] -- Up-to-date symlink: /home/tdp378/ros2_ws/install/jax_locomotion/share/jax_locomotion/environment/path.dsv
[0.069s] -- Up-to-date symlink: /home/tdp378/ros2_ws/install/jax_locomotion/share/jax_locomotion/local_setup.bash
[0.069s] -- Up-to-date symlink: /home/tdp378/ros2_ws/install/jax_locomotion/share/jax_locomotion/local_setup.sh
[0.069s] -- Up-to-date symlink: /home/tdp378/ros2_ws/install/jax_locomotion/share/jax_locomotion/local_setup.zsh
[0.069s] -- Up-to-date symlink: /home/tdp378/ros2_ws/install/jax_locomotion/share/jax_locomotion/local_setup.dsv
[0.069s] -- Symlinking: /home/tdp378/ros2_ws/install/jax_locomotion/share/jax_locomotion/package.dsv
[0.076s] -- Up-to-date symlink: /home/tdp378/ros2_ws/install/jax_locomotion/share/ament_index/resource_index/packages/jax_locomotion
[0.076s] -- Up-to-date symlink: /home/tdp378/ros2_ws/install/jax_locomotion/share/jax_locomotion/cmake/jax_locomotionConfig.cmake
[0.076s] -- Up-to-date symlink: /home/tdp378/ros2_ws/install/jax_locomotion/share/jax_locomotion/cmake/jax_locomotionConfig-version.cmake
[0.076s] -- Up-to-date symlink: /home/tdp378/ros2_ws/install/jax_locomotion/share/jax_locomotion/package.xml
[0.077s] Invoked command in '/home/tdp378/ros2_ws/build/jax_locomotion' returned '0': CMAKE_PREFIX_PATH=/home/tdp378/ros2_ws/install/champ_base:/home/tdp378/ros2_ws/install/champ_msgs:/home/tdp378/ros2_ws/install/champ:/home/tdp378/ros2_ws/install/jax_teleop:/home/tdp378/ros2_ws/install/jax_bringup:/home/tdp378/ros2_ws/install/jax_locomotion:/home/tdp378/ros2_ws/install/jax_description:/home/tdp378/ros2_ws/install/jax_behaviors:/opt/ros/jazzy/opt/gz_sim_vendor:/opt/ros/jazzy/opt/gz_sensors_vendor:/opt/ros/jazzy/opt/gz_physics_vendor:/opt/ros/jazzy/opt/sdformat_vendor:/opt/ros/jazzy/opt/gz_gui_vendor:/opt/ros/jazzy/opt/gz_transport_vendor:/opt/ros/jazzy/opt/gz_rendering_vendor:/opt/ros/jazzy/opt/gz_plugin_vendor:/opt/ros/jazzy/opt/gz_fuel_tools_vendor:/opt/ros/jazzy/opt/gz_msgs_vendor:/opt/ros/jazzy/opt/gz_common_vendor:/opt/ros/jazzy/opt/gz_math_vendor:/opt/ros/jazzy/opt/gz_utils_vendor:/opt/ros/jazzy/opt/gz_tools_vendor:/opt/ros/jazzy/opt/gz_ogre_next_vendor:/opt/ros/jazzy/opt/gz_dartsim_vendor:/opt/ros/jazzy/opt/gz_cmake_vendor:/opt/ros/jazzy DEBUGINFOD_URLS=https://debuginfod.ubuntu.com /usr/bin/cmake --install /home/tdp378/ros2_ws/build/jax_locomotion
