[0.060s] Invoking command in '/home/tdp378/ros2_ws/build/champ_base': CMAKE_PREFIX_PATH=/home/tdp378/ros2_ws/install/champ_msgs:/home/tdp378/ros2_ws/install/champ:/home/tdp378/ros2_ws/install/jax_teleop:/home/tdp378/ros2_ws/install/jax_bringup:/home/tdp378/ros2_ws/install/jax_locomotion:/home/tdp378/ros2_ws/install/jax_description:/home/tdp378/ros2_ws/install/jax_behaviors:/home/tdp378/ros2_ws/install/champ_base:/opt/ros/jazzy/opt/gz_sim_vendor:/opt/ros/jazzy/opt/gz_sensors_vendor:/opt/ros/jazzy/opt/gz_physics_vendor:/opt/ros/jazzy/opt/sdformat_vendor:/opt/ros/jazzy/opt/gz_gui_vendor:/opt/ros/jazzy/opt/gz_transport_vendor:/opt/ros/jazzy/opt/gz_rendering_vendor:/opt/ros/jazzy/opt/gz_plugin_vendor:/opt/ros/jazzy/opt/gz_fuel_tools_vendor:/opt/ros/jazzy/opt/gz_msgs_vendor:/opt/ros/jazzy/opt/gz_common_vendor:/opt/ros/jazzy/opt/gz_math_vendor:/opt/ros/jazzy/opt/gz_utils_vendor:/opt/ros/jazzy/opt/gz_tools_vendor:/opt/ros/jazzy/opt/gz_ogre_next_vendor:/opt/ros/jazzy/opt/gz_dartsim_vendor:/opt/ros/jazzy/opt/gz_cmake_vendor:/opt/ros/jazzy DEBUGINFOD_URLS=https://debuginfod.ubuntu.com LD_LIBRARY_PATH=/home/tdp378/ros2_ws/install/champ_msgs/lib:/home/tdp378/ros2_ws/install/champ_base/lib:/opt/ros/jazzy/opt/gz_sim_vendor/lib:/opt/ros/jazzy/opt/gz_sensors_vendor/lib:/opt/ros/jazzy/opt/gz_physics_vendor/lib:/opt/ros/jazzy/opt/sdformat_vendor/lib:/opt/ros/jazzy/opt/rviz_ogre_vendor/lib:/opt/ros/jazzy/lib/x86_64-linux-gnu:/opt/ros/jazzy/opt/gz_gui_vendor/lib:/opt/ros/jazzy/opt/gz_transport_vendor/lib:/opt/ros/jazzy/opt/gz_rendering_vendor/lib:/opt/ros/jazzy/opt/gz_plugin_vendor/lib:/opt/ros/jazzy/opt/gz_fuel_tools_vendor/lib:/opt/ros/jazzy/opt/gz_msgs_vendor/lib:/opt/ros/jazzy/opt/gz_common_vendor/lib:/opt/ros/jazzy/opt/gz_math_vendor/lib:/opt/ros/jazzy/opt/gz_utils_vendor/lib:/opt/ros/jazzy/opt/gz_tools_vendor/lib:/opt/ros/jazzy/opt/gz_ogre_next_vendor/lib:/opt/ros/jazzy/opt/gz_dartsim_vendor/lib:/opt/ros/jazzy/opt/gz_cmake_vendor/lib:/opt/ros/jazzy/lib /usr/bin/cmake --build /home/tdp378/ros2_ws/build/champ_base -- -j16 -l16
[0.183s] [ 33%] Built target message_relay
[0.183s] [ 33%] Built target quadruped_controller
[0.184s] [ 50%] Built target state_estimation
[0.207s] [ 66%] Built target message_relay_node
[0.216s] [ 83%] Built target quadruped_controller_node
[0.224s] [100%] Built target state_estimation_node
[0.231s] Invoked command in '/home/tdp378/ros2_ws/build/champ_base' returned '0': CMAKE_PREFIX_PATH=/home/tdp378/ros2_ws/install/champ_msgs:/home/tdp378/ros2_ws/install/champ:/home/tdp378/ros2_ws/install/jax_teleop:/home/tdp378/ros2_ws/install/jax_bringup:/home/tdp378/ros2_ws/install/jax_locomotion:/home/tdp378/ros2_ws/install/jax_description:/home/tdp378/ros2_ws/install/jax_behaviors:/home/tdp378/ros2_ws/install/champ_base:/opt/ros/jazzy/opt/gz_sim_vendor:/opt/ros/jazzy/opt/gz_sensors_vendor:/opt/ros/jazzy/opt/gz_physics_vendor:/opt/ros/jazzy/opt/sdformat_vendor:/opt/ros/jazzy/opt/gz_gui_vendor:/opt/ros/jazzy/opt/gz_transport_vendor:/opt/ros/jazzy/opt/gz_rendering_vendor:/opt/ros/jazzy/opt/gz_plugin_vendor:/opt/ros/jazzy/opt/gz_fuel_tools_vendor:/opt/ros/jazzy/opt/gz_msgs_vendor:/opt/ros/jazzy/opt/gz_common_vendor:/opt/ros/jazzy/opt/gz_math_vendor:/opt/ros/jazzy/opt/gz_utils_vendor:/opt/ros/jazzy/opt/gz_tools_vendor:/opt/ros/jazzy/opt/gz_ogre_next_vendor:/opt/ros/jazzy/opt/gz_dartsim_vendor:/opt/ros/jazzy/opt/gz_cmake_vendor:/opt/ros/jazzy DEBUGINFOD_URLS=https://debuginfod.ubuntu.com LD_LIBRARY_PATH=/home/tdp378/ros2_ws/install/champ_msgs/lib:/home/tdp378/ros2_ws/install/champ_base/lib:/opt/ros/jazzy/opt/gz_sim_vendor/lib:/opt/ros/jazzy/opt/gz_sensors_vendor/lib:/opt/ros/jazzy/opt/gz_physics_vendor/lib:/opt/ros/jazzy/opt/sdformat_vendor/lib:/opt/ros/jazzy/opt/rviz_ogre_vendor/lib:/opt/ros/jazzy/lib/x86_64-linux-gnu:/opt/ros/jazzy/opt/gz_gui_vendor/lib:/opt/ros/jazzy/opt/gz_transport_vendor/lib:/opt/ros/jazzy/opt/gz_rendering_vendor/lib:/opt/ros/jazzy/opt/gz_plugin_vendor/lib:/opt/ros/jazzy/opt/gz_fuel_tools_vendor/lib:/opt/ros/jazzy/opt/gz_msgs_vendor/lib:/opt/ros/jazzy/opt/gz_common_vendor/lib:/opt/ros/jazzy/opt/gz_math_vendor/lib:/opt/ros/jazzy/opt/gz_utils_vendor/lib:/opt/ros/jazzy/opt/gz_tools_vendor/lib:/opt/ros/jazzy/opt/gz_ogre_next_vendor/lib:/opt/ros/jazzy/opt/gz_dartsim_vendor/lib:/opt/ros/jazzy/opt/gz_cmake_vendor/lib:/opt/ros/jazzy/lib /usr/bin/cmake --build /home/tdp378/ros2_ws/build/champ_base -- -j16 -l16
[0.232s] Invoking command in '/home/tdp378/ros2_ws/build/champ_base': CMAKE_PREFIX_PATH=/home/tdp378/ros2_ws/install/champ_msgs:/home/tdp378/ros2_ws/install/champ:/home/tdp378/ros2_ws/install/jax_teleop:/home/tdp378/ros2_ws/install/jax_bringup:/home/tdp378/ros2_ws/install/jax_locomotion:/home/tdp378/ros2_ws/install/jax_description:/home/tdp378/ros2_ws/install/jax_behaviors:/home/tdp378/ros2_ws/install/champ_base:/opt/ros/jazzy/opt/gz_sim_vendor:/opt/ros/jazzy/opt/gz_sensors_vendor:/opt/ros/jazzy/opt/gz_physics_vendor:/opt/ros/jazzy/opt/sdformat_vendor:/opt/ros/jazzy/opt/gz_gui_vendor:/opt/ros/jazzy/opt/gz_transport_vendor:/opt/ros/jazzy/opt/gz_rendering_vendor:/opt/ros/jazzy/opt/gz_plugin_vendor:/opt/ros/jazzy/opt/gz_fuel_tools_vendor:/opt/ros/jazzy/opt/gz_msgs_vendor:/opt/ros/jazzy/opt/gz_common_vendor:/opt/ros/jazzy/opt/gz_math_vendor:/opt/ros/jazzy/opt/gz_utils_vendor:/opt/ros/jazzy/opt/gz_tools_vendor:/opt/ros/jazzy/opt/gz_ogre_next_vendor:/opt/ros/jazzy/opt/gz_dartsim_vendor:/opt/ros/jazzy/opt/gz_cmake_vendor:/opt/ros/jazzy DEBUGINFOD_URLS=https://debuginfod.ubuntu.com LD_LIBRARY_PATH=/home/tdp378/ros2_ws/install/champ_msgs/lib:/home/tdp378/ros2_ws/install/champ_base/lib:/opt/ros/jazzy/opt/gz_sim_vendor/lib:/opt/ros/jazzy/opt/gz_sensors_vendor/lib:/opt/ros/jazzy/opt/gz_physics_vendor/lib:/opt/ros/jazzy/opt/sdformat_vendor/lib:/opt/ros/jazzy/opt/rviz_ogre_vendor/lib:/opt/ros/jazzy/lib/x86_64-linux-gnu:/opt/ros/jazzy/opt/gz_gui_vendor/lib:/opt/ros/jazzy/opt/gz_transport_vendor/lib:/opt/ros/jazzy/opt/gz_rendering_vendor/lib:/opt/ros/jazzy/opt/gz_plugin_vendor/lib:/opt/ros/jazzy/opt/gz_fuel_tools_vendor/lib:/opt/ros/jazzy/opt/gz_msgs_vendor/lib:/opt/ros/jazzy/opt/gz_common_vendor/lib:/opt/ros/jazzy/opt/gz_math_vendor/lib:/opt/ros/jazzy/opt/gz_utils_vendor/lib:/opt/ros/jazzy/opt/gz_tools_vendor/lib:/opt/ros/jazzy/opt/gz_ogre_next_vendor/lib:/opt/ros/jazzy/opt/gz_dartsim_vendor/lib:/opt/ros/jazzy/opt/gz_cmake_vendor/lib:/opt/ros/jazzy/lib /usr/bin/cmake --install /home/tdp378/ros2_ws/build/champ_base
[0.237s] -- Install configuration: ""
[0.237s] -- Execute custom install script
[0.237s] -- Up-to-date symlink: /home/tdp378/ros2_ws/install/champ_base/share/champ_base/config/ekf/base_to_footprint.yaml
[0.238s] -- Up-to-date symlink: /home/tdp378/ros2_ws/install/champ_base/share/champ_base/config/ekf/footprint_to_odom.yaml
[0.238s] -- Up-to-date symlink: /home/tdp378/ros2_ws/install/champ_base/share/champ_base/config/velocity_smoother/velocity_smoother.yaml
[0.238s] -- Up-to-date symlink: /home/tdp378/ros2_ws/install/champ_base/lib/libquadruped_controller.so
[0.238s] -- Up-to-date symlink: /home/tdp378/ros2_ws/install/champ_base/bin/quadruped_controller_node
[0.238s] -- Up-to-date symlink: /home/tdp378/ros2_ws/install/champ_base/lib/libmessage_relay.so
[0.238s] -- Up-to-date symlink: /home/tdp378/ros2_ws/install/champ_base/bin/message_relay_node
[0.238s] -- Up-to-date symlink: /home/tdp378/ros2_ws/install/champ_base/lib/libstate_estimation.so
[0.238s] -- Up-to-date symlink: /home/tdp378/ros2_ws/install/champ_base/bin/state_estimation_node
[0.238s] -- Up-to-date symlink: /home/tdp378/ros2_ws/install/champ_base/lib/champ_base/quadruped_controller_node
[0.239s] -- Up-to-date symlink: /home/tdp378/ros2_ws/install/champ_base/lib/champ_base/message_relay_node
[0.239s] -- Up-to-date symlink: /home/tdp378/ros2_ws/install/champ_base/lib/champ_base/state_estimation_node
[0.239s] -- Up-to-date symlink: /home/tdp378/ros2_ws/install/champ_base/share/ament_index/resource_index/package_run_dependencies/champ_base
[0.239s] -- Up-to-date symlink: /home/tdp378/ros2_ws/install/champ_base/share/ament_index/resource_index/parent_prefix_path/champ_base
[0.239s] -- Up-to-date symlink: /home/tdp378/ros2_ws/install/champ_base/share/champ_base/environment/ament_prefix_path.sh
[0.239s] -- Up-to-date symlink: /home/tdp378/ros2_ws/install/champ_base/share/champ_base/environment/ament_prefix_path.dsv
[0.239s] -- Up-to-date symlink: /home/tdp378/ros2_ws/install/champ_base/share/champ_base/environment/path.sh
[0.239s] -- Up-to-date symlink: /home/tdp378/ros2_ws/install/champ_base/share/champ_base/environment/path.dsv
[0.239s] -- Up-to-date symlink: /home/tdp378/ros2_ws/install/champ_base/share/champ_base/local_setup.bash
[0.239s] -- Up-to-date symlink: /home/tdp378/ros2_ws/install/champ_base/share/champ_base/local_setup.sh
[0.239s] -- Up-to-date symlink: /home/tdp378/ros2_ws/install/champ_base/share/champ_base/local_setup.zsh
[0.240s] -- Up-to-date symlink: /home/tdp378/ros2_ws/install/champ_base/share/champ_base/local_setup.dsv
[0.240s] -- Symlinking: /home/tdp378/ros2_ws/install/champ_base/share/champ_base/package.dsv
[0.247s] -- Up-to-date symlink: /home/tdp378/ros2_ws/install/champ_base/share/ament_index/resource_index/packages/champ_base
[0.247s] -- Up-to-date symlink: /home/tdp378/ros2_ws/install/champ_base/share/champ_base/cmake/ament_cmake_export_include_directories-extras.cmake
[0.247s] -- Up-to-date symlink: /home/tdp378/ros2_ws/install/champ_base/share/champ_base/cmake/ament_cmake_export_dependencies-extras.cmake
[0.247s] -- Up-to-date symlink: /home/tdp378/ros2_ws/install/champ_base/share/champ_base/cmake/champ_baseConfig.cmake
[0.247s] -- Up-to-date symlink: /home/tdp378/ros2_ws/install/champ_base/share/champ_base/cmake/champ_baseConfig-version.cmake
[0.247s] -- Up-to-date symlink: /home/tdp378/ros2_ws/install/champ_base/share/champ_base/package.xml
[0.248s] Invoked command in '/home/tdp378/ros2_ws/build/champ_base' returned '0': CMAKE_PREFIX_PATH=/home/tdp378/ros2_ws/install/champ_msgs:/home/tdp378/ros2_ws/install/champ:/home/tdp378/ros2_ws/install/jax_teleop:/home/tdp378/ros2_ws/install/jax_bringup:/home/tdp378/ros2_ws/install/jax_locomotion:/home/tdp378/ros2_ws/install/jax_description:/home/tdp378/ros2_ws/install/jax_behaviors:/home/tdp378/ros2_ws/install/champ_base:/opt/ros/jazzy/opt/gz_sim_vendor:/opt/ros/jazzy/opt/gz_sensors_vendor:/opt/ros/jazzy/opt/gz_physics_vendor:/opt/ros/jazzy/opt/sdformat_vendor:/opt/ros/jazzy/opt/gz_gui_vendor:/opt/ros/jazzy/opt/gz_transport_vendor:/opt/ros/jazzy/opt/gz_rendering_vendor:/opt/ros/jazzy/opt/gz_plugin_vendor:/opt/ros/jazzy/opt/gz_fuel_tools_vendor:/opt/ros/jazzy/opt/gz_msgs_vendor:/opt/ros/jazzy/opt/gz_common_vendor:/opt/ros/jazzy/opt/gz_math_vendor:/opt/ros/jazzy/opt/gz_utils_vendor:/opt/ros/jazzy/opt/gz_tools_vendor:/opt/ros/jazzy/opt/gz_ogre_next_vendor:/opt/ros/jazzy/opt/gz_dartsim_vendor:/opt/ros/jazzy/opt/gz_cmake_vendor:/opt/ros/jazzy DEBUGINFOD_URLS=https://debuginfod.ubuntu.com LD_LIBRARY_PATH=/home/tdp378/ros2_ws/install/champ_msgs/lib:/home/tdp378/ros2_ws/install/champ_base/lib:/opt/ros/jazzy/opt/gz_sim_vendor/lib:/opt/ros/jazzy/opt/gz_sensors_vendor/lib:/opt/ros/jazzy/opt/gz_physics_vendor/lib:/opt/ros/jazzy/opt/sdformat_vendor/lib:/opt/ros/jazzy/opt/rviz_ogre_vendor/lib:/opt/ros/jazzy/lib/x86_64-linux-gnu:/opt/ros/jazzy/opt/gz_gui_vendor/lib:/opt/ros/jazzy/opt/gz_transport_vendor/lib:/opt/ros/jazzy/opt/gz_rendering_vendor/lib:/opt/ros/jazzy/opt/gz_plugin_vendor/lib:/opt/ros/jazzy/opt/gz_fuel_tools_vendor/lib:/opt/ros/jazzy/opt/gz_msgs_vendor/lib:/opt/ros/jazzy/opt/gz_common_vendor/lib:/opt/ros/jazzy/opt/gz_math_vendor/lib:/opt/ros/jazzy/opt/gz_utils_vendor/lib:/opt/ros/jazzy/opt/gz_tools_vendor/lib:/opt/ros/jazzy/opt/gz_ogre_next_vendor/lib:/opt/ros/jazzy/opt/gz_dartsim_vendor/lib:/opt/ros/jazzy/opt/gz_cmake_vendor/lib:/opt/ros/jazzy/lib /usr/bin/cmake --install /home/tdp378/ros2_ws/build/champ_base
