-- Install configuration: ""
-- Execute custom install script
-- Up-to-date symlink: /home/tdp378/ros2_ws/install/jax_description/share/jax_description/worlds/default.sdf
-- Up-to-date symlink: /home/tdp378/ros2_ws/install/jax_description/share/jax_description/meshes/L1_4D_Lidar.dae
-- Up-to-date symlink: /home/tdp378/ros2_ws/install/jax_description/share/jax_description/meshes/VLP16_base_1.dae
-- Up-to-date symlink: /home/tdp378/ros2_ws/install/jax_description/share/jax_description/meshes/VLP16_base_2.dae
-- Up-to-date symlink: /home/tdp378/ros2_ws/install/jax_description/share/jax_description/meshes/VLP16_scan.dae
-- Up-to-date symlink: /home/tdp378/ros2_ws/install/jax_description/share/jax_description/meshes/base_link.stl
-- Up-to-date symlink: /home/tdp378/ros2_ws/install/jax_description/share/jax_description/meshes/calf.dae
-- Up-to-date symlink: /home/tdp378/ros2_ws/install/jax_description/share/jax_description/meshes/calf_mirror.dae
-- Up-to-date symlink: /home/tdp378/ros2_ws/install/jax_description/share/jax_description/meshes/foot.dae
-- Up-to-date symlink: /home/tdp378/ros2_ws/install/jax_description/share/jax_description/meshes/hip.dae
-- Up-to-date symlink: /home/tdp378/ros2_ws/install/jax_description/share/jax_description/meshes/hokuyo.dae
-- Up-to-date symlink: /home/tdp378/ros2_ws/install/jax_description/share/jax_description/meshes/lf_foot.stl
-- Up-to-date symlink: /home/tdp378/ros2_ws/install/jax_description/share/jax_description/meshes/lf_hip.stl
-- Up-to-date symlink: /home/tdp378/ros2_ws/install/jax_description/share/jax_description/meshes/lf_lower_leg.stl
-- Up-to-date symlink: /home/tdp378/ros2_ws/install/jax_description/share/jax_description/meshes/lf_upper_leg.stl
-- Up-to-date symlink: /home/tdp378/ros2_ws/install/jax_description/share/jax_description/meshes/lh_foot.stl
-- Up-to-date symlink: /home/tdp378/ros2_ws/install/jax_description/share/jax_description/meshes/lh_hip.stl
-- Up-to-date symlink: /home/tdp378/ros2_ws/install/jax_description/share/jax_description/meshes/lh_lower_leg.stl
-- Up-to-date symlink: /home/tdp378/ros2_ws/install/jax_description/share/jax_description/meshes/lh_upper_leg.stl
-- Up-to-date symlink: /home/tdp378/ros2_ws/install/jax_description/share/jax_description/meshes/rf_foot.stl
-- Up-to-date symlink: /home/tdp378/ros2_ws/install/jax_description/share/jax_description/meshes/rf_hip.stl
-- Up-to-date symlink: /home/tdp378/ros2_ws/install/jax_description/share/jax_description/meshes/rf_lower_leg.stl
-- Up-to-date symlink: /home/tdp378/ros2_ws/install/jax_description/share/jax_description/meshes/rf_upper_leg.stl
-- Up-to-date symlink: /home/tdp378/ros2_ws/install/jax_description/share/jax_description/meshes/rh_foot.stl
-- Up-to-date symlink: /home/tdp378/ros2_ws/install/jax_description/share/jax_description/meshes/rh_hip.stl
-- Up-to-date symlink: /home/tdp378/ros2_ws/install/jax_description/share/jax_description/meshes/rh_lower_leg.stl
-- Up-to-date symlink: /home/tdp378/ros2_ws/install/jax_description/share/jax_description/meshes/rh_upper_leg.stl
-- Up-to-date symlink: /home/tdp378/ros2_ws/install/jax_description/share/jax_description/meshes/thigh.dae
-- Up-to-date symlink: /home/tdp378/ros2_ws/install/jax_description/share/jax_description/meshes/thigh_mirror.dae
-- Up-to-date symlink: /home/tdp378/ros2_ws/install/jax_description/share/jax_description/meshes/trunk.dae
-- Up-to-date symlink: /home/tdp378/ros2_ws/install/jax_description/share/jax_description/urdf/const.xacro
-- Up-to-date symlink: /home/tdp378/ros2_ws/install/jax_description/share/jax_description/urdf/jax_gazebo.xacro
-- Up-to-date symlink: /home/tdp378/ros2_ws/install/jax_description/share/jax_description/urdf/jax_robot.xacro
-- Up-to-date symlink: /home/tdp378/ros2_ws/install/jax_description/share/jax_description/urdf/leg.xacro
-- Up-to-date symlink: /home/tdp378/ros2_ws/install/jax_description/share/jax_description/urdf/lidar_4D_lidar.xacro
-- Up-to-date symlink: /home/tdp378/ros2_ws/install/jax_description/share/jax_description/urdf/materials.xacro
-- Up-to-date symlink: /home/tdp378/ros2_ws/install/jax_description/share/jax_description/urdf/realsense_d455.xacro
-- Up-to-date symlink: /home/tdp378/ros2_ws/install/jax_description/share/jax_description/urdf/velodyne.xacro
-- Up-to-date symlink: /home/tdp378/ros2_ws/install/jax_description/share/ament_index/resource_index/package_run_dependencies/jax_description
-- Up-to-date symlink: /home/tdp378/ros2_ws/install/jax_description/share/ament_index/resource_index/parent_prefix_path/jax_description
-- Up-to-date symlink: /home/tdp378/ros2_ws/install/jax_description/share/jax_description/environment/ament_prefix_path.sh
-- Up-to-date symlink: /home/tdp378/ros2_ws/install/jax_description/share/jax_description/environment/ament_prefix_path.dsv
-- Up-to-date symlink: /home/tdp378/ros2_ws/install/jax_description/share/jax_description/environment/path.sh
-- Up-to-date symlink: /home/tdp378/ros2_ws/install/jax_description/share/jax_description/environment/path.dsv
-- Up-to-date symlink: /home/tdp378/ros2_ws/install/jax_description/share/jax_description/local_setup.bash
-- Up-to-date symlink: /home/tdp378/ros2_ws/install/jax_description/share/jax_description/local_setup.sh
-- Up-to-date symlink: /home/tdp378/ros2_ws/install/jax_description/share/jax_description/local_setup.zsh
-- Up-to-date symlink: /home/tdp378/ros2_ws/install/jax_description/share/jax_description/local_setup.dsv
-- Symlinking: /home/tdp378/ros2_ws/install/jax_description/share/jax_description/package.dsv
-- Up-to-date symlink: /home/tdp378/ros2_ws/install/jax_description/share/ament_index/resource_index/packages/jax_description
-- Up-to-date symlink: /home/tdp378/ros2_ws/install/jax_description/share/jax_description/cmake/jax_descriptionConfig.cmake
-- Up-to-date symlink: /home/tdp378/ros2_ws/install/jax_description/share/jax_description/cmake/jax_descriptionConfig-version.cmake
-- Up-to-date symlink: /home/tdp378/ros2_ws/install/jax_description/share/jax_description/package.xml
