[0.009s] Invoking command in '/home/tdp378/ros2_ws/build/jax_bringup': CMAKE_PREFIX_PATH=/home/tdp378/ros2_ws/install/jax_locomotion:/home/tdp378/ros2_ws/install/champ_base:/home/tdp378/ros2_ws/install/jax_description:/home/tdp378/ros2_ws/install/champ_msgs:/home/tdp378/ros2_ws/install/champ:/home/tdp378/ros2_ws/install/jax_behaviors:/home/tdp378/ros2_ws/install/jax_bringup:/opt/ros/jazzy/opt/gz_sim_vendor:/opt/ros/jazzy/opt/gz_sensors_vendor:/opt/ros/jazzy/opt/gz_physics_vendor:/opt/ros/jazzy/opt/sdformat_vendor:/opt/ros/jazzy/opt/gz_gui_vendor:/opt/ros/jazzy/opt/gz_transport_vendor:/opt/ros/jazzy/opt/gz_rendering_vendor:/opt/ros/jazzy/opt/gz_plugin_vendor:/opt/ros/jazzy/opt/gz_fuel_tools_vendor:/opt/ros/jazzy/opt/gz_msgs_vendor:/opt/ros/jazzy/opt/gz_common_vendor:/opt/ros/jazzy/opt/gz_math_vendor:/opt/ros/jazzy/opt/gz_utils_vendor:/opt/ros/jazzy/opt/gz_tools_vendor:/opt/ros/jazzy/opt/gz_ogre_next_vendor:/opt/ros/jazzy/opt/gz_dartsim_vendor:/opt/ros/jazzy/opt/gz_cmake_vendor:/opt/ros/jazzy DEBUGINFOD_URLS=https://debuginfod.ubuntu.com /usr/bin/cmake /home/tdp378/ros2_ws/src/jax_bringup -DAMENT_CMAKE_SYMLINK_INSTALL=1 -DCMAKE_INSTALL_PREFIX=/home/tdp378/ros2_ws/install/jax_bringup
[0.047s] -- The C compiler identification is GNU 13.3.0
[0.087s] -- The CXX compiler identification is GNU 13.3.0
[0.097s] -- Detecting C compiler ABI info
[0.170s] -- Detecting C compiler ABI info - done
[0.176s] -- Check for working C compiler: /usr/bin/cc - skipped
[0.176s] -- Detecting C compile features
[0.177s] -- Detecting C compile features - done
[0.184s] -- Detecting CXX compiler ABI info
[0.265s] -- Detecting CXX compiler ABI info - done
[0.272s] -- Check for working CXX compiler: /usr/bin/c++ - skipped
[0.272s] -- Detecting CXX compile features
[0.272s] -- Detecting CXX compile features - done
[0.275s] -- Found ament_cmake: 2.5.5 (/opt/ros/jazzy/share/ament_cmake/cmake)
[0.371s] -- Found Python3: /usr/bin/python3 (found version "3.12.3") found components: Interpreter 
[0.417s] -- Override CMake install command with custom implementation using symlinks instead of copying resources
[0.501s] -- Configuring done (0.5s)
[0.502s] -- Generating done (0.0s)
[0.503s] -- Build files have been written to: /home/tdp378/ros2_ws/build/jax_bringup
[0.506s] Invoked command in '/home/tdp378/ros2_ws/build/jax_bringup' returned '0': CMAKE_PREFIX_PATH=/home/tdp378/ros2_ws/install/jax_locomotion:/home/tdp378/ros2_ws/install/champ_base:/home/tdp378/ros2_ws/install/jax_description:/home/tdp378/ros2_ws/install/champ_msgs:/home/tdp378/ros2_ws/install/champ:/home/tdp378/ros2_ws/install/jax_behaviors:/home/tdp378/ros2_ws/install/jax_bringup:/opt/ros/jazzy/opt/gz_sim_vendor:/opt/ros/jazzy/opt/gz_sensors_vendor:/opt/ros/jazzy/opt/gz_physics_vendor:/opt/ros/jazzy/opt/sdformat_vendor:/opt/ros/jazzy/opt/gz_gui_vendor:/opt/ros/jazzy/opt/gz_transport_vendor:/opt/ros/jazzy/opt/gz_rendering_vendor:/opt/ros/jazzy/opt/gz_plugin_vendor:/opt/ros/jazzy/opt/gz_fuel_tools_vendor:/opt/ros/jazzy/opt/gz_msgs_vendor:/opt/ros/jazzy/opt/gz_common_vendor:/opt/ros/jazzy/opt/gz_math_vendor:/opt/ros/jazzy/opt/gz_utils_vendor:/opt/ros/jazzy/opt/gz_tools_vendor:/opt/ros/jazzy/opt/gz_ogre_next_vendor:/opt/ros/jazzy/opt/gz_dartsim_vendor:/opt/ros/jazzy/opt/gz_cmake_vendor:/opt/ros/jazzy DEBUGINFOD_URLS=https://debuginfod.ubuntu.com /usr/bin/cmake /home/tdp378/ros2_ws/src/jax_bringup -DAMENT_CMAKE_SYMLINK_INSTALL=1 -DCMAKE_INSTALL_PREFIX=/home/tdp378/ros2_ws/install/jax_bringup
[0.506s] Invoking command in '/home/tdp378/ros2_ws/build/jax_bringup': CMAKE_PREFIX_PATH=/home/tdp378/ros2_ws/install/jax_locomotion:/home/tdp378/ros2_ws/install/champ_base:/home/tdp378/ros2_ws/install/jax_description:/home/tdp378/ros2_ws/install/champ_msgs:/home/tdp378/ros2_ws/install/champ:/home/tdp378/ros2_ws/install/jax_behaviors:/home/tdp378/ros2_ws/install/jax_bringup:/opt/ros/jazzy/opt/gz_sim_vendor:/opt/ros/jazzy/opt/gz_sensors_vendor:/opt/ros/jazzy/opt/gz_physics_vendor:/opt/ros/jazzy/opt/sdformat_vendor:/opt/ros/jazzy/opt/gz_gui_vendor:/opt/ros/jazzy/opt/gz_transport_vendor:/opt/ros/jazzy/opt/gz_rendering_vendor:/opt/ros/jazzy/opt/gz_plugin_vendor:/opt/ros/jazzy/opt/gz_fuel_tools_vendor:/opt/ros/jazzy/opt/gz_msgs_vendor:/opt/ros/jazzy/opt/gz_common_vendor:/opt/ros/jazzy/opt/gz_math_vendor:/opt/ros/jazzy/opt/gz_utils_vendor:/opt/ros/jazzy/opt/gz_tools_vendor:/opt/ros/jazzy/opt/gz_ogre_next_vendor:/opt/ros/jazzy/opt/gz_dartsim_vendor:/opt/ros/jazzy/opt/gz_cmake_vendor:/opt/ros/jazzy DEBUGINFOD_URLS=https://debuginfod.ubuntu.com /usr/bin/cmake --build /home/tdp378/ros2_ws/build/jax_bringup -- -j16 -l16
[0.531s] Invoked command in '/home/tdp378/ros2_ws/build/jax_bringup' returned '0': CMAKE_PREFIX_PATH=/home/tdp378/ros2_ws/install/jax_locomotion:/home/tdp378/ros2_ws/install/champ_base:/home/tdp378/ros2_ws/install/jax_description:/home/tdp378/ros2_ws/install/champ_msgs:/home/tdp378/ros2_ws/install/champ:/home/tdp378/ros2_ws/install/jax_behaviors:/home/tdp378/ros2_ws/install/jax_bringup:/opt/ros/jazzy/opt/gz_sim_vendor:/opt/ros/jazzy/opt/gz_sensors_vendor:/opt/ros/jazzy/opt/gz_physics_vendor:/opt/ros/jazzy/opt/sdformat_vendor:/opt/ros/jazzy/opt/gz_gui_vendor:/opt/ros/jazzy/opt/gz_transport_vendor:/opt/ros/jazzy/opt/gz_rendering_vendor:/opt/ros/jazzy/opt/gz_plugin_vendor:/opt/ros/jazzy/opt/gz_fuel_tools_vendor:/opt/ros/jazzy/opt/gz_msgs_vendor:/opt/ros/jazzy/opt/gz_common_vendor:/opt/ros/jazzy/opt/gz_math_vendor:/opt/ros/jazzy/opt/gz_utils_vendor:/opt/ros/jazzy/opt/gz_tools_vendor:/opt/ros/jazzy/opt/gz_ogre_next_vendor:/opt/ros/jazzy/opt/gz_dartsim_vendor:/opt/ros/jazzy/opt/gz_cmake_vendor:/opt/ros/jazzy DEBUGINFOD_URLS=https://debuginfod.ubuntu.com /usr/bin/cmake --build /home/tdp378/ros2_ws/build/jax_bringup -- -j16 -l16
[0.532s] Invoking command in '/home/tdp378/ros2_ws/build/jax_bringup': CMAKE_PREFIX_PATH=/home/tdp378/ros2_ws/install/jax_locomotion:/home/tdp378/ros2_ws/install/champ_base:/home/tdp378/ros2_ws/install/jax_description:/home/tdp378/ros2_ws/install/champ_msgs:/home/tdp378/ros2_ws/install/champ:/home/tdp378/ros2_ws/install/jax_behaviors:/home/tdp378/ros2_ws/install/jax_bringup:/opt/ros/jazzy/opt/gz_sim_vendor:/opt/ros/jazzy/opt/gz_sensors_vendor:/opt/ros/jazzy/opt/gz_physics_vendor:/opt/ros/jazzy/opt/sdformat_vendor:/opt/ros/jazzy/opt/gz_gui_vendor:/opt/ros/jazzy/opt/gz_transport_vendor:/opt/ros/jazzy/opt/gz_rendering_vendor:/opt/ros/jazzy/opt/gz_plugin_vendor:/opt/ros/jazzy/opt/gz_fuel_tools_vendor:/opt/ros/jazzy/opt/gz_msgs_vendor:/opt/ros/jazzy/opt/gz_common_vendor:/opt/ros/jazzy/opt/gz_math_vendor:/opt/ros/jazzy/opt/gz_utils_vendor:/opt/ros/jazzy/opt/gz_tools_vendor:/opt/ros/jazzy/opt/gz_ogre_next_vendor:/opt/ros/jazzy/opt/gz_dartsim_vendor:/opt/ros/jazzy/opt/gz_cmake_vendor:/opt/ros/jazzy DEBUGINFOD_URLS=https://debuginfod.ubuntu.com /usr/bin/cmake --install /home/tdp378/ros2_ws/build/jax_bringup
[0.536s] -- Install configuration: ""
[0.537s] -- Execute custom install script
[0.537s] -- Symlinking: /home/tdp378/ros2_ws/install/jax_bringup/share/jax_bringup/launch/jax_launch.py
[0.543s] -- Symlinking: /home/tdp378/ros2_ws/install/jax_bringup/share/jax_bringup/launch/jax_sim_launch.py
[0.551s] -- Symlinking: /home/tdp378/ros2_ws/install/jax_bringup/share/jax_bringup/launch/rviz_launch.py
[0.559s] -- Symlinking: /home/tdp378/ros2_ws/install/jax_bringup/share/jax_bringup/rviz/rviz.rviz
[0.567s] -- Symlinking: /home/tdp378/ros2_ws/install/jax_bringup/share/ament_index/resource_index/package_run_dependencies/jax_bringup
[0.577s] -- Symlinking: /home/tdp378/ros2_ws/install/jax_bringup/share/ament_index/resource_index/parent_prefix_path/jax_bringup
[0.584s] -- Symlinking: /home/tdp378/ros2_ws/install/jax_bringup/share/jax_bringup/environment/ament_prefix_path.sh
[0.591s] -- Symlinking: /home/tdp378/ros2_ws/install/jax_bringup/share/jax_bringup/environment/ament_prefix_path.dsv
[0.597s] -- Symlinking: /home/tdp378/ros2_ws/install/jax_bringup/share/jax_bringup/environment/path.sh
[0.604s] -- Symlinking: /home/tdp378/ros2_ws/install/jax_bringup/share/jax_bringup/environment/path.dsv
[0.610s] -- Symlinking: /home/tdp378/ros2_ws/install/jax_bringup/share/jax_bringup/local_setup.bash
[0.617s] -- Symlinking: /home/tdp378/ros2_ws/install/jax_bringup/share/jax_bringup/local_setup.sh
[0.622s] -- Symlinking: /home/tdp378/ros2_ws/install/jax_bringup/share/jax_bringup/local_setup.zsh
[0.627s] -- Symlinking: /home/tdp378/ros2_ws/install/jax_bringup/share/jax_bringup/local_setup.dsv
[0.632s] -- Symlinking: /home/tdp378/ros2_ws/install/jax_bringup/share/jax_bringup/package.dsv
[0.637s] -- Symlinking: /home/tdp378/ros2_ws/install/jax_bringup/share/ament_index/resource_index/packages/jax_bringup
[0.643s] -- Symlinking: /home/tdp378/ros2_ws/install/jax_bringup/share/jax_bringup/cmake/jax_bringupConfig.cmake
[0.648s] -- Symlinking: /home/tdp378/ros2_ws/install/jax_bringup/share/jax_bringup/cmake/jax_bringupConfig-version.cmake
[0.654s] -- Symlinking: /home/tdp378/ros2_ws/install/jax_bringup/share/jax_bringup/package.xml
[0.661s] Invoked command in '/home/tdp378/ros2_ws/build/jax_bringup' returned '0': CMAKE_PREFIX_PATH=/home/tdp378/ros2_ws/install/jax_locomotion:/home/tdp378/ros2_ws/install/champ_base:/home/tdp378/ros2_ws/install/jax_description:/home/tdp378/ros2_ws/install/champ_msgs:/home/tdp378/ros2_ws/install/champ:/home/tdp378/ros2_ws/install/jax_behaviors:/home/tdp378/ros2_ws/install/jax_bringup:/opt/ros/jazzy/opt/gz_sim_vendor:/opt/ros/jazzy/opt/gz_sensors_vendor:/opt/ros/jazzy/opt/gz_physics_vendor:/opt/ros/jazzy/opt/sdformat_vendor:/opt/ros/jazzy/opt/gz_gui_vendor:/opt/ros/jazzy/opt/gz_transport_vendor:/opt/ros/jazzy/opt/gz_rendering_vendor:/opt/ros/jazzy/opt/gz_plugin_vendor:/opt/ros/jazzy/opt/gz_fuel_tools_vendor:/opt/ros/jazzy/opt/gz_msgs_vendor:/opt/ros/jazzy/opt/gz_common_vendor:/opt/ros/jazzy/opt/gz_math_vendor:/opt/ros/jazzy/opt/gz_utils_vendor:/opt/ros/jazzy/opt/gz_tools_vendor:/opt/ros/jazzy/opt/gz_ogre_next_vendor:/opt/ros/jazzy/opt/gz_dartsim_vendor:/opt/ros/jazzy/opt/gz_cmake_vendor:/opt/ros/jazzy DEBUGINFOD_URLS=https://debuginfod.ubuntu.com /usr/bin/cmake --install /home/tdp378/ros2_ws/build/jax_bringup
