-- The C compiler identification is GNU 13.3.0
-- The CXX compiler identification is GNU 13.3.0
-- Detecting C compiler ABI info
-- Detecting C compiler ABI info - done
-- Check for working C compiler: /usr/bin/cc - skipped
-- Detecting C compile features
-- Detecting C compile features - done
-- Detecting CXX compiler ABI info
-- Detecting CXX compiler ABI info - done
-- Check for working CXX compiler: /usr/bin/c++ - skipped
-- Detecting CXX compile features
-- Detecting CXX compile features - done
-- Found ament_cmake: 2.5.5 (/opt/ros/jazzy/share/ament_cmake/cmake)
-- Found Python3: /usr/bin/python3 (found version "3.12.3") found components: Interpreter 
-- Override CMake install command with custom implementation using symlinks instead of copying resources
-- Configuring done (0.5s)
-- Generating done (0.0s)
-- Build files have been written to: /home/tdp378/ros2_ws/build/jax_behaviors
-- Install configuration: ""
-- Execute custom install script
-- Symlinking: /home/tdp378/ros2_ws/install/jax_behaviors/lib/jax_behaviors/jax_behavior_node.py
-- Symlinking: /home/tdp378/ros2_ws/install/jax_behaviors/lib/jax_behaviors/jax_mode_manager.py
-- Symlinking: /home/tdp378/ros2_ws/install/jax_behaviors/share/ament_index/resource_index/package_run_dependencies/jax_behaviors
-- Symlinking: /home/tdp378/ros2_ws/install/jax_behaviors/share/ament_index/resource_index/parent_prefix_path/jax_behaviors
-- Symlinking: /home/tdp378/ros2_ws/install/jax_behaviors/share/jax_behaviors/environment/ament_prefix_path.sh
-- Symlinking: /home/tdp378/ros2_ws/install/jax_behaviors/share/jax_behaviors/environment/ament_prefix_path.dsv
-- Symlinking: /home/tdp378/ros2_ws/install/jax_behaviors/share/jax_behaviors/environment/path.sh
-- Symlinking: /home/tdp378/ros2_ws/install/jax_behaviors/share/jax_behaviors/environment/path.dsv
-- Symlinking: /home/tdp378/ros2_ws/install/jax_behaviors/share/jax_behaviors/local_setup.bash
-- Symlinking: /home/tdp378/ros2_ws/install/jax_behaviors/share/jax_behaviors/local_setup.sh
-- Symlinking: /home/tdp378/ros2_ws/install/jax_behaviors/share/jax_behaviors/local_setup.zsh
-- Symlinking: /home/tdp378/ros2_ws/install/jax_behaviors/share/jax_behaviors/local_setup.dsv
-- Symlinking: /home/tdp378/ros2_ws/install/jax_behaviors/share/jax_behaviors/package.dsv
-- Symlinking: /home/tdp378/ros2_ws/install/jax_behaviors/share/ament_index/resource_index/packages/jax_behaviors
-- Symlinking: /home/tdp378/ros2_ws/install/jax_behaviors/share/jax_behaviors/cmake/jax_behaviorsConfig.cmake
-- Symlinking: /home/tdp378/ros2_ws/install/jax_behaviors/share/jax_behaviors/cmake/jax_behaviorsConfig-version.cmake
-- Symlinking: /home/tdp378/ros2_ws/install/jax_behaviors/share/jax_behaviors/package.xml
