[0.008s] Invoking command in '/home/tdp378/ros2_ws/build/jax_behaviors': CMAKE_PREFIX_PATH=${CMAKE_PREFIX_PATH}:/opt/ros/jazzy DEBUGINFOD_URLS=https://debuginfod.ubuntu.com /usr/bin/cmake /home/tdp378/ros2_ws/src/jax_behaviors -DAMENT_CMAKE_SYMLINK_INSTALL=1 -DCMAKE_INSTALL_PREFIX=/home/tdp378/ros2_ws/install/jax_behaviors
[0.045s] -- The C compiler identification is GNU 13.3.0
[0.081s] -- The CXX compiler identification is GNU 13.3.0
[0.091s] -- Detecting C compiler ABI info
[0.145s] -- Detecting C compiler ABI info - done
[0.152s] -- Check for working C compiler: /usr/bin/cc - skipped
[0.152s] -- Detecting C compile features
[0.152s] -- Detecting C compile features - done
[0.158s] -- Detecting CXX compiler ABI info
[0.223s] -- Detecting CXX compiler ABI info - done
[0.230s] -- Check for working CXX compiler: /usr/bin/c++ - skipped
[0.230s] -- Detecting CXX compile features
[0.230s] -- Detecting CXX compile features - done
[0.232s] -- Found ament_cmake: 2.5.5 (/opt/ros/jazzy/share/ament_cmake/cmake)
[0.337s] -- Found Python3: /usr/bin/python3 (found version "3.12.3") found components: Interpreter 
[0.388s] -- Override CMake install command with custom implementation using symlinks instead of copying resources
[0.476s] -- Configuring done (0.5s)
[0.478s] -- Generating done (0.0s)
[0.479s] -- Build files have been written to: /home/tdp378/ros2_ws/build/jax_behaviors
[0.481s] Invoked command in '/home/tdp378/ros2_ws/build/jax_behaviors' returned '0': CMAKE_PREFIX_PATH=${CMAKE_PREFIX_PATH}:/opt/ros/jazzy DEBUGINFOD_URLS=https://debuginfod.ubuntu.com /usr/bin/cmake /home/tdp378/ros2_ws/src/jax_behaviors -DAMENT_CMAKE_SYMLINK_INSTALL=1 -DCMAKE_INSTALL_PREFIX=/home/tdp378/ros2_ws/install/jax_behaviors
[0.483s] Invoking command in '/home/tdp378/ros2_ws/build/jax_behaviors': CMAKE_PREFIX_PATH=${CMAKE_PREFIX_PATH}:/opt/ros/jazzy DEBUGINFOD_URLS=https://debuginfod.ubuntu.com /usr/bin/cmake --build /home/tdp378/ros2_ws/build/jax_behaviors -- -j16 -l16
[0.508s] Invoked command in '/home/tdp378/ros2_ws/build/jax_behaviors' returned '0': CMAKE_PREFIX_PATH=${CMAKE_PREFIX_PATH}:/opt/ros/jazzy DEBUGINFOD_URLS=https://debuginfod.ubuntu.com /usr/bin/cmake --build /home/tdp378/ros2_ws/build/jax_behaviors -- -j16 -l16
[0.514s] Invoking command in '/home/tdp378/ros2_ws/build/jax_behaviors': CMAKE_PREFIX_PATH=${CMAKE_PREFIX_PATH}:/opt/ros/jazzy DEBUGINFOD_URLS=https://debuginfod.ubuntu.com /usr/bin/cmake --install /home/tdp378/ros2_ws/build/jax_behaviors
[0.519s] -- Install configuration: ""
[0.519s] -- Execute custom install script
[0.519s] -- Symlinking: /home/tdp378/ros2_ws/install/jax_behaviors/lib/jax_behaviors/jax_behavior_node.py
[0.526s] -- Symlinking: /home/tdp378/ros2_ws/install/jax_behaviors/lib/jax_behaviors/jax_mode_manager.py
[0.531s] -- Symlinking: /home/tdp378/ros2_ws/install/jax_behaviors/share/ament_index/resource_index/package_run_dependencies/jax_behaviors
[0.537s] -- Symlinking: /home/tdp378/ros2_ws/install/jax_behaviors/share/ament_index/resource_index/parent_prefix_path/jax_behaviors
[0.543s] -- Symlinking: /home/tdp378/ros2_ws/install/jax_behaviors/share/jax_behaviors/environment/ament_prefix_path.sh
[0.549s] -- Symlinking: /home/tdp378/ros2_ws/install/jax_behaviors/share/jax_behaviors/environment/ament_prefix_path.dsv
[0.555s] -- Symlinking: /home/tdp378/ros2_ws/install/jax_behaviors/share/jax_behaviors/environment/path.sh
[0.561s] -- Symlinking: /home/tdp378/ros2_ws/install/jax_behaviors/share/jax_behaviors/environment/path.dsv
[0.567s] -- Symlinking: /home/tdp378/ros2_ws/install/jax_behaviors/share/jax_behaviors/local_setup.bash
[0.573s] -- Symlinking: /home/tdp378/ros2_ws/install/jax_behaviors/share/jax_behaviors/local_setup.sh
[0.578s] -- Symlinking: /home/tdp378/ros2_ws/install/jax_behaviors/share/jax_behaviors/local_setup.zsh
[0.584s] -- Symlinking: /home/tdp378/ros2_ws/install/jax_behaviors/share/jax_behaviors/local_setup.dsv
[0.590s] -- Symlinking: /home/tdp378/ros2_ws/install/jax_behaviors/share/jax_behaviors/package.dsv
[0.597s] -- Symlinking: /home/tdp378/ros2_ws/install/jax_behaviors/share/ament_index/resource_index/packages/jax_behaviors
[0.602s] -- Symlinking: /home/tdp378/ros2_ws/install/jax_behaviors/share/jax_behaviors/cmake/jax_behaviorsConfig.cmake
[0.608s] -- Symlinking: /home/tdp378/ros2_ws/install/jax_behaviors/share/jax_behaviors/cmake/jax_behaviorsConfig-version.cmake
[0.614s] -- Symlinking: /home/tdp378/ros2_ws/install/jax_behaviors/share/jax_behaviors/package.xml
[0.622s] Invoked command in '/home/tdp378/ros2_ws/build/jax_behaviors' returned '0': CMAKE_PREFIX_PATH=${CMAKE_PREFIX_PATH}:/opt/ros/jazzy DEBUGINFOD_URLS=https://debuginfod.ubuntu.com /usr/bin/cmake --install /home/tdp378/ros2_ws/build/jax_behaviors
